[SYS] 2025/11/14 - 16:29:16 | initializing token encoders 
[SYS] 2025/11/14 - 16:29:16 | token encoders initialized 
[SYS] 2025/11/14 - 16:29:16 | using MySQL as database 
[SYS] 2025/11/14 - 16:29:16 | database migration started 
[SYS] 2025/11/14 - 16:29:16 | system is already initialized at: 2025-11-13 18:51:02 +0800 CST 
[SYS] 2025/11/14 - 16:29:16 | SYNC_FREQUENCY not set, use default value 60 
[SYS] 2025/11/14 - 16:29:16 | Redis is enabled 
[SYS] 2025/11/14 - 16:29:16 | New API  started 
[SYS] 2025/11/14 - 16:29:16 | memory cache enabled 
[SYS] 2025/11/14 - 16:29:16 | sync frequency: 60 seconds 
[SYS] 2025/11/14 - 16:29:16 | channels synced from database 
[SYS] 2025/11/14 - 16:29:16 | batch update enabled with interval 5s 
[SYS] 2025/11/14 - 16:29:16 | æ­£åœ¨æ›´æ–°æ•°æ®çœ‹æ¿æ•°æ®... 
[SYS] 2025/11/14 - 16:29:16 | ä¿å­˜æ•°æ®çœ‹æ¿æ•°æ®æˆåŠŸï¼Œå…±ä¿å­˜0æ¡æ•°æ® 

  [32mNew API [0m  ready in 100 ms

  âœ  [1mNetwork:[0m http://172.20.0.4:3000/

[SYS] 2025/11/14 - 16:29:31 | ä»»åŠ¡è¿›åº¦è½®è¯¢å¼€å§‹ 
[SYS] 2025/11/14 - 16:29:31 | ä»»åŠ¡è¿›åº¦è½®è¯¢å®Œæˆ 
[GIN] 2025/11/14 - 16:29:46 | 202511141629464869320053FHn8EjH | 200 |        4.02ms |             ::1 |     GET /api/status
[SYS] 2025/11/14 - 16:29:46 | ä»»åŠ¡è¿›åº¦è½®è¯¢å¼€å§‹ 
[SYS] 2025/11/14 - 16:29:46 | ä»»åŠ¡è¿›åº¦è½®è¯¢å®Œæˆ 
[SYS] 2025/11/14 - 16:30:01 | ä»»åŠ¡è¿›åº¦è½®è¯¢å¼€å§‹ 
[SYS] 2025/11/14 - 16:30:01 | ä»»åŠ¡è¿›åº¦è½®è¯¢å®Œæˆ 
[SYS] 2025/11/14 - 16:30:16 | syncing options from database 
[SYS] 2025/11/14 - 16:30:16 | syncing channels from database 
[SYS] 2025/11/14 - 16:30:16 | channels synced from database 
[SYS] 2025/11/14 - 16:30:16 | ä»»åŠ¡è¿›åº¦è½®è¯¢å¼€å§‹ 
[SYS] 2025/11/14 - 16:30:16 | ä»»åŠ¡è¿›åº¦è½®è¯¢å®Œæˆ 
[GIN] 2025/11/14 - 16:30:16 | 20251114163016581140130hTF22bHA | 200 |      826.25Âµs |             ::1 |     GET /api/status
[SYS] 2025/11/14 - 16:30:31 | ä»»åŠ¡è¿›åº¦è½®è¯¢å¼€å§‹ 
[SYS] 2025/11/14 - 16:30:31 | ä»»åŠ¡è¿›åº¦è½®è¯¢å®Œæˆ 
[SYS] 2025/11/14 - 16:30:46 | ä»»åŠ¡è¿›åº¦è½®è¯¢å¼€å§‹ 
[SYS] 2025/11/14 - 16:30:46 | ä»»åŠ¡è¿›åº¦è½®è¯¢å®Œæˆ 
[GIN] 2025/11/14 - 16:30:46 | 202511141630466758026308YtRVtx9 | 200 |    2.537125ms |             ::1 |     GET /api/status
[SYS] 2025/11/14 - 16:31:01 | ä»»åŠ¡è¿›åº¦è½®è¯¢å¼€å§‹ 
[SYS] 2025/11/14 - 16:31:01 | ä»»åŠ¡è¿›åº¦è½®è¯¢å®Œæˆ 
[SYS] 2025/11/14 - 16:31:16 | syncing options from database 
[SYS] 2025/11/14 - 16:31:16 | syncing channels from database 
[SYS] 2025/11/14 - 16:31:16 | channels synced from database 
[SYS] 2025/11/14 - 16:31:16 | ä»»åŠ¡è¿›åº¦è½®è¯¢å¼€å§‹ 
[SYS] 2025/11/14 - 16:31:16 | ä»»åŠ¡è¿›åº¦è½®è¯¢å®Œæˆ 
[GIN] 2025/11/14 - 16:31:16 | 20251114163116789283505H9QssmDa | 200 |     4.61725ms |             ::1 |     GET /api/status
[GIN] 2025/11/14 - 16:31:25 | 20251114163125259077051WMF4eNf2 | 200 |    6.477958ms |    192.168.65.1 |     GET /console/token
[GIN] 2025/11/14 - 16:31:25 | 202511141631256389673845NUQr89f | 401 |   21.589167ms |    192.168.65.1 |     GET /api/user/models
[GIN] 2025/11/14 - 16:31:25 | 20251114163125643754301emE96sMZ | 200 |   29.238834ms |    192.168.65.1 |     GET /api/status
[GIN] 2025/11/14 - 16:31:25 | 20251114163125639543926Ik88N7zl | 401 |   36.127458ms |    192.168.65.1 |     GET /api/user/self
[GIN] 2025/11/14 - 16:31:25 | 20251114163125643555551hQVbKUKd | 401 |   44.957375ms |    192.168.65.1 |     GET /api/token/?p=1&size=10
[GIN] 2025/11/14 - 16:31:25 | 20251114163125644135593giUSUofd | 401 |   45.534458ms |    192.168.65.1 |     GET /api/user/self/groups
[GIN] 2025/11/14 - 16:31:25 | 20251114163125674075259zXUqhTJt | 200 |   17.572916ms |    192.168.65.1 |     GET /login?expired=true
[GIN] 2025/11/14 - 16:31:25 | 20251114163125692331634fXXoFNer | 200 |    3.539084ms |    192.168.65.1 |     GET /login?expired=true
[GIN] 2025/11/14 - 16:31:25 | 20251114163125833963468crSln8vU | 200 |    3.755708ms |    192.168.65.1 |     GET /api/status
[SYS] 2025/11/14 - 16:31:31 | ä»»åŠ¡è¿›åº¦è½®è¯¢å¼€å§‹ 
[SYS] 2025/11/14 - 16:31:31 | ä»»åŠ¡è¿›åº¦è½®è¯¢å®Œæˆ 
[SYS] 2025/11/14 - 16:31:36 | ä¸ºæ–°ç”¨æˆ· è°¢åšæ–‡1 (è§’è‰²: 1) åˆå§‹åŒ–è¾¹æ é…ç½® 
[GIN] 2025/11/14 - 16:31:36 | 20251114163136623342292W4hWFZmR | 200 |  109.709083ms |    192.168.65.1 |    POST /api/user/register?turnstile=
[GIN] 2025/11/14 - 16:31:41 | 20251114163141671388294NzR1LJA1 | 200 |  101.745917ms |    192.168.65.1 |    POST /api/user/login?turnstile=
[GIN] 2025/11/14 - 16:31:41 | 20251114163141798778503r4mkA52V | 200 |    3.754541ms |    192.168.65.1 |     GET /api/user/self
[GIN] 2025/11/14 - 16:31:41 | 20251114163141863716836S4PdUsMJ | 200 |    1.273875ms |    192.168.65.1 |     GET /api/user/self
[GIN] 2025/11/14 - 16:31:41 | 20251114163141906017253c19vYchG | 200 |    2.309417ms |    192.168.65.1 |     GET /api/data/self?start_timestamp=1763022701&end_timestamp=1763112701&default_time=hour
[GIN] 2025/11/14 - 16:31:41 | 20251114163141936991336FGyLbNjc | 200 |     827.459Âµs |    192.168.65.1 |     GET /api/uptime/status
[GIN] 2025/11/14 - 16:31:43 | 20251114163143916591795XGn6iTpD | 200 |   13.585958ms |    192.168.65.1 |     GET /api/user/self/groups
[GIN] 2025/11/14 - 16:31:43 | 20251114163143916914712pmOT7wMS | 200 |   15.045666ms |    192.168.65.1 |     GET /api/token/?p=1&size=10
[GIN] 2025/11/14 - 16:31:43 | 20251114163143917059420h8dhgw5Y | 200 |     15.6775ms |    192.168.65.1 |     GET /api/user/models
[SYS] 2025/11/14 - 16:31:46 | ä»»åŠ¡è¿›åº¦è½®è¯¢å¼€å§‹ 
[SYS] 2025/11/14 - 16:31:46 | ä»»åŠ¡è¿›åº¦è½®è¯¢å®Œæˆ 
[GIN] 2025/11/14 - 16:31:46 | 20251114163146911035380CGKowWiI | 200 |    1.062292ms |             ::1 |     GET /api/status
[GIN] 2025/11/14 - 16:31:47 | 20251114163147860528131oS8MWBMf | 200 |       1.573ms |    192.168.65.1 |     GET /api/user/self/groups
[GIN] 2025/11/14 - 16:31:47 | 202511141631478605002978s0sJrj8 | 200 |    4.187125ms |    192.168.65.1 |     GET /api/user/models
[GIN] 2025/11/14 - 16:31:47 | 20251114163147874334881pin43yF8 | 200 |    2.538375ms |    192.168.65.1 |     GET /api/user/self/groups
[GIN] 2025/11/14 - 16:31:47 | 20251114163147874338756AklRWAhV | 200 |    5.494666ms |    192.168.65.1 |     GET /api/user/models
[GIN] 2025/11/14 - 16:31:48 | 20251114163148786881339StXYT9Nf | 200 |    5.097709ms |    192.168.65.1 |     GET /api/user/self/groups
[GIN] 2025/11/14 - 16:31:48 | 20251114163148787124714gBYtHlTO | 200 |    9.071375ms |    192.168.65.1 |     GET /api/user/models
[GIN] 2025/11/14 - 16:31:48 | 20251114163148787009881S3DxXPq3 | 200 |   10.923166ms |    192.168.65.1 |     GET /api/token/?p=1&size=10
[GIN] 2025/11/14 - 16:31:50 | 202511141631509434019245iMTQtru | 200 |    1.984292ms |    192.168.65.1 |     GET /api/user/logout
[GIN] 2025/11/14 - 16:31:55 | 20251114163154923972801HbO2myx6 | 200 |  103.275834ms |    192.168.65.1 |    POST /api/user/login?turnstile=
[GIN] 2025/11/14 - 16:31:55 | 2025111416315557582259UpLcMVHE | 200 |    1.463875ms |    192.168.65.1 |     GET /api/user/self
[GIN] 2025/11/14 - 16:31:55 | 2025111416315557643926jpZ7SkPg | 200 |    1.628833ms |    192.168.65.1 |     GET /api/data/?username=&start_timestamp=1763022715&end_timestamp=1763112715&default_time=hour
[GIN] 2025/11/14 - 16:31:55 | 2025111416315570999884VHLnFsmZ | 200 |     529.791Âµs |    192.168.65.1 |     GET /api/uptime/status
[GIN] 2025/11/14 - 16:31:56 | 20251114163156145196635MtKvyB6y | 200 |    4.805167ms |    192.168.65.1 |     GET /api/user/self/groups
[GIN] 2025/11/14 - 16:31:56 | 20251114163156145302551iT6Emtgr | 200 |    5.224875ms |    192.168.65.1 |     GET /api/token/?p=1&size=10
[GIN] 2025/11/14 - 16:31:56 | 202511141631561454732186Oga0Zl6 | 200 |   14.261459ms |    192.168.65.1 |     GET /api/user/models
[SYS] 2025/11/14 - 16:32:01 | ä»»åŠ¡è¿›åº¦è½®è¯¢å¼€å§‹ 
[SYS] 2025/11/14 - 16:32:01 | ä»»åŠ¡è¿›åº¦è½®è¯¢å®Œæˆ 
[SYS] 2025/11/14 - 16:32:16 | syncing options from database 
[SYS] 2025/11/14 - 16:32:16 | syncing channels from database 
[SYS] 2025/11/14 - 16:32:16 | channels synced from database 
[SYS] 2025/11/14 - 16:32:16 | ä»»åŠ¡è¿›åº¦è½®è¯¢å¼€å§‹ 
[SYS] 2025/11/14 - 16:32:16 | ä»»åŠ¡è¿›åº¦è½®è¯¢å®Œæˆ 
[GIN] 2025/11/14 - 16:32:17 | 2025111416321716746380LfLgj54t | 200 |    2.310709ms |             ::1 |     GET /api/status
[SYS] 2025/11/14 - 16:32:31 | ä»»åŠ¡è¿›åº¦è½®è¯¢å¼€å§‹ 
[SYS] 2025/11/14 - 16:32:31 | ä»»åŠ¡è¿›åº¦è½®è¯¢å®Œæˆ 
[SYS] 2025/11/14 - 16:32:46 | ä»»åŠ¡è¿›åº¦è½®è¯¢å¼€å§‹ 
[SYS] 2025/11/14 - 16:32:46 | ä»»åŠ¡è¿›åº¦è½®è¯¢å®Œæˆ 
[GIN] 2025/11/14 - 16:32:47 | 2025111416324796028505iazGRKuB | 200 |     615.542Âµs |             ::1 |     GET /api/status
[SYS] 2025/11/14 - 16:33:01 | ä»»åŠ¡è¿›åº¦è½®è¯¢å¼€å§‹ 
[SYS] 2025/11/14 - 16:33:01 | ä»»åŠ¡è¿›åº¦è½®è¯¢å®Œæˆ 
[SYS] 2025/11/14 - 16:33:16 | syncing options from database 
[SYS] 2025/11/14 - 16:33:16 | syncing channels from database 
[SYS] 2025/11/14 - 16:33:16 | channels synced from database 
[SYS] 2025/11/14 - 16:33:16 | ä»»åŠ¡è¿›åº¦è½®è¯¢å¼€å§‹ 
[SYS] 2025/11/14 - 16:33:16 | ä»»åŠ¡è¿›åº¦è½®è¯¢å®Œæˆ 
[GIN] 2025/11/14 - 16:33:17 | 20251114163317183324755LHsehHJp | 200 |    2.877583ms |             ::1 |     GET /api/status
[SYS] 2025/11/14 - 16:33:31 | ä»»åŠ¡è¿›åº¦è½®è¯¢å¼€å§‹ 
[SYS] 2025/11/14 - 16:33:31 | ä»»åŠ¡è¿›åº¦è½®è¯¢å®Œæˆ 
[SYS] 2025/11/14 - 16:33:46 | ä»»åŠ¡è¿›åº¦è½®è¯¢å¼€å§‹ 
[SYS] 2025/11/14 - 16:33:46 | ä»»åŠ¡è¿›åº¦è½®è¯¢å®Œæˆ 
[GIN] 2025/11/14 - 16:33:47 | 20251114163347261700172jLtp1WOJ | 200 |    1.675625ms |             ::1 |     GET /api/status
[SYS] 2025/11/14 - 16:34:01 | ä»»åŠ¡è¿›åº¦è½®è¯¢å¼€å§‹ 
[SYS] 2025/11/14 - 16:34:01 | ä»»åŠ¡è¿›åº¦è½®è¯¢å®Œæˆ 
[SYS] 2025/11/14 - 16:34:16 | æ­£åœ¨æ›´æ–°æ•°æ®çœ‹æ¿æ•°æ®... 
[SYS] 2025/11/14 - 16:34:16 | ä¿å­˜æ•°æ®çœ‹æ¿æ•°æ®æˆåŠŸï¼Œå…±ä¿å­˜0æ¡æ•°æ® 
[SYS] 2025/11/14 - 16:34:16 | syncing options from database 
[SYS] 2025/11/14 - 16:34:16 | syncing channels from database 
[SYS] 2025/11/14 - 16:34:16 | channels synced from database 
[SYS] 2025/11/14 - 16:34:16 | ä»»åŠ¡è¿›åº¦è½®è¯¢å¼€å§‹ 
[SYS] 2025/11/14 - 16:34:16 | ä»»åŠ¡è¿›åº¦è½®è¯¢å®Œæˆ 
[GIN] 2025/11/14 - 16:34:17 | 20251114163417378214630tTY5ZEuZ | 200 |    3.921625ms |             ::1 |     GET /api/status
[SYS] 2025/11/14 - 16:34:31 | ä»»åŠ¡è¿›åº¦è½®è¯¢å¼€å§‹ 
[SYS] 2025/11/14 - 16:34:31 | ä»»åŠ¡è¿›åº¦è½®è¯¢å®Œæˆ 
[SYS] 2025/11/14 - 16:34:46 | ä»»åŠ¡è¿›åº¦è½®è¯¢å¼€å§‹ 
[SYS] 2025/11/14 - 16:34:46 | ä»»åŠ¡è¿›åº¦è½®è¯¢å®Œæˆ 
[GIN] 2025/11/14 - 16:34:47 | 20251114163447592146922PeiKpigA | 200 |    4.569125ms |             ::1 |     GET /api/status
[SYS] 2025/11/14 - 16:35:01 | ä»»åŠ¡è¿›åº¦è½®è¯¢å¼€å§‹ 
[SYS] 2025/11/14 - 16:35:01 | ä»»åŠ¡è¿›åº¦è½®è¯¢å®Œæˆ 
[SYS] 2025/11/14 - 16:35:16 | syncing options from database 
[SYS] 2025/11/14 - 16:35:16 | syncing channels from database 
[SYS] 2025/11/14 - 16:35:16 | channels synced from database 
[SYS] 2025/11/14 - 16:35:16 | ä»»åŠ¡è¿›åº¦è½®è¯¢å¼€å§‹ 
[SYS] 2025/11/14 - 16:35:16 | ä»»åŠ¡è¿›åº¦è½®è¯¢å®Œæˆ 
[GIN] 2025/11/14 - 16:35:17 | 202511141635177019964227Q4XtBdq | 200 |    2.540333ms |             ::1 |     GET /api/status
[SYS] 2025/11/14 - 16:35:31 | ä»»åŠ¡è¿›åº¦è½®è¯¢å¼€å§‹ 
[SYS] 2025/11/14 - 16:35:31 | ä»»åŠ¡è¿›åº¦è½®è¯¢å®Œæˆ 
[SYS] 2025/11/14 - 16:35:46 | ä»»åŠ¡è¿›åº¦è½®è¯¢å¼€å§‹ 
[SYS] 2025/11/14 - 16:35:46 | ä»»åŠ¡è¿›åº¦è½®è¯¢å®Œæˆ 
[GIN] 2025/11/14 - 16:35:47 | 2025111416354777997142231rBSCWn | 200 |    2.717709ms |             ::1 |     GET /api/status
[SYS] 2025/11/14 - 16:36:01 | ä»»åŠ¡è¿›åº¦è½®è¯¢å¼€å§‹ 
[SYS] 2025/11/14 - 16:36:01 | ä»»åŠ¡è¿›åº¦è½®è¯¢å®Œæˆ 
[SYS] 2025/11/14 - 16:36:16 | syncing options from database 
[SYS] 2025/11/14 - 16:36:16 | syncing channels from database 
[SYS] 2025/11/14 - 16:36:16 | channels synced from database 
[SYS] 2025/11/14 - 16:36:16 | ä»»åŠ¡è¿›åº¦è½®è¯¢å¼€å§‹ 
[SYS] 2025/11/14 - 16:36:16 | ä»»åŠ¡è¿›åº¦è½®è¯¢å®Œæˆ 
[GIN] 2025/11/14 - 16:36:17 | 20251114163617861683006cr4uMkj7 | 200 |     2.35475ms |             ::1 |     GET /api/status
[SYS] 2025/11/14 - 16:36:31 | ä»»åŠ¡è¿›åº¦è½®è¯¢å¼€å§‹ 
[SYS] 2025/11/14 - 16:36:32 | ä»»åŠ¡è¿›åº¦è½®è¯¢å®Œæˆ 
[SYS] 2025/11/14 - 16:36:47 | ä»»åŠ¡è¿›åº¦è½®è¯¢å¼€å§‹ 
[SYS] 2025/11/14 - 16:36:47 | ä»»åŠ¡è¿›åº¦è½®è¯¢å®Œæˆ 
[GIN] 2025/11/14 - 16:36:47 | 20251114163647962459756weAuRHpq | 200 |    2.408292ms |             ::1 |     GET /api/status
[SYS] 2025/11/14 - 16:37:02 | ä»»åŠ¡è¿›åº¦è½®è¯¢å¼€å§‹ 
[SYS] 2025/11/14 - 16:37:02 | ä»»åŠ¡è¿›åº¦è½®è¯¢å®Œæˆ 
[SYS] 2025/11/14 - 16:37:16 | syncing options from database 
[SYS] 2025/11/14 - 16:37:16 | syncing channels from database 
[SYS] 2025/11/14 - 16:37:16 | channels synced from database 
[SYS] 2025/11/14 - 16:37:17 | ä»»åŠ¡è¿›åº¦è½®è¯¢å¼€å§‹ 
[SYS] 2025/11/14 - 16:37:17 | ä»»åŠ¡è¿›åº¦è½®è¯¢å®Œæˆ 
[GIN] 2025/11/14 - 16:37:18 | 2025111416371862247922kktMjdww | 200 |        2.25ms |             ::1 |     GET /api/status
[SYS] 2025/11/14 - 16:37:32 | ä»»åŠ¡è¿›åº¦è½®è¯¢å¼€å§‹ 
[SYS] 2025/11/14 - 16:37:32 | ä»»åŠ¡è¿›åº¦è½®è¯¢å®Œæˆ 
[SYS] 2025/11/14 - 16:37:47 | ä»»åŠ¡è¿›åº¦è½®è¯¢å¼€å§‹ 
[SYS] 2025/11/14 - 16:37:47 | ä»»åŠ¡è¿›åº¦è½®è¯¢å®Œæˆ 
[GIN] 2025/11/14 - 16:37:48 | 202511141637481479054645V1oaD8G | 200 |    2.065875ms |             ::1 |     GET /api/status
[SYS] 2025/11/14 - 16:38:02 | ä»»åŠ¡è¿›åº¦è½®è¯¢å¼€å§‹ 
[SYS] 2025/11/14 - 16:38:02 | ä»»åŠ¡è¿›åº¦è½®è¯¢å®Œæˆ 
[SYS] 2025/11/14 - 16:38:16 | syncing options from database 
[SYS] 2025/11/14 - 16:38:16 | syncing channels from database 
[SYS] 2025/11/14 - 16:38:16 | channels synced from database 
[SYS] 2025/11/14 - 16:38:17 | ä»»åŠ¡è¿›åº¦è½®è¯¢å¼€å§‹ 
[SYS] 2025/11/14 - 16:38:17 | ä»»åŠ¡è¿›åº¦è½®è¯¢å®Œæˆ 
[GIN] 2025/11/14 - 16:38:18 | 20251114163818238246006wBuvYQnQ | 200 |    2.180125ms |             ::1 |     GET /api/status
[SYS] 2025/11/14 - 16:38:32 | ä»»åŠ¡è¿›åº¦è½®è¯¢å¼€å§‹ 
[SYS] 2025/11/14 - 16:38:32 | ä»»åŠ¡è¿›åº¦è½®è¯¢å®Œæˆ 
[SYS] 2025/11/14 - 16:38:47 | ä»»åŠ¡è¿›åº¦è½®è¯¢å¼€å§‹ 
[SYS] 2025/11/14 - 16:38:47 | ä»»åŠ¡è¿›åº¦è½®è¯¢å®Œæˆ 
[GIN] 2025/11/14 - 16:38:48 | 20251114163848321436381pIwx0UOS | 200 |     511.208Âµs |             ::1 |     GET /api/status
[SYS] 2025/11/14 - 16:39:02 | ä»»åŠ¡è¿›åº¦è½®è¯¢å¼€å§‹ 
[SYS] 2025/11/14 - 16:39:02 | ä»»åŠ¡è¿›åº¦è½®è¯¢å®Œæˆ 
[SYS] 2025/11/14 - 16:39:16 | æ­£åœ¨æ›´æ–°æ•°æ®çœ‹æ¿æ•°æ®... 
[SYS] 2025/11/14 - 16:39:16 | ä¿å­˜æ•°æ®çœ‹æ¿æ•°æ®æˆåŠŸï¼Œå…±ä¿å­˜0æ¡æ•°æ® 
[SYS] 2025/11/14 - 16:39:16 | syncing options from database 
[SYS] 2025/11/14 - 16:39:16 | syncing channels from database 
[SYS] 2025/11/14 - 16:39:16 | channels synced from database 
[SYS] 2025/11/14 - 16:39:17 | ä»»åŠ¡è¿›åº¦è½®è¯¢å¼€å§‹ 
[SYS] 2025/11/14 - 16:39:17 | ä»»åŠ¡è¿›åº¦è½®è¯¢å®Œæˆ 
[GIN] 2025/11/14 - 16:39:18 | 2025111416391838733150651zUOJ6b | 200 |     613.667Âµs |             ::1 |     GET /api/status
[SYS] 2025/11/14 - 16:39:32 | ä»»åŠ¡è¿›åº¦è½®è¯¢å¼€å§‹ 
[SYS] 2025/11/14 - 16:39:32 | ä»»åŠ¡è¿›åº¦è½®è¯¢å®Œæˆ 
[SYS] 2025/11/14 - 16:39:47 | ä»»åŠ¡è¿›åº¦è½®è¯¢å¼€å§‹ 
[SYS] 2025/11/14 - 16:39:47 | ä»»åŠ¡è¿›åº¦è½®è¯¢å®Œæˆ 
[GIN] 2025/11/14 - 16:39:48 | 20251114163948447974756Sax2U4fJ | 200 |     893.917Âµs |             ::1 |     GET /api/status
[SYS] 2025/11/14 - 16:40:02 | ä»»åŠ¡è¿›åº¦è½®è¯¢å¼€å§‹ 
[SYS] 2025/11/14 - 16:40:02 | ä»»åŠ¡è¿›åº¦è½®è¯¢å®Œæˆ 
[SYS] 2025/11/14 - 16:40:16 | syncing options from database 
[SYS] 2025/11/14 - 16:40:16 | syncing channels from database 
[SYS] 2025/11/14 - 16:40:16 | channels synced from database 
[SYS] 2025/11/14 - 16:40:17 | ä»»åŠ¡è¿›åº¦è½®è¯¢å¼€å§‹ 
[SYS] 2025/11/14 - 16:40:17 | ä»»åŠ¡è¿›åº¦è½®è¯¢å®Œæˆ 
[GIN] 2025/11/14 - 16:40:18 | 202511141640185163368816NnFEpEW | 200 |    1.068458ms |             ::1 |     GET /api/status
[SYS] 2025/11/14 - 16:40:32 | ä»»åŠ¡è¿›åº¦è½®è¯¢å¼€å§‹ 
[SYS] 2025/11/14 - 16:40:32 | ä»»åŠ¡è¿›åº¦è½®è¯¢å®Œæˆ 
[SYS] 2025/11/14 - 16:40:47 | ä»»åŠ¡è¿›åº¦è½®è¯¢å¼€å§‹ 
[SYS] 2025/11/14 - 16:40:47 | ä»»åŠ¡è¿›åº¦è½®è¯¢å®Œæˆ 
[GIN] 2025/11/14 - 16:40:48 | 20251114164048574944714N2PTOTfF | 200 |     614.041Âµs |             ::1 |     GET /api/status
[SYS] 2025/11/14 - 16:41:02 | ä»»åŠ¡è¿›åº¦è½®è¯¢å¼€å§‹ 
[SYS] 2025/11/14 - 16:41:02 | ä»»åŠ¡è¿›åº¦è½®è¯¢å®Œæˆ 
[SYS] 2025/11/14 - 16:41:16 | syncing options from database 
[SYS] 2025/11/14 - 16:41:16 | syncing channels from database 
[SYS] 2025/11/14 - 16:41:16 | channels synced from database 
[SYS] 2025/11/14 - 16:41:17 | ä»»åŠ¡è¿›åº¦è½®è¯¢å¼€å§‹ 
[SYS] 2025/11/14 - 16:41:17 | ä»»åŠ¡è¿›åº¦è½®è¯¢å®Œæˆ 
[GIN] 2025/11/14 - 16:41:18 | 20251114164118667437339iEAGoz4Q | 200 |     952.625Âµs |             ::1 |     GET /api/status
[SYS] 2025/11/14 - 16:41:32 | ä»»åŠ¡è¿›åº¦è½®è¯¢å¼€å§‹ 
[SYS] 2025/11/14 - 16:41:32 | ä»»åŠ¡è¿›åº¦è½®è¯¢å®Œæˆ 
[SYS] 2025/11/14 - 16:41:47 | ä»»åŠ¡è¿›åº¦è½®è¯¢å¼€å§‹ 
[SYS] 2025/11/14 - 16:41:47 | ä»»åŠ¡è¿›åº¦è½®è¯¢å®Œæˆ 
[GIN] 2025/11/14 - 16:41:48 | 20251114164148735484673fJwNhy1f | 200 |    3.243417ms |             ::1 |     GET /api/status
[SYS] 2025/11/14 - 16:42:02 | ä»»åŠ¡è¿›åº¦è½®è¯¢å¼€å§‹ 
[SYS] 2025/11/14 - 16:42:02 | ä»»åŠ¡è¿›åº¦è½®è¯¢å®Œæˆ 
[SYS] 2025/11/14 - 16:42:16 | syncing options from database 
[SYS] 2025/11/14 - 16:42:16 | syncing channels from database 
[SYS] 2025/11/14 - 16:42:16 | channels synced from database 
[SYS] 2025/11/14 - 16:42:17 | ä»»åŠ¡è¿›åº¦è½®è¯¢å¼€å§‹ 
[SYS] 2025/11/14 - 16:42:17 | ä»»åŠ¡è¿›åº¦è½®è¯¢å®Œæˆ 
[GIN] 2025/11/14 - 16:42:18 | 20251114164218895710798uTFg5n5k | 200 |    8.160541ms |             ::1 |     GET /api/status
[SYS] 2025/11/14 - 16:42:32 | ä»»åŠ¡è¿›åº¦è½®è¯¢å¼€å§‹ 
[SYS] 2025/11/14 - 16:42:32 | ä»»åŠ¡è¿›åº¦è½®è¯¢å®Œæˆ 
[SYS] 2025/11/14 - 16:42:47 | ä»»åŠ¡è¿›åº¦è½®è¯¢å¼€å§‹ 
[SYS] 2025/11/14 - 16:42:47 | ä»»åŠ¡è¿›åº¦è½®è¯¢å®Œæˆ 
[GIN] 2025/11/14 - 16:42:49 | 2025111416424922246089TwsClJc5 | 200 |    1.406875ms |             ::1 |     GET /api/status
[SYS] 2025/11/14 - 16:43:02 | ä»»åŠ¡è¿›åº¦è½®è¯¢å¼€å§‹ 
[SYS] 2025/11/14 - 16:43:02 | ä»»åŠ¡è¿›åº¦è½®è¯¢å®Œæˆ 
[SYS] 2025/11/14 - 16:43:16 | syncing options from database 
[SYS] 2025/11/14 - 16:43:16 | syncing channels from database 
[SYS] 2025/11/14 - 16:43:16 | channels synced from database 
[SYS] 2025/11/14 - 16:43:17 | ä»»åŠ¡è¿›åº¦è½®è¯¢å¼€å§‹ 
[SYS] 2025/11/14 - 16:43:17 | ä»»åŠ¡è¿›åº¦è½®è¯¢å®Œæˆ 
[GIN] 2025/11/14 - 16:43:19 | 2025111416431986239381ZgFD8d8Z | 200 |     541.625Âµs |             ::1 |     GET /api/status
[SYS] 2025/11/14 - 16:43:32 | ä»»åŠ¡è¿›åº¦è½®è¯¢å¼€å§‹ 
[SYS] 2025/11/14 - 16:43:32 | ä»»åŠ¡è¿›åº¦è½®è¯¢å®Œæˆ 
[SYS] 2025/11/14 - 16:43:47 | ä»»åŠ¡è¿›åº¦è½®è¯¢å¼€å§‹ 
[SYS] 2025/11/14 - 16:43:47 | ä»»åŠ¡è¿›åº¦è½®è¯¢å®Œæˆ 
[GIN] 2025/11/14 - 16:43:49 | 20251114164349221732798ID3HN3m9 | 200 |      2.2105ms |             ::1 |     GET /api/status
[SYS] 2025/11/14 - 16:44:02 | ä»»åŠ¡è¿›åº¦è½®è¯¢å¼€å§‹ 
[SYS] 2025/11/14 - 16:44:02 | ä»»åŠ¡è¿›åº¦è½®è¯¢å®Œæˆ 
[SYS] 2025/11/14 - 16:44:16 | æ­£åœ¨æ›´æ–°æ•°æ®çœ‹æ¿æ•°æ®... 
[SYS] 2025/11/14 - 16:44:16 | ä¿å­˜æ•°æ®çœ‹æ¿æ•°æ®æˆåŠŸï¼Œå…±ä¿å­˜0æ¡æ•°æ® 
[SYS] 2025/11/14 - 16:44:16 | syncing options from database 
[SYS] 2025/11/14 - 16:44:16 | syncing channels from database 
[SYS] 2025/11/14 - 16:44:16 | channels synced from database 
[SYS] 2025/11/14 - 16:44:17 | ä»»åŠ¡è¿›åº¦è½®è¯¢å¼€å§‹ 
[SYS] 2025/11/14 - 16:44:17 | ä»»åŠ¡è¿›åº¦è½®è¯¢å®Œæˆ 
[GIN] 2025/11/14 - 16:44:19 | 20251114164419298909215Ks3wC7Mr | 200 |     888.458Âµs |             ::1 |     GET /api/status
[SYS] 2025/11/14 - 16:44:32 | ä»»åŠ¡è¿›åº¦è½®è¯¢å¼€å§‹ 
[SYS] 2025/11/14 - 16:44:32 | ä»»åŠ¡è¿›åº¦è½®è¯¢å®Œæˆ 
[SYS] 2025/11/14 - 16:44:47 | ä»»åŠ¡è¿›åº¦è½®è¯¢å¼€å§‹ 
[SYS] 2025/11/14 - 16:44:47 | ä»»åŠ¡è¿›åº¦è½®è¯¢å®Œæˆ 
[GIN] 2025/11/14 - 16:44:49 | 20251114164449422704965bAC7SRVT | 200 |    2.511917ms |             ::1 |     GET /api/status
[SYS] 2025/11/14 - 16:45:02 | ä»»åŠ¡è¿›åº¦è½®è¯¢å¼€å§‹ 
[SYS] 2025/11/14 - 16:45:02 | ä»»åŠ¡è¿›åº¦è½®è¯¢å®Œæˆ 
[SYS] 2025/11/14 - 16:45:16 | syncing options from database 
[SYS] 2025/11/14 - 16:45:16 | syncing channels from database 
[SYS] 2025/11/14 - 16:45:16 | channels synced from database 
[SYS] 2025/11/14 - 16:45:17 | ä»»åŠ¡è¿›åº¦è½®è¯¢å¼€å§‹ 
[SYS] 2025/11/14 - 16:45:17 | ä»»åŠ¡è¿›åº¦è½®è¯¢å®Œæˆ 
[GIN] 2025/11/14 - 16:45:19 | 20251114164519531089756NFcOKW95 | 200 |     1.34425ms |             ::1 |     GET /api/status
[SYS] 2025/11/14 - 16:45:32 | ä»»åŠ¡è¿›åº¦è½®è¯¢å¼€å§‹ 
[SYS] 2025/11/14 - 16:45:32 | ä»»åŠ¡è¿›åº¦è½®è¯¢å®Œæˆ 
[SYS] 2025/11/14 - 16:45:47 | ä»»åŠ¡è¿›åº¦è½®è¯¢å¼€å§‹ 
[SYS] 2025/11/14 - 16:45:47 | ä»»åŠ¡è¿›åº¦è½®è¯¢å®Œæˆ 
[GIN] 2025/11/14 - 16:45:49 | 20251114164549592558465H0FZjrqi | 200 |     874.083Âµs |             ::1 |     GET /api/status
[SYS] 2025/11/14 - 16:46:02 | ä»»åŠ¡è¿›åº¦è½®è¯¢å¼€å§‹ 
[SYS] 2025/11/14 - 16:46:02 | ä»»åŠ¡è¿›åº¦è½®è¯¢å®Œæˆ 
[SYS] 2025/11/14 - 16:46:16 | syncing options from database 
[SYS] 2025/11/14 - 16:46:16 | syncing channels from database 
[SYS] 2025/11/14 - 16:46:16 | channels synced from database 
[SYS] 2025/11/14 - 16:46:17 | ä»»åŠ¡è¿›åº¦è½®è¯¢å¼€å§‹ 
[SYS] 2025/11/14 - 16:46:17 | ä»»åŠ¡è¿›åº¦è½®è¯¢å®Œæˆ 
[GIN] 2025/11/14 - 16:46:19 | 20251114164619660794465TRkjHH8Z | 200 |      654.25Âµs |             ::1 |     GET /api/status
[SYS] 2025/11/14 - 16:46:32 | ä»»åŠ¡è¿›åº¦è½®è¯¢å¼€å§‹ 
[SYS] 2025/11/14 - 16:46:32 | ä»»åŠ¡è¿›åº¦è½®è¯¢å®Œæˆ 
[SYS] 2025/11/14 - 16:46:47 | ä»»åŠ¡è¿›åº¦è½®è¯¢å¼€å§‹ 
[SYS] 2025/11/14 - 16:46:47 | ä»»åŠ¡è¿›åº¦è½®è¯¢å®Œæˆ 
[GIN] 2025/11/14 - 16:46:49 | 202511141646497968556739vjXb6Ie | 200 |    3.424959ms |             ::1 |     GET /api/status
[SYS] 2025/11/14 - 16:47:02 | ä»»åŠ¡è¿›åº¦è½®è¯¢å¼€å§‹ 
[SYS] 2025/11/14 - 16:47:02 | ä»»åŠ¡è¿›åº¦è½®è¯¢å®Œæˆ 
[SYS] 2025/11/14 - 16:47:16 | syncing options from database 
[SYS] 2025/11/14 - 16:47:16 | syncing channels from database 
[SYS] 2025/11/14 - 16:47:16 | channels synced from database 
[SYS] 2025/11/14 - 16:47:17 | ä»»åŠ¡è¿›åº¦è½®è¯¢å¼€å§‹ 
[SYS] 2025/11/14 - 16:47:17 | ä»»åŠ¡è¿›åº¦è½®è¯¢å®Œæˆ 
[GIN] 2025/11/14 - 16:47:19 | 20251114164719892038715hP13rjwP | 200 |    1.157375ms |             ::1 |     GET /api/status
[SYS] 2025/11/14 - 16:47:32 | ä»»åŠ¡è¿›åº¦è½®è¯¢å¼€å§‹ 
[SYS] 2025/11/14 - 16:47:32 | ä»»åŠ¡è¿›åº¦è½®è¯¢å®Œæˆ 
[SYS] 2025/11/14 - 16:47:47 | ä»»åŠ¡è¿›åº¦è½®è¯¢å¼€å§‹ 
[SYS] 2025/11/14 - 16:47:47 | ä»»åŠ¡è¿›åº¦è½®è¯¢å®Œæˆ 
[GIN] 2025/11/14 - 16:47:50 | 202511141647502618007YYhusFoT | 200 |    1.684375ms |             ::1 |     GET /api/status
[SYS] 2025/11/14 - 16:48:02 | ä»»åŠ¡è¿›åº¦è½®è¯¢å¼€å§‹ 
[SYS] 2025/11/14 - 16:48:02 | ä»»åŠ¡è¿›åº¦è½®è¯¢å®Œæˆ 
[SYS] 2025/11/14 - 16:48:16 | syncing options from database 
[SYS] 2025/11/14 - 16:48:16 | syncing channels from database 
[SYS] 2025/11/14 - 16:48:16 | channels synced from database 
[SYS] 2025/11/14 - 16:48:17 | ä»»åŠ¡è¿›åº¦è½®è¯¢å¼€å§‹ 
[SYS] 2025/11/14 - 16:48:17 | ä»»åŠ¡è¿›åº¦è½®è¯¢å®Œæˆ 
[GIN] 2025/11/14 - 16:48:20 | 2025111416482079843007KIUzHn37 | 200 |         590Âµs |             ::1 |     GET /api/status
[SYS] 2025/11/14 - 16:48:32 | ä»»åŠ¡è¿›åº¦è½®è¯¢å¼€å§‹ 
[SYS] 2025/11/14 - 16:48:32 | ä»»åŠ¡è¿›åº¦è½®è¯¢å®Œæˆ 
[SYS] 2025/11/14 - 16:48:47 | ä»»åŠ¡è¿›åº¦è½®è¯¢å¼€å§‹ 
[SYS] 2025/11/14 - 16:48:47 | ä»»åŠ¡è¿›åº¦è½®è¯¢å®Œæˆ 
[GIN] 2025/11/14 - 16:48:50 | 20251114164850173243298eKgMFxWI | 200 |    2.124458ms |             ::1 |     GET /api/status
[SYS] 2025/11/14 - 16:49:02 | ä»»åŠ¡è¿›åº¦è½®è¯¢å¼€å§‹ 
[SYS] 2025/11/14 - 16:49:02 | ä»»åŠ¡è¿›åº¦è½®è¯¢å®Œæˆ 
[SYS] 2025/11/14 - 16:49:16 | æ­£åœ¨æ›´æ–°æ•°æ®çœ‹æ¿æ•°æ®... 
[SYS] 2025/11/14 - 16:49:16 | ä¿å­˜æ•°æ®çœ‹æ¿æ•°æ®æˆåŠŸï¼Œå…±ä¿å­˜0æ¡æ•°æ® 
[SYS] 2025/11/14 - 16:49:16 | syncing options from database 
[SYS] 2025/11/14 - 16:49:16 | syncing channels from database 
[SYS] 2025/11/14 - 16:49:16 | channels synced from database 
[SYS] 2025/11/14 - 16:49:17 | ä»»åŠ¡è¿›åº¦è½®è¯¢å¼€å§‹ 
[SYS] 2025/11/14 - 16:49:17 | ä»»åŠ¡è¿›åº¦è½®è¯¢å®Œæˆ 
[GIN] 2025/11/14 - 16:49:20 | 20251114164920253549423ga2gJmAs | 200 |     920.542Âµs |             ::1 |     GET /api/status
[SYS] 2025/11/14 - 16:49:32 | ä»»åŠ¡è¿›åº¦è½®è¯¢å¼€å§‹ 
[SYS] 2025/11/14 - 16:49:32 | ä»»åŠ¡è¿›åº¦è½®è¯¢å®Œæˆ 
[SYS] 2025/11/14 - 16:49:47 | ä»»åŠ¡è¿›åº¦è½®è¯¢å¼€å§‹ 
[SYS] 2025/11/14 - 16:49:47 | ä»»åŠ¡è¿›åº¦è½®è¯¢å®Œæˆ 
[GIN] 2025/11/14 - 16:49:50 | 20251114164950360563757mPJCXl0S | 200 |    2.570042ms |             ::1 |     GET /api/status
[SYS] 2025/11/14 - 16:50:02 | ä»»åŠ¡è¿›åº¦è½®è¯¢å¼€å§‹ 
[SYS] 2025/11/14 - 16:50:02 | ä»»åŠ¡è¿›åº¦è½®è¯¢å®Œæˆ 
[SYS] 2025/11/14 - 16:50:16 | syncing options from database 
[SYS] 2025/11/14 - 16:50:16 | syncing channels from database 
[SYS] 2025/11/14 - 16:50:16 | channels synced from database 
[SYS] 2025/11/14 - 16:50:17 | ä»»åŠ¡è¿›åº¦è½®è¯¢å¼€å§‹ 
[SYS] 2025/11/14 - 16:50:17 | ä»»åŠ¡è¿›åº¦è½®è¯¢å®Œæˆ 
[GIN] 2025/11/14 - 16:50:20 | 20251114165020429137340iNgdxPBl | 200 |     590.125Âµs |             ::1 |     GET /api/status
[SYS] 2025/11/14 - 16:50:32 | ä»»åŠ¡è¿›åº¦è½®è¯¢å¼€å§‹ 
[SYS] 2025/11/14 - 16:50:32 | ä»»åŠ¡è¿›åº¦è½®è¯¢å®Œæˆ 
[SYS] 2025/11/14 - 16:50:47 | ä»»åŠ¡è¿›åº¦è½®è¯¢å¼€å§‹ 
[SYS] 2025/11/14 - 16:50:47 | ä»»åŠ¡è¿›åº¦è½®è¯¢å®Œæˆ 
[GIN] 2025/11/14 - 16:50:50 | 20251114165050526918298oda3jwSL | 200 |    2.686458ms |             ::1 |     GET /api/status
[SYS] 2025/11/14 - 16:51:02 | ä»»åŠ¡è¿›åº¦è½®è¯¢å¼€å§‹ 
[SYS] 2025/11/14 - 16:51:02 | ä»»åŠ¡è¿›åº¦è½®è¯¢å®Œæˆ 
[SYS] 2025/11/14 - 16:51:16 | syncing options from database 
[SYS] 2025/11/14 - 16:51:16 | syncing channels from database 
[SYS] 2025/11/14 - 16:51:16 | channels synced from database 
[SYS] 2025/11/14 - 16:51:17 | ä»»åŠ¡è¿›åº¦è½®è¯¢å¼€å§‹ 
[SYS] 2025/11/14 - 16:51:17 | ä»»åŠ¡è¿›åº¦è½®è¯¢å®Œæˆ 
[GIN] 2025/11/14 - 16:51:20 | 20251114165120611213382T758vLTm | 200 |     756.208Âµs |             ::1 |     GET /api/status
[SYS] 2025/11/14 - 16:51:32 | ä»»åŠ¡è¿›åº¦è½®è¯¢å¼€å§‹ 
[SYS] 2025/11/14 - 16:51:32 | ä»»åŠ¡è¿›åº¦è½®è¯¢å®Œæˆ 
[SYS] 2025/11/14 - 16:51:47 | ä»»åŠ¡è¿›åº¦è½®è¯¢å¼€å§‹ 
[SYS] 2025/11/14 - 16:51:47 | ä»»åŠ¡è¿›åº¦è½®è¯¢å®Œæˆ 
[GIN] 2025/11/14 - 16:51:50 | 2025111416515068208200734EXu8gp | 200 |         681Âµs |             ::1 |     GET /api/status
[SYS] 2025/11/14 - 16:52:02 | ä»»åŠ¡è¿›åº¦è½®è¯¢å¼€å§‹ 
[SYS] 2025/11/14 - 16:52:03 | ä»»åŠ¡è¿›åº¦è½®è¯¢å®Œæˆ 
[SYS] 2025/11/14 - 16:52:16 | syncing options from database 
[SYS] 2025/11/14 - 16:52:16 | syncing channels from database 
[SYS] 2025/11/14 - 16:52:16 | channels synced from database 
[SYS] 2025/11/14 - 16:52:18 | ä»»åŠ¡è¿›åº¦è½®è¯¢å¼€å§‹ 
[SYS] 2025/11/14 - 16:52:18 | ä»»åŠ¡è¿›åº¦è½®è¯¢å®Œæˆ 
[GIN] 2025/11/14 - 16:52:20 | 20251114165220782736882iVsOaqRv | 200 |    1.912875ms |             ::1 |     GET /api/status
[GIN] 2025/11/14 - 16:52:31 | 20251114165231598822387lR7j4wCS | 200 |   22.374167ms |    192.168.65.1 |     GET /
[GIN] 2025/11/14 - 16:52:31 | 20251114165231973172762FoEJVdZv | 200 |    4.775417ms |    192.168.65.1 |     GET /api/status
[GIN] 2025/11/14 - 16:52:32 | 2025111416523217098471RlnyGB5q | 200 |    7.491041ms |    192.168.65.1 |     GET /api/notice
[GIN] 2025/11/14 - 16:52:32 | 2025111416523218556262QY3Izr1w | 200 |   12.851666ms |    192.168.65.1 |     GET /api/home_page_content
[SYS] 2025/11/14 - 16:52:33 | ä»»åŠ¡è¿›åº¦è½®è¯¢å¼€å§‹ 
[SYS] 2025/11/14 - 16:52:33 | ä»»åŠ¡è¿›åº¦è½®è¯¢å®Œæˆ 
[GIN] 2025/11/14 - 16:52:35 | 20251114165235652907916kuNo0ozf | 200 |   15.394166ms |    192.168.65.1 |     GET /api/user/self
[GIN] 2025/11/14 - 16:52:35 | 202511141652357205123752ths63J0 | 200 |    4.842667ms |    192.168.65.1 |     GET /api/user/self
[GIN] 2025/11/14 - 16:52:35 | 202511141652357212498339UBLFLfa | 200 |   10.174167ms |    192.168.65.1 |     GET /api/data/?username=&start_timestamp=1763023955&end_timestamp=1763113955&default_time=hour
[GIN] 2025/11/14 - 16:52:35 | 20251114165235766099833Vaoo4DjG | 200 |       1.042ms |    192.168.65.1 |     GET /api/uptime/status
[GIN] 2025/11/14 - 16:52:38 | 202511141652381625909189SsoFANf | 200 |    7.348666ms |    192.168.65.1 |     GET /api/group/
[GIN] 2025/11/14 - 16:52:38 | 202511141652381629536261QxgbOXS | 200 |   36.597625ms |    192.168.65.1 |     GET /api/channel/models
[GIN] 2025/11/14 - 16:52:38 | 20251114165238165417334Xs7vdL5W | 200 |   36.730667ms |    192.168.65.1 |     GET /api/user/2fa/status
[GIN] 2025/11/14 - 16:52:38 | 20251114165238173950418NDiRWESb | 200 |   28.717292ms |    192.168.65.1 |     GET /api/models
[GIN] 2025/11/14 - 16:52:38 | 20251114165238166317459lJ18DlKU | 200 |      40.519ms |    192.168.65.1 |     GET /api/user/passkey
[GIN] 2025/11/14 - 16:52:38 | 202511141652381749767932yjsJh5q | 200 |   41.282916ms |    192.168.65.1 |     GET /api/channel/?p=1&page_size=10&id_sort=false&tag_mode=false
[GIN] 2025/11/14 - 16:52:39 | 20251114165239460952876xJxVWxCt | 200 |    6.447167ms |    192.168.65.1 |     GET /api/prefill_group/?type=model
[GIN] 2025/11/14 - 16:52:43 | 20251114165243299236712xg7pSlx7 | 200 |    1.569041ms |    192.168.65.1 |     GET /api/group/
[GIN] 2025/11/14 - 16:52:43 | 20251114165243298760253eS1XMnSV | 200 |   10.546167ms |    192.168.65.1 |     GET /api/channel/models
[GIN] 2025/11/14 - 16:52:43 | 20251114165243298809837oidOEQ5H | 200 |   13.176833ms |    192.168.65.1 |     GET /api/channel/1
[GIN] 2025/11/14 - 16:52:43 | 202511141652433190600035rxDPuRT | 200 |    1.955792ms |    192.168.65.1 |     GET /api/prefill_group/?type=model
[SYS] 2025/11/14 - 16:52:48 | ä»»åŠ¡è¿›åº¦è½®è¯¢å¼€å§‹ 
[SYS] 2025/11/14 - 16:52:48 | ä»»åŠ¡è¿›åº¦è½®è¯¢å®Œæˆ 
[GIN] 2025/11/14 - 16:52:50 | 20251114165250867246549r7pibmQc | 200 |     419.083Âµs |             ::1 |     GET /api/status
[SYS] 2025/11/14 - 16:52:58 | channels synced from database 
[GIN] 2025/11/14 - 16:52:58 | 2025111416525891335969lTapFZ05 | 200 |   28.729917ms |    192.168.65.1 |     PUT /api/channel/
[GIN] 2025/11/14 - 16:52:58 | 20251114165258124353052Bj1hiHjp | 200 |    3.916875ms |    192.168.65.1 |     GET /api/channel/?p=1&page_size=10&id_sort=false&tag_mode=false
[SYS] 2025/11/14 - 16:53:03 | ä»»åŠ¡è¿›åº¦è½®è¯¢å¼€å§‹ 
[SYS] 2025/11/14 - 16:53:03 | ä»»åŠ¡è¿›åº¦è½®è¯¢å®Œæˆ 
[SYS] 2025/11/14 - 16:53:16 | syncing options from database 
[SYS] 2025/11/14 - 16:53:16 | syncing channels from database 
[SYS] 2025/11/14 - 16:53:16 | channels synced from database 
[SYS] 2025/11/14 - 16:53:18 | ä»»åŠ¡è¿›åº¦è½®è¯¢å¼€å§‹ 
[SYS] 2025/11/14 - 16:53:18 | ä»»åŠ¡è¿›åº¦è½®è¯¢å®Œæˆ 
[GIN] 2025/11/14 - 16:53:20 | 20251114165320974494549FZzWB3CS | 200 |    2.394791ms |             ::1 |     GET /api/status
[SYS] 2025/11/14 - 16:53:33 | ä»»åŠ¡è¿›åº¦è½®è¯¢å¼€å§‹ 
[SYS] 2025/11/14 - 16:53:33 | ä»»åŠ¡è¿›åº¦è½®è¯¢å®Œæˆ 
[GIN] 2025/11/14 - 16:53:36 | 20251114165336931413334zjJqs8Nh | 200 |   16.575917ms |    192.168.65.1 |     GET /api/user/self/groups
[GIN] 2025/11/14 - 16:53:36 | 20251114165336931140000C9YPAicI | 200 |   20.016083ms |    192.168.65.1 |     GET /api/token/?p=1&size=10
[GIN] 2025/11/14 - 16:53:36 | 20251114165336933093417NM1uaM1J | 200 |   24.502042ms |    192.168.65.1 |     GET /api/user/models
[INFO] 2025/11/14 - 16:53:41 | 202511141653418762407117ukT8ojf | ç”¨æˆ· 1 é¢åº¦å……è¶³ä¸”ä¸ºæ— é™é¢åº¦ä»¤ç‰Œ, ä¿¡ä»»ä¸”ä¸éœ€è¦é¢„æ‰£è´¹ 
[ERR] 2025/11/14 - 16:53:41 | 202511141653418762407117ukT8ojf | channel error (channel #1, status code: 500): failed to parse multipart form 
[INFO] 2025/11/14 - 16:53:41 | 202511141653418762407117ukT8ojf | record error log: userId=1, channelId=1, modelName=sora-2, tokenName=1, content=failed to parse multipart form 
[ERR] 2025/11/14 - 16:53:41 | 202511141653418762407117ukT8ojf | relay error: failed to parse multipart form 
[GIN] 2025/11/14 - 16:53:41 | 202511141653418762407117ukT8ojf | 500 |   41.954917ms |    192.168.65.1 |    POST /v1/images/edits
[SYS] 2025/11/14 - 16:53:48 | ä»»åŠ¡è¿›åº¦è½®è¯¢å¼€å§‹ 
[SYS] 2025/11/14 - 16:53:48 | ä»»åŠ¡è¿›åº¦è½®è¯¢å®Œæˆ 
[GIN] 2025/11/14 - 16:53:51 | 2025111416535196937465OVWqvaSg | 200 |    2.653125ms |             ::1 |     GET /api/status
[SYS] 2025/11/14 - 16:54:03 | ä»»åŠ¡è¿›åº¦è½®è¯¢å¼€å§‹ 
[SYS] 2025/11/14 - 16:54:03 | ä»»åŠ¡è¿›åº¦è½®è¯¢å®Œæˆ 
[SYS] 2025/11/14 - 16:54:16 | æ­£åœ¨æ›´æ–°æ•°æ®çœ‹æ¿æ•°æ®... 
[SYS] 2025/11/14 - 16:54:16 | ä¿å­˜æ•°æ®çœ‹æ¿æ•°æ®æˆåŠŸï¼Œå…±ä¿å­˜0æ¡æ•°æ® 
[SYS] 2025/11/14 - 16:54:16 | syncing options from database 
[SYS] 2025/11/14 - 16:54:16 | syncing channels from database 
[SYS] 2025/11/14 - 16:54:16 | channels synced from database 
[SYS] 2025/11/14 - 16:54:18 | ä»»åŠ¡è¿›åº¦è½®è¯¢å¼€å§‹ 
[SYS] 2025/11/14 - 16:54:18 | ä»»åŠ¡è¿›åº¦è½®è¯¢å®Œæˆ 
[GIN] 2025/11/14 - 16:54:21 | 202511141654213447038400xRffX1Z | 200 |    4.227584ms |             ::1 |     GET /api/status
[SYS] 2025/11/14 - 16:54:33 | ä»»åŠ¡è¿›åº¦è½®è¯¢å¼€å§‹ 
[SYS] 2025/11/14 - 16:54:33 | ä»»åŠ¡è¿›åº¦è½®è¯¢å®Œæˆ 
[SYS] 2025/11/14 - 16:54:48 | ä»»åŠ¡è¿›åº¦è½®è¯¢å¼€å§‹ 
[SYS] 2025/11/14 - 16:54:48 | ä»»åŠ¡è¿›åº¦è½®è¯¢å®Œæˆ 
[GIN] 2025/11/14 - 16:54:51 | 202511141654514561300906WM1Hsxe | 200 |    3.141083ms |             ::1 |     GET /api/status
[SYS] 2025/11/14 - 16:55:03 | ä»»åŠ¡è¿›åº¦è½®è¯¢å¼€å§‹ 
[SYS] 2025/11/14 - 16:55:03 | ä»»åŠ¡è¿›åº¦è½®è¯¢å®Œæˆ 
[SYS] 2025/11/14 - 16:55:16 | syncing options from database 
[SYS] 2025/11/14 - 16:55:16 | syncing channels from database 
[SYS] 2025/11/14 - 16:55:16 | channels synced from database 
[SYS] 2025/11/14 - 16:55:18 | ä»»åŠ¡è¿›åº¦è½®è¯¢å¼€å§‹ 
[SYS] 2025/11/14 - 16:55:18 | ä»»åŠ¡è¿›åº¦è½®è¯¢å®Œæˆ 
[GIN] 2025/11/14 - 16:55:21 | 202511141655215226878824mfla7zn | 200 |    1.585167ms |             ::1 |     GET /api/status
