[SYS] 2025/11/18 - 12:55:45 | initializing token encoders 
[SYS] 2025/11/18 - 12:55:45 | token encoders initialized 
[SYS] 2025/11/18 - 12:55:45 | using MySQL as database 
[SYS] 2025/11/18 - 12:55:45 | database migration started 
[SYS] 2025/11/18 - 12:55:45 | system is already initialized at: 2025-11-13 18:51:02 +0800 CST 
[SYS] 2025/11/18 - 12:55:45 | SYNC_FREQUENCY not set, use default value 60 
[SYS] 2025/11/18 - 12:55:45 | Redis is enabled 
[SYS] 2025/11/18 - 12:55:45 | New API  started 
[SYS] 2025/11/18 - 12:55:45 | memory cache enabled 
[SYS] 2025/11/18 - 12:55:45 | sync frequency: 60 seconds 
[SYS] 2025/11/18 - 12:55:45 | channels synced from database 
[SYS] 2025/11/18 - 12:55:45 | batch update enabled with interval 5s 
[SYS] 2025/11/18 - 12:55:45 | æ­£åœ¨æ›´æ–°æ•°æ®çœ‹æ¿æ•°æ®... 
[SYS] 2025/11/18 - 12:55:45 | ä¿å­˜æ•°æ®çœ‹æ¿æ•°æ®æˆåŠŸï¼Œå…±ä¿å­˜0æ¡æ•°æ® 

  [32mNew API [0m  ready in 126 ms

  âœ  [1mNetwork:[0m http://172.20.0.2:3000/

[SYS] 2025/11/18 - 12:56:00 | ä»»åŠ¡è¿›åº¦è½®è¯¢å¼€å§‹ 
[SYS] 2025/11/18 - 12:56:00 | ä»»åŠ¡è¿›åº¦è½®è¯¢å®Œæˆ 
[GIN] 2025/11/18 - 12:56:15 | 20251118125615382650505PBN9geEB | 200 |    3.517958ms |             ::1 |     GET /api/status
[SYS] 2025/11/18 - 12:56:15 | ä»»åŠ¡è¿›åº¦è½®è¯¢å¼€å§‹ 
[SYS] 2025/11/18 - 12:56:15 | ä»»åŠ¡è¿›åº¦è½®è¯¢å®Œæˆ 
[SYS] 2025/11/18 - 12:56:30 | ä»»åŠ¡è¿›åº¦è½®è¯¢å¼€å§‹ 
[SYS] 2025/11/18 - 12:56:30 | ä»»åŠ¡è¿›åº¦è½®è¯¢å®Œæˆ 
[SYS] 2025/11/18 - 12:56:45 | syncing channels from database 
[SYS] 2025/11/18 - 12:56:45 | syncing options from database 
[SYS] 2025/11/18 - 12:56:45 | channels synced from database 
[GIN] 2025/11/18 - 12:56:45 | 20251118125645457077422f48BXeVN | 200 |    1.269583ms |             ::1 |     GET /api/status
[SYS] 2025/11/18 - 12:56:45 | ä»»åŠ¡è¿›åº¦è½®è¯¢å¼€å§‹ 
[SYS] 2025/11/18 - 12:56:45 | ä»»åŠ¡è¿›åº¦è½®è¯¢å®Œæˆ 
[ERR] 2025/11/18 - 12:56:50 | 202511181256501683607992Fug94gT | user 0 | æ— æ•ˆçš„ä»¤ç‰Œ 
[GIN] 2025/11/18 - 12:56:50 | 202511181256501683607992Fug94gT | 401 |     4.14275ms |    192.168.65.1 |    POST /v1/videos
[ERR] 2025/11/18 - 12:56:56 | 202511181256569706954279ySsQtx8 | user 0 | æ— æ•ˆçš„ä»¤ç‰Œ 
[GIN] 2025/11/18 - 12:56:56 | 202511181256569706954279ySsQtx8 | 401 |    3.672833ms |    192.168.65.1 |    POST /v1/videos
[SYS] 2025/11/18 - 12:57:00 | ä»»åŠ¡è¿›åº¦è½®è¯¢å¼€å§‹ 
[SYS] 2025/11/18 - 12:57:00 | ä»»åŠ¡è¿›åº¦è½®è¯¢å®Œæˆ 
[SYS] 2025/11/18 - 12:57:15 | ä»»åŠ¡è¿›åº¦è½®è¯¢å¼€å§‹ 
[SYS] 2025/11/18 - 12:57:15 | ä»»åŠ¡è¿›åº¦è½®è¯¢å®Œæˆ 
[GIN] 2025/11/18 - 12:57:15 | 202511181257155555330888TKU8r65 | 200 |    1.951666ms |             ::1 |     GET /api/status
[SYS] 2025/11/18 - 12:57:30 | ä»»åŠ¡è¿›åº¦è½®è¯¢å¼€å§‹ 
[SYS] 2025/11/18 - 12:57:30 | ä»»åŠ¡è¿›åº¦è½®è¯¢å®Œæˆ 
[SYS] 2025/11/18 - 12:57:45 | syncing channels from database 
[SYS] 2025/11/18 - 12:57:45 | syncing options from database 
[SYS] 2025/11/18 - 12:57:45 | channels synced from database 
[SYS] 2025/11/18 - 12:57:45 | ä»»åŠ¡è¿›åº¦è½®è¯¢å¼€å§‹ 
[SYS] 2025/11/18 - 12:57:45 | ä»»åŠ¡è¿›åº¦è½®è¯¢å®Œæˆ 
[GIN] 2025/11/18 - 12:57:45 | 20251118125745684359755dRDIBCSZ | 200 |     2.87575ms |             ::1 |     GET /api/status
[GIN] 2025/11/18 - 12:57:48 | 20251118125707702303335cjjCNddi | 400 | 40.499502394s |    192.168.65.1 |    POST /v1/videos
[SYS] 2025/11/18 - 12:58:00 | ä»»åŠ¡è¿›åº¦è½®è¯¢å¼€å§‹ 
[SYS] 2025/11/18 - 12:58:00 | ä»»åŠ¡è¿›åº¦è½®è¯¢å®Œæˆ 
[SYS] 2025/11/18 - 12:58:15 | ä»»åŠ¡è¿›åº¦è½®è¯¢å¼€å§‹ 
[SYS] 2025/11/18 - 12:58:15 | ä»»åŠ¡è¿›åº¦è½®è¯¢å®Œæˆ 
[GIN] 2025/11/18 - 12:58:15 | 20251118125815756997589geQK2AtK | 200 |     868.208Âµs |             ::1 |     GET /api/status
[SYS] 2025/11/18 - 12:58:30 | ä»»åŠ¡è¿›åº¦è½®è¯¢å¼€å§‹ 
[SYS] 2025/11/18 - 12:58:30 | ä»»åŠ¡è¿›åº¦è½®è¯¢å®Œæˆ 
[GIN] 2025/11/18 - 12:58:34 | 202511181258042522320004su3MtFu | 400 | 30.466487514s |    192.168.65.1 |    POST /v1/videos
[SYS] 2025/11/18 - 12:58:45 | syncing channels from database 
[SYS] 2025/11/18 - 12:58:45 | syncing options from database 
[SYS] 2025/11/18 - 12:58:45 | channels synced from database 
[SYS] 2025/11/18 - 12:58:45 | ä»»åŠ¡è¿›åº¦è½®è¯¢å¼€å§‹ 
[SYS] 2025/11/18 - 12:58:45 | ä»»åŠ¡è¿›åº¦è½®è¯¢å®Œæˆ 
[GIN] 2025/11/18 - 12:58:45 | 20251118125845836695297dSdMzAH4 | 200 |    1.647917ms |             ::1 |     GET /api/status
[SYS] 2025/11/18 - 12:59:00 | ä»»åŠ¡è¿›åº¦è½®è¯¢å¼€å§‹ 
[SYS] 2025/11/18 - 12:59:00 | ä»»åŠ¡è¿›åº¦è½®è¯¢å®Œæˆ 
[SYS] 2025/11/18 - 12:59:15 | ä»»åŠ¡è¿›åº¦è½®è¯¢å¼€å§‹ 
[SYS] 2025/11/18 - 12:59:15 | ä»»åŠ¡è¿›åº¦è½®è¯¢å®Œæˆ 
[GIN] 2025/11/18 - 12:59:15 | 20251118125915972789380XlNR3xWq | 200 |    2.009459ms |             ::1 |     GET /api/status
[SYS] 2025/11/18 - 12:59:30 | ä»»åŠ¡è¿›åº¦è½®è¯¢å¼€å§‹ 
[SYS] 2025/11/18 - 12:59:30 | ä»»åŠ¡è¿›åº¦è½®è¯¢å®Œæˆ 
