[SYS] 2025/11/18 - 12:17:30 | initializing token encoders 
[SYS] 2025/11/18 - 12:17:30 | token encoders initialized 
[SYS] 2025/11/18 - 12:17:30 | using MySQL as database 
[SYS] 2025/11/18 - 12:17:30 | database migration started 
[SYS] 2025/11/18 - 12:17:30 | system is already initialized at: 2025-11-13 18:51:02 +0800 CST 
[SYS] 2025/11/18 - 12:17:30 | SYNC_FREQUENCY not set, use default value 60 
[SYS] 2025/11/18 - 12:17:30 | Redis is enabled 
[SYS] 2025/11/18 - 12:17:30 | New API  started 
[SYS] 2025/11/18 - 12:17:30 | memory cache enabled 
[SYS] 2025/11/18 - 12:17:30 | sync frequency: 60 seconds 
[SYS] 2025/11/18 - 12:17:30 | channels synced from database 
[SYS] 2025/11/18 - 12:17:30 | batch update enabled with interval 5s 

  [32mNew API [0m  ready in 177 ms
[SYS] 2025/11/18 - 12:17:30 | æ­£åœ¨æ›´æ–°æ•°æ®çœ‹æ¿æ•°æ®... 
[SYS] 2025/11/18 - 12:17:30 | ä¿å­˜æ•°æ®çœ‹æ¿æ•°æ®æˆåŠŸï¼Œå…±ä¿å­˜0æ¡æ•°æ® 

  âœ  [1mNetwork:[0m http://172.20.0.4:3000/

[SYS] 2025/11/18 - 12:17:45 | ä»»åŠ¡è¿›åº¦è½®è¯¢å¼€å§‹ 
[GIN] 2025/11/18 - 12:17:45 | 20251118121745242256385K8FOcyeb | 400 |      20.051ms |    192.168.65.1 |    POST /v1/videos
[SYS] 2025/11/18 - 12:17:45 | ä»»åŠ¡è¿›åº¦è½®è¯¢å®Œæˆ 
[GIN] 2025/11/18 - 12:18:00 | 20251118121800210661586a0GxZorH | 200 |    3.656417ms |             ::1 |     GET /api/status
[SYS] 2025/11/18 - 12:18:00 | ä»»åŠ¡è¿›åº¦è½®è¯¢å¼€å§‹ 
[SYS] 2025/11/18 - 12:18:00 | ä»»åŠ¡è¿›åº¦è½®è¯¢å®Œæˆ 
[SYS] 2025/11/18 - 12:18:15 | ä»»åŠ¡è¿›åº¦è½®è¯¢å¼€å§‹ 
[SYS] 2025/11/18 - 12:18:15 | ä»»åŠ¡è¿›åº¦è½®è¯¢å®Œæˆ 
[SYS] 2025/11/18 - 12:18:30 | syncing channels from database 
[SYS] 2025/11/18 - 12:18:30 | syncing options from database 
[SYS] 2025/11/18 - 12:18:30 | channels synced from database 
[SYS] 2025/11/18 - 12:18:30 | ä»»åŠ¡è¿›åº¦è½®è¯¢å¼€å§‹ 
[SYS] 2025/11/18 - 12:18:30 | ä»»åŠ¡è¿›åº¦è½®è¯¢å®Œæˆ 
[GIN] 2025/11/18 - 12:18:30 | 20251118121830381049711BoZeYTmN | 200 |     915.917Âµs |             ::1 |     GET /api/status
[SYS] 2025/11/18 - 12:18:45 | ä»»åŠ¡è¿›åº¦è½®è¯¢å¼€å§‹ 
[SYS] 2025/11/18 - 12:18:45 | ä»»åŠ¡è¿›åº¦è½®è¯¢å®Œæˆ 
[SYS] 2025/11/18 - 12:19:00 | ä»»åŠ¡è¿›åº¦è½®è¯¢å¼€å§‹ 
[SYS] 2025/11/18 - 12:19:00 | ä»»åŠ¡è¿›åº¦è½®è¯¢å®Œæˆ 
[GIN] 2025/11/18 - 12:19:00 | 20251118121900475506544KGt056np | 200 |    3.103208ms |             ::1 |     GET /api/status
[SYS] 2025/11/18 - 12:19:15 | ä»»åŠ¡è¿›åº¦è½®è¯¢å¼€å§‹ 
[SYS] 2025/11/18 - 12:19:15 | ä»»åŠ¡è¿›åº¦è½®è¯¢å®Œæˆ 
[SYS] 2025/11/18 - 12:19:30 | syncing channels from database 
[SYS] 2025/11/18 - 12:19:30 | syncing options from database 
[SYS] 2025/11/18 - 12:19:30 | channels synced from database 
[SYS] 2025/11/18 - 12:19:30 | ä»»åŠ¡è¿›åº¦è½®è¯¢å¼€å§‹ 
[SYS] 2025/11/18 - 12:19:30 | ä»»åŠ¡è¿›åº¦è½®è¯¢å®Œæˆ 
[GIN] 2025/11/18 - 12:19:30 | 20251118121930571096128TzakJwCx | 200 |     7.45775ms |             ::1 |     GET /api/status
[SYS] 2025/11/18 - 12:19:45 | ä»»åŠ¡è¿›åº¦è½®è¯¢å¼€å§‹ 
[SYS] 2025/11/18 - 12:19:45 | ä»»åŠ¡è¿›åº¦è½®è¯¢å®Œæˆ 
