[SYS] 2025/11/18 - 12:23:12 | initializing token encoders 
[SYS] 2025/11/18 - 12:23:12 | token encoders initialized 
[SYS] 2025/11/18 - 12:23:12 | using MySQL as database 
[SYS] 2025/11/18 - 12:23:12 | database migration started 
[SYS] 2025/11/18 - 12:23:12 | system is already initialized at: 2025-11-13 18:51:02 +0800 CST 
[SYS] 2025/11/18 - 12:23:12 | SYNC_FREQUENCY not set, use default value 60 
[SYS] 2025/11/18 - 12:23:12 | Redis is enabled 
[SYS] 2025/11/18 - 12:23:12 | New API  started 
[SYS] 2025/11/18 - 12:23:12 | memory cache enabled 
[SYS] 2025/11/18 - 12:23:12 | sync frequency: 60 seconds 
[SYS] 2025/11/18 - 12:23:12 | channels synced from database 
[SYS] 2025/11/18 - 12:23:12 | batch update enabled with interval 5s 

  [32mNew API [0m  ready in 266 ms

  âœ  [1mNetwork:[0m http://172.20.0.4:3000/

[SYS] 2025/11/18 - 12:23:12 | æ­£åœ¨æ›´æ–°æ•°æ®çœ‹æ¿æ•°æ®... 
[SYS] 2025/11/18 - 12:23:12 | ä¿å­˜æ•°æ®çœ‹æ¿æ•°æ®æˆåŠŸï¼Œå…±ä¿å­˜0æ¡æ•°æ® 
[GIN] 2025/11/18 - 12:23:22 | 20251118122322532881846VLE1lFKz | 400 |     318.815ms |    192.168.65.1 |    POST /v1/videos
[GIN] 2025/11/18 - 12:23:26 | 20251118122326619714501J45zDJ1W | 400 |   71.133792ms |    192.168.65.1 |    POST /v1/videos
[SYS] 2025/11/18 - 12:23:27 | ä»»åŠ¡è¿›åº¦è½®è¯¢å¼€å§‹ 
[SYS] 2025/11/18 - 12:23:27 | ä»»åŠ¡è¿›åº¦è½®è¯¢å®Œæˆ 
[GIN] 2025/11/18 - 12:23:42 | 20251118122342313732175VkHKPbR2 | 200 |     4.15725ms |             ::1 |     GET /api/status
[SYS] 2025/11/18 - 12:23:42 | ä»»åŠ¡è¿›åº¦è½®è¯¢å¼€å§‹ 
[SYS] 2025/11/18 - 12:23:42 | ä»»åŠ¡è¿›åº¦è½®è¯¢å®Œæˆ 
[SYS] 2025/11/18 - 12:23:57 | ä»»åŠ¡è¿›åº¦è½®è¯¢å¼€å§‹ 
[SYS] 2025/11/18 - 12:23:57 | ä»»åŠ¡è¿›åº¦è½®è¯¢å®Œæˆ 
[GIN] 2025/11/18 - 12:24:12 | 20251118122412408417842YdgHTbF2 | 200 |    3.064083ms |             ::1 |     GET /api/status
[SYS] 2025/11/18 - 12:24:12 | syncing options from database 
[SYS] 2025/11/18 - 12:24:12 | syncing channels from database 
[SYS] 2025/11/18 - 12:24:12 | channels synced from database 
[SYS] 2025/11/18 - 12:24:12 | ä»»åŠ¡è¿›åº¦è½®è¯¢å¼€å§‹ 
[SYS] 2025/11/18 - 12:24:12 | ä»»åŠ¡è¿›åº¦è½®è¯¢å®Œæˆ 
[SYS] 2025/11/18 - 12:24:27 | ä»»åŠ¡è¿›åº¦è½®è¯¢å¼€å§‹ 
[SYS] 2025/11/18 - 12:24:27 | ä»»åŠ¡è¿›åº¦è½®è¯¢å®Œæˆ 
[GIN] 2025/11/18 - 12:24:42 | 20251118122442512700217pBTJG0tB | 200 |     2.94825ms |             ::1 |     GET /api/status
[SYS] 2025/11/18 - 12:24:42 | ä»»åŠ¡è¿›åº¦è½®è¯¢å¼€å§‹ 
[SYS] 2025/11/18 - 12:24:42 | ä»»åŠ¡è¿›åº¦è½®è¯¢å®Œæˆ 
[SYS] 2025/11/18 - 12:24:57 | ä»»åŠ¡è¿›åº¦è½®è¯¢å¼€å§‹ 
[SYS] 2025/11/18 - 12:24:57 | ä»»åŠ¡è¿›åº¦è½®è¯¢å®Œæˆ 
[SYS] 2025/11/18 - 12:25:12 | syncing options from database 
[SYS] 2025/11/18 - 12:25:12 | syncing channels from database 
[SYS] 2025/11/18 - 12:25:12 | channels synced from database 
[SYS] 2025/11/18 - 12:25:12 | ä»»åŠ¡è¿›åº¦è½®è¯¢å¼€å§‹ 
[SYS] 2025/11/18 - 12:25:12 | ä»»åŠ¡è¿›åº¦è½®è¯¢å®Œæˆ 
[GIN] 2025/11/18 - 12:25:12 | 20251118122512580110050ZAankhpg | 200 |       1.035ms |             ::1 |     GET /api/status
[SYS] 2025/11/18 - 12:25:27 | ä»»åŠ¡è¿›åº¦è½®è¯¢å¼€å§‹ 
[SYS] 2025/11/18 - 12:25:27 | ä»»åŠ¡è¿›åº¦è½®è¯¢å®Œæˆ 
[SYS] 2025/11/18 - 12:25:42 | ä»»åŠ¡è¿›åº¦è½®è¯¢å¼€å§‹ 
[SYS] 2025/11/18 - 12:25:42 | ä»»åŠ¡è¿›åº¦è½®è¯¢å®Œæˆ 
[GIN] 2025/11/18 - 12:25:42 | 20251118122542655272383esmIcs3P | 200 |    7.631583ms |             ::1 |     GET /api/status
[SYS] 2025/11/18 - 12:25:57 | ä»»åŠ¡è¿›åº¦è½®è¯¢å¼€å§‹ 
[SYS] 2025/11/18 - 12:25:57 | ä»»åŠ¡è¿›åº¦è½®è¯¢å®Œæˆ 
[SYS] 2025/11/18 - 12:26:12 | syncing options from database 
[SYS] 2025/11/18 - 12:26:12 | syncing channels from database 
[SYS] 2025/11/18 - 12:26:12 | channels synced from database 
[SYS] 2025/11/18 - 12:26:12 | ä»»åŠ¡è¿›åº¦è½®è¯¢å¼€å§‹ 
[SYS] 2025/11/18 - 12:26:12 | ä»»åŠ¡è¿›åº¦è½®è¯¢å®Œæˆ 
[GIN] 2025/11/18 - 12:26:12 | 20251118122612729404383qkqYSblX | 200 |      10.688ms |             ::1 |     GET /api/status
