[SYS] 2025/11/17 - 21:40:37 | initializing token encoders 
[SYS] 2025/11/17 - 21:40:37 | token encoders initialized 
[SYS] 2025/11/17 - 21:40:37 | SQL_DSN not set, using SQLite as database 
[SYS] 2025/11/17 - 21:40:37 | database migration started 
[SYS] 2025/11/17 - 21:40:37 | system is not initialized and no root user exists 
[SYS] 2025/11/17 - 21:40:37 | REDIS_CONN_STRING not set, Redis is not enabled 
[SYS] 2025/11/17 - 21:40:37 | New API v0.0.0 started 
[SYS] 2025/11/17 - 21:40:37 | memory cache enabled 
[SYS] 2025/11/17 - 21:40:37 | sync frequency: 60 seconds 
[SYS] 2025/11/17 - 21:40:37 | channels synced from database 
[SYS] 2025/11/17 - 21:40:37 | æ­£åœ¨æ›´æ–°æ•°æ®çœ‹æ¿æ•°æ®... 
[SYS] 2025/11/17 - 21:40:37 | ä¿å­˜æ•°æ®çœ‹æ¿æ•°æ®æˆåŠŸï¼Œå…±ä¿å­˜0æ¡æ•°æ® 

  [32mNew API v0.0.0[0m  ready in 42 ms

  âœ  [1mLocal:[0m   http://localhost:3000/
  âœ  [1mNetwork:[0m http://192.168.5.44:3000/

[GIN] 2025/11/17 - 21:40:44 | 20251117214044793828000bOhSFHcv | 200 |    2.806625ms |             ::1 |     GET /?ide_webview_request_time=1763386844732
[GIN] 2025/11/17 - 21:40:44 | 20251117214044909042000QPKZ9hqS | 200 |    6.514459ms |             ::1 |     GET /assets/i18n-DtDg0QRU.js
[GIN] 2025/11/17 - 21:40:44 | 20251117214044908963000hsz1gQeg | 200 |   13.208875ms |             ::1 |     GET /assets/tools-DtssO_uI.js
[GIN] 2025/11/17 - 21:40:44 | 20251117214044908873000IhMYVk6i | 200 |    24.88825ms |             ::1 |     GET /assets/semi-ui-BtT6vzgQ.css
[GIN] 2025/11/17 - 21:40:44 | 20251117214044912618000PohtKadK | 200 |   24.361833ms |             ::1 |     GET /assets/index-BWyGV_Q1.css
[GIN] 2025/11/17 - 21:40:44 | 20251117214044908955000FgxRbvX8 | 200 |   67.083375ms |             ::1 |     GET /assets/semi-ui-BgjDhHiv.js
[GIN] 2025/11/17 - 21:40:45 | 20251117214044908471000IcRatDfW | 200 |  180.948209ms |             ::1 |     GET /assets/index-BjD6yqvQ.js
[GIN] 2025/11/17 - 21:40:45 | 20251117214045295379000gdnPLaLS | 200 |      250.75Âµs |             ::1 |     GET /assets/index-Cz03B3Ck.js
[GIN] 2025/11/17 - 21:40:45 | 20251117214045340278000IunCxGYi | 200 |     405.041Âµs |             ::1 |     GET /api/status
[GIN] 2025/11/17 - 21:40:45 | 20251117214045357052000v2hiNi5K | 200 |     131.792Âµs |             ::1 |     GET /setup
[GIN] 2025/11/17 - 21:40:45 | 20251117214045357157000yGKvhC3y | 200 |      62.584Âµs |             ::1 |     GET /api/home_page_content
[GIN] 2025/11/17 - 21:40:45 | 202511172140453571300003iorJMXG | 200 |     128.875Âµs |             ::1 |     GET /api/notice
[GIN] 2025/11/17 - 21:40:45 | 20251117214045425244000WTOfKOm6 | 200 |     215.917Âµs |             ::1 |     GET /api/status
[GIN] 2025/11/17 - 21:40:45 | 20251117214045425208000zfO6wKop | 200 |      319.25Âµs |             ::1 |     GET /api/setup
[GIN] 2025/11/17 - 21:40:46 | 20251117214046210724000xps09W73 | 200 |     169.375Âµs |             ::1 |     GET /@vite/client
[SYS] 2025/11/17 - 21:40:52 | ä»»åŠ¡è¿›åº¦è½®è¯¢å¼€å§‹ 
[SYS] 2025/11/17 - 21:40:52 | ä»»åŠ¡è¿›åº¦è½®è¯¢å®Œæˆ 
[SYS] 2025/11/17 - 21:41:07 | ä»»åŠ¡è¿›åº¦è½®è¯¢å¼€å§‹ 
[SYS] 2025/11/17 - 21:41:07 | ä»»åŠ¡è¿›åº¦è½®è¯¢å®Œæˆ 
[SYS] 2025/11/17 - 21:41:22 | ä»»åŠ¡è¿›åº¦è½®è¯¢å¼€å§‹ 
[SYS] 2025/11/17 - 21:41:22 | ä»»åŠ¡è¿›åº¦è½®è¯¢å®Œæˆ 
