[SYS] 2025/11/18 - 20:37:37 | initializing token encoders 
[SYS] 2025/11/18 - 20:37:37 | token encoders initialized 
[SYS] 2025/11/18 - 20:37:37 | using MySQL as database 
[SYS] 2025/11/18 - 20:37:37 | database migration started 
[SYS] 2025/11/18 - 20:37:37 | system is already initialized at: 2025-11-13 18:51:02 +0800 CST 
[SYS] 2025/11/18 - 20:37:37 | SYNC_FREQUENCY not set, use default value 60 
[SYS] 2025/11/18 - 20:37:37 | Redis is enabled 
[SYS] 2025/11/18 - 20:37:37 | New API  started 
[SYS] 2025/11/18 - 20:37:37 | memory cache enabled 
[SYS] 2025/11/18 - 20:37:37 | sync frequency: 60 seconds 
[SYS] 2025/11/18 - 20:37:37 | channels synced from database 
[SYS] 2025/11/18 - 20:37:37 | batch update enabled with interval 5s 
[SYS] 2025/11/18 - 20:37:37 | æ­£åœ¨æ›´æ–°æ•°æ®çœ‹æ¿æ•°æ®... 
[SYS] 2025/11/18 - 20:37:37 | ä¿å­˜æ•°æ®çœ‹æ¿æ•°æ®æˆåŠŸï¼Œå…±ä¿å­˜0æ¡æ•°æ® 

  [32mNew API [0m  ready in 468 ms

  âœ  [1mNetwork:[0m http://172.20.0.4:3000/

[SYS] 2025/11/18 - 20:37:52 | ä»»åŠ¡è¿›åº¦è½®è¯¢å¼€å§‹ 
[SYS] 2025/11/18 - 20:37:52 | ä»»åŠ¡è¿›åº¦è½®è¯¢å®Œæˆ 
[GIN] 2025/11/18 - 20:37:54 | 20251118203754356855423COviaJU5 | 200 |    5.039625ms |    192.168.65.1 |    HEAD /docs
[GIN] 2025/11/18 - 20:38:01 | 20251118203801468638843WJqf18Bw | 404 |    1.191209ms |    192.168.65.1 |     GET /docs?ide_webview_request_time=1763469481411
[GIN] 2025/11/18 - 20:38:01 | 202511182038016877598850DpvlOkn | 200 |   25.915291ms |    192.168.65.1 |     GET /@vite/client
[SYS] 2025/11/18 - 20:38:07 | ä»»åŠ¡è¿›åº¦è½®è¯¢å¼€å§‹ 
[SYS] 2025/11/18 - 20:38:07 | ä»»åŠ¡è¿›åº¦è½®è¯¢å®Œæˆ 
[GIN] 2025/11/18 - 20:38:07 | 20251118203807840005930eA5y9Hiw | 200 |    5.776541ms |             ::1 |     GET /api/status
[SYS] 2025/11/18 - 20:38:22 | ä»»åŠ¡è¿›åº¦è½®è¯¢å¼€å§‹ 
[SYS] 2025/11/18 - 20:38:22 | ä»»åŠ¡è¿›åº¦è½®è¯¢å®Œæˆ 
[SYS] 2025/11/18 - 20:38:37 | syncing options from database 
[SYS] 2025/11/18 - 20:38:37 | syncing channels from database 
[SYS] 2025/11/18 - 20:38:37 | channels synced from database 
[SYS] 2025/11/18 - 20:38:37 | ä»»åŠ¡è¿›åº¦è½®è¯¢å¼€å§‹ 
[SYS] 2025/11/18 - 20:38:37 | ä»»åŠ¡è¿›åº¦è½®è¯¢å®Œæˆ 
[GIN] 2025/11/18 - 20:38:38 | 20251118203838311007805GwmQRBON | 200 |    2.655625ms |             ::1 |     GET /api/status
[SYS] 2025/11/18 - 20:38:52 | ä»»åŠ¡è¿›åº¦è½®è¯¢å¼€å§‹ 
[SYS] 2025/11/18 - 20:38:52 | ä»»åŠ¡è¿›åº¦è½®è¯¢å®Œæˆ 
[SYS] 2025/11/18 - 20:39:07 | ä»»åŠ¡è¿›åº¦è½®è¯¢å¼€å§‹ 
[SYS] 2025/11/18 - 20:39:07 | ä»»åŠ¡è¿›åº¦è½®è¯¢å®Œæˆ 
[GIN] 2025/11/18 - 20:39:08 | 202511182039084386155960PvzWaJp | 200 |    2.842791ms |             ::1 |     GET /api/status
[SYS] 2025/11/18 - 20:39:22 | ä»»åŠ¡è¿›åº¦è½®è¯¢å¼€å§‹ 
[SYS] 2025/11/18 - 20:39:22 | ä»»åŠ¡è¿›åº¦è½®è¯¢å®Œæˆ 
[SYS] 2025/11/18 - 20:39:37 | syncing options from database 
[SYS] 2025/11/18 - 20:39:37 | syncing channels from database 
[SYS] 2025/11/18 - 20:39:37 | channels synced from database 
[SYS] 2025/11/18 - 20:39:37 | ä»»åŠ¡è¿›åº¦è½®è¯¢å¼€å§‹ 
[SYS] 2025/11/18 - 20:39:37 | ä»»åŠ¡è¿›åº¦è½®è¯¢å®Œæˆ 
[GIN] 2025/11/18 - 20:39:38 | 20251118203938677866388ZNxtjbPG | 200 |    2.432041ms |             ::1 |     GET /api/status
[SYS] 2025/11/18 - 20:39:52 | ä»»åŠ¡è¿›åº¦è½®è¯¢å¼€å§‹ 
[SYS] 2025/11/18 - 20:39:52 | ä»»åŠ¡è¿›åº¦è½®è¯¢å®Œæˆ 
[SYS] 2025/11/18 - 20:40:07 | ä»»åŠ¡è¿›åº¦è½®è¯¢å¼€å§‹ 
[SYS] 2025/11/18 - 20:40:07 | ä»»åŠ¡è¿›åº¦è½®è¯¢å®Œæˆ 
[GIN] 2025/11/18 - 20:40:08 | 20251118204008805096013TxbWZBVp | 200 |    2.504958ms |             ::1 |     GET /api/status
[SYS] 2025/11/18 - 20:40:22 | ä»»åŠ¡è¿›åº¦è½®è¯¢å¼€å§‹ 
[SYS] 2025/11/18 - 20:40:22 | ä»»åŠ¡è¿›åº¦è½®è¯¢å®Œæˆ 
[SYS] 2025/11/18 - 20:40:37 | syncing options from database 
[SYS] 2025/11/18 - 20:40:37 | syncing channels from database 
[SYS] 2025/11/18 - 20:40:37 | channels synced from database 
[SYS] 2025/11/18 - 20:40:37 | ä»»åŠ¡è¿›åº¦è½®è¯¢å¼€å§‹ 
[SYS] 2025/11/18 - 20:40:37 | ä»»åŠ¡è¿›åº¦è½®è¯¢å®Œæˆ 
[GIN] 2025/11/18 - 20:40:38 | 20251118204038920139972Fmbngk5B | 200 |    2.170875ms |             ::1 |     GET /api/status
[SYS] 2025/11/18 - 20:40:52 | ä»»åŠ¡è¿›åº¦è½®è¯¢å¼€å§‹ 
[SYS] 2025/11/18 - 20:40:52 | ä»»åŠ¡è¿›åº¦è½®è¯¢å®Œæˆ 
[SYS] 2025/11/18 - 20:41:07 | ä»»åŠ¡è¿›åº¦è½®è¯¢å¼€å§‹ 
[SYS] 2025/11/18 - 20:41:07 | ä»»åŠ¡è¿›åº¦è½®è¯¢å®Œæˆ 
[GIN] 2025/11/18 - 20:41:09 | 20251118204109407084740TEg6Ur | 200 |    1.054541ms |             ::1 |     GET /api/status
[SYS] 2025/11/18 - 20:41:22 | ä»»åŠ¡è¿›åº¦è½®è¯¢å¼€å§‹ 
[SYS] 2025/11/18 - 20:41:22 | ä»»åŠ¡è¿›åº¦è½®è¯¢å®Œæˆ 
[SYS] 2025/11/18 - 20:41:37 | syncing options from database 
[SYS] 2025/11/18 - 20:41:37 | syncing channels from database 
[SYS] 2025/11/18 - 20:41:37 | channels synced from database 
[SYS] 2025/11/18 - 20:41:37 | ä»»åŠ¡è¿›åº¦è½®è¯¢å¼€å§‹ 
[SYS] 2025/11/18 - 20:41:37 | ä»»åŠ¡è¿›åº¦è½®è¯¢å®Œæˆ 
[GIN] 2025/11/18 - 20:41:39 | 2025111820413995600638vJhgwOeL | 200 |    1.307834ms |             ::1 |     GET /api/status
[SYS] 2025/11/18 - 20:41:52 | ä»»åŠ¡è¿›åº¦è½®è¯¢å¼€å§‹ 
[SYS] 2025/11/18 - 20:41:52 | ä»»åŠ¡è¿›åº¦è½®è¯¢å®Œæˆ 
[SYS] 2025/11/18 - 20:42:07 | ä»»åŠ¡è¿›åº¦è½®è¯¢å¼€å§‹ 
[SYS] 2025/11/18 - 20:42:07 | ä»»åŠ¡è¿›åº¦è½®è¯¢å®Œæˆ 
[GIN] 2025/11/18 - 20:42:09 | 20251118204209161337388ZZPs0GJk | 200 |     570.125Âµs |             ::1 |     GET /api/status
[SYS] 2025/11/18 - 20:42:22 | ä»»åŠ¡è¿›åº¦è½®è¯¢å¼€å§‹ 
[SYS] 2025/11/18 - 20:42:22 | ä»»åŠ¡è¿›åº¦è½®è¯¢å®Œæˆ 
[GIN] 2025/11/18 - 20:42:23 | 20251118204223923269589zkhWmooH | 404 |    1.628167ms |    192.168.65.1 |     GET /docs?ide_webview_request_time=1763469743914
[GIN] 2025/11/18 - 20:42:23 | 202511182042239502440061sRLtqVI | 200 |       7.815ms |    192.168.65.1 |     GET /@vite/client
[GIN] 2025/11/18 - 20:42:25 | 202511182042253703650906t2Gsheh | 404 |     386.417Âµs |    192.168.65.1 |     GET /docs?ide_webview_request_time=1763469745364
[GIN] 2025/11/18 - 20:42:25 | 20251118204225383008507cP2v0tzz | 200 |   14.758791ms |    192.168.65.1 |     GET /@vite/client
[GIN] 2025/11/18 - 20:42:25 | 20251118204225993439090CSeqe1sR | 404 |     522.042Âµs |    192.168.65.1 |     GET /docs?ide_webview_request_time=1763469745988
[GIN] 2025/11/18 - 20:42:26 | 202511182042266383799kpNnwp2g | 200 |   23.289209ms |    192.168.65.1 |     GET /@vite/client
[SYS] 2025/11/18 - 20:42:37 | æ­£åœ¨æ›´æ–°æ•°æ®çœ‹æ¿æ•°æ®... 
[SYS] 2025/11/18 - 20:42:37 | ä¿å­˜æ•°æ®çœ‹æ¿æ•°æ®æˆåŠŸï¼Œå…±ä¿å­˜0æ¡æ•°æ® 
[SYS] 2025/11/18 - 20:42:37 | syncing options from database 
[SYS] 2025/11/18 - 20:42:37 | syncing channels from database 
[SYS] 2025/11/18 - 20:42:37 | channels synced from database 
[SYS] 2025/11/18 - 20:42:37 | ä»»åŠ¡è¿›åº¦è½®è¯¢å¼€å§‹ 
[SYS] 2025/11/18 - 20:42:37 | ä»»åŠ¡è¿›åº¦è½®è¯¢å®Œæˆ 
[GIN] 2025/11/18 - 20:42:39 | 20251118204239300752805oSNjbqYE | 200 |    9.777542ms |             ::1 |     GET /api/status
[SYS] 2025/11/18 - 20:42:52 | ä»»åŠ¡è¿›åº¦è½®è¯¢å¼€å§‹ 
[SYS] 2025/11/18 - 20:42:52 | ä»»åŠ¡è¿›åº¦è½®è¯¢å®Œæˆ 
[SYS] 2025/11/18 - 20:43:08 | ä»»åŠ¡è¿›åº¦è½®è¯¢å¼€å§‹ 
[SYS] 2025/11/18 - 20:43:08 | ä»»åŠ¡è¿›åº¦è½®è¯¢å®Œæˆ 
[GIN] 2025/11/18 - 20:43:09 | 202511182043094136312641kosI1Ry | 200 |    2.666959ms |             ::1 |     GET /api/status
[SYS] 2025/11/18 - 20:43:23 | ä»»åŠ¡è¿›åº¦è½®è¯¢å¼€å§‹ 
[SYS] 2025/11/18 - 20:43:23 | ä»»åŠ¡è¿›åº¦è½®è¯¢å®Œæˆ 
[SYS] 2025/11/18 - 20:43:37 | syncing options from database 
[SYS] 2025/11/18 - 20:43:37 | syncing channels from database 
[SYS] 2025/11/18 - 20:43:37 | channels synced from database 
[SYS] 2025/11/18 - 20:43:38 | ä»»åŠ¡è¿›åº¦è½®è¯¢å¼€å§‹ 
[SYS] 2025/11/18 - 20:43:38 | ä»»åŠ¡è¿›åº¦è½®è¯¢å®Œæˆ 
[GIN] 2025/11/18 - 20:43:39 | 20251118204339561497930Kv7l3ip2 | 200 |    2.110958ms |             ::1 |     GET /api/status
[SYS] 2025/11/18 - 20:43:53 | ä»»åŠ¡è¿›åº¦è½®è¯¢å¼€å§‹ 
[SYS] 2025/11/18 - 20:43:53 | ä»»åŠ¡è¿›åº¦è½®è¯¢å®Œæˆ 
[SYS] 2025/11/18 - 20:44:08 | ä»»åŠ¡è¿›åº¦è½®è¯¢å¼€å§‹ 
[SYS] 2025/11/18 - 20:44:08 | ä»»åŠ¡è¿›åº¦è½®è¯¢å®Œæˆ 
[GIN] 2025/11/18 - 20:44:09 | 202511182044096965273891aqy5p7a | 200 |    2.136834ms |             ::1 |     GET /api/status
[SYS] 2025/11/18 - 20:44:23 | ä»»åŠ¡è¿›åº¦è½®è¯¢å¼€å§‹ 
[SYS] 2025/11/18 - 20:44:23 | ä»»åŠ¡è¿›åº¦è½®è¯¢å®Œæˆ 
[SYS] 2025/11/18 - 20:44:37 | syncing options from database 
[SYS] 2025/11/18 - 20:44:37 | syncing channels from database 
[SYS] 2025/11/18 - 20:44:37 | channels synced from database 
[SYS] 2025/11/18 - 20:44:38 | ä»»åŠ¡è¿›åº¦è½®è¯¢å¼€å§‹ 
[SYS] 2025/11/18 - 20:44:38 | ä»»åŠ¡è¿›åº¦è½®è¯¢å®Œæˆ 
[GIN] 2025/11/18 - 20:44:39 | 20251118204439808585555NLWuiYPt | 200 |    7.916208ms |             ::1 |     GET /api/status
[SYS] 2025/11/18 - 20:44:53 | ä»»åŠ¡è¿›åº¦è½®è¯¢å¼€å§‹ 
[SYS] 2025/11/18 - 20:44:53 | ä»»åŠ¡è¿›åº¦è½®è¯¢å®Œæˆ 
[SYS] 2025/11/18 - 20:45:08 | ä»»åŠ¡è¿›åº¦è½®è¯¢å¼€å§‹ 
[SYS] 2025/11/18 - 20:45:08 | ä»»åŠ¡è¿›åº¦è½®è¯¢å®Œæˆ 
[GIN] 2025/11/18 - 20:45:09 | 20251118204509930505180GQK91rUR | 200 |    2.899542ms |             ::1 |     GET /api/status
[SYS] 2025/11/18 - 20:45:23 | ä»»åŠ¡è¿›åº¦è½®è¯¢å¼€å§‹ 
[SYS] 2025/11/18 - 20:45:23 | ä»»åŠ¡è¿›åº¦è½®è¯¢å®Œæˆ 
[SYS] 2025/11/18 - 20:45:37 | syncing options from database 
[SYS] 2025/11/18 - 20:45:37 | syncing channels from database 
[SYS] 2025/11/18 - 20:45:37 | channels synced from database 
[SYS] 2025/11/18 - 20:45:38 | ä»»åŠ¡è¿›åº¦è½®è¯¢å¼€å§‹ 
[SYS] 2025/11/18 - 20:45:38 | ä»»åŠ¡è¿›åº¦è½®è¯¢å®Œæˆ 
[GIN] 2025/11/18 - 20:45:40 | 2025111820454054478666VlDQLDo1 | 200 |      2.2885ms |             ::1 |     GET /api/status
[SYS] 2025/11/18 - 20:45:53 | ä»»åŠ¡è¿›åº¦è½®è¯¢å¼€å§‹ 
[SYS] 2025/11/18 - 20:45:53 | ä»»åŠ¡è¿›åº¦è½®è¯¢å®Œæˆ 
[SYS] 2025/11/18 - 20:46:08 | ä»»åŠ¡è¿›åº¦è½®è¯¢å¼€å§‹ 
[SYS] 2025/11/18 - 20:46:08 | ä»»åŠ¡è¿›åº¦è½®è¯¢å®Œæˆ 
[GIN] 2025/11/18 - 20:46:10 | 20251118204610123349166BlIskype | 200 |     635.584Âµs |             ::1 |     GET /api/status
[SYS] 2025/11/18 - 20:46:23 | ä»»åŠ¡è¿›åº¦è½®è¯¢å¼€å§‹ 
[SYS] 2025/11/18 - 20:46:23 | ä»»åŠ¡è¿›åº¦è½®è¯¢å®Œæˆ 
[SYS] 2025/11/18 - 20:46:37 | syncing options from database 
[SYS] 2025/11/18 - 20:46:37 | syncing channels from database 
[SYS] 2025/11/18 - 20:46:37 | channels synced from database 
[SYS] 2025/11/18 - 20:46:38 | ä»»åŠ¡è¿›åº¦è½®è¯¢å¼€å§‹ 
[SYS] 2025/11/18 - 20:46:38 | ä»»åŠ¡è¿›åº¦è½®è¯¢å®Œæˆ 
[GIN] 2025/11/18 - 20:46:40 | 20251118204640199859250CKR1tyQh | 200 |    1.303792ms |             ::1 |     GET /api/status
[SYS] 2025/11/18 - 20:46:53 | ä»»åŠ¡è¿›åº¦è½®è¯¢å¼€å§‹ 
[SYS] 2025/11/18 - 20:46:53 | ä»»åŠ¡è¿›åº¦è½®è¯¢å®Œæˆ 
[SYS] 2025/11/18 - 20:47:08 | ä»»åŠ¡è¿›åº¦è½®è¯¢å¼€å§‹ 
[SYS] 2025/11/18 - 20:47:08 | ä»»åŠ¡è¿›åº¦è½®è¯¢å®Œæˆ 
[GIN] 2025/11/18 - 20:47:10 | 20251118204710319243291T2VyCHNL | 200 |    7.074625ms |             ::1 |     GET /api/status
[SYS] 2025/11/18 - 20:47:23 | ä»»åŠ¡è¿›åº¦è½®è¯¢å¼€å§‹ 
[SYS] 2025/11/18 - 20:47:23 | ä»»åŠ¡è¿›åº¦è½®è¯¢å®Œæˆ 
[SYS] 2025/11/18 - 20:47:37 | æ­£åœ¨æ›´æ–°æ•°æ®çœ‹æ¿æ•°æ®... 
[SYS] 2025/11/18 - 20:47:37 | ä¿å­˜æ•°æ®çœ‹æ¿æ•°æ®æˆåŠŸï¼Œå…±ä¿å­˜0æ¡æ•°æ® 
[SYS] 2025/11/18 - 20:47:37 | syncing options from database 
[SYS] 2025/11/18 - 20:47:37 | syncing channels from database 
[SYS] 2025/11/18 - 20:47:37 | channels synced from database 
[SYS] 2025/11/18 - 20:47:38 | ä»»åŠ¡è¿›åº¦è½®è¯¢å¼€å§‹ 
[SYS] 2025/11/18 - 20:47:38 | ä»»åŠ¡è¿›åº¦è½®è¯¢å®Œæˆ 
[GIN] 2025/11/18 - 20:47:40 | 20251118204740407564916mDD5ILiY | 200 |    2.402708ms |             ::1 |     GET /api/status
[SYS] 2025/11/18 - 20:47:53 | ä»»åŠ¡è¿›åº¦è½®è¯¢å¼€å§‹ 
[SYS] 2025/11/18 - 20:47:53 | ä»»åŠ¡è¿›åº¦è½®è¯¢å®Œæˆ 
[SYS] 2025/11/18 - 20:48:08 | ä»»åŠ¡è¿›åº¦è½®è¯¢å¼€å§‹ 
[SYS] 2025/11/18 - 20:48:08 | ä»»åŠ¡è¿›åº¦è½®è¯¢å®Œæˆ 
[GIN] 2025/11/18 - 20:48:10 | 2025111820481054681366601GnPzVN | 200 |    3.335834ms |             ::1 |     GET /api/status
[SYS] 2025/11/18 - 20:48:23 | ä»»åŠ¡è¿›åº¦è½®è¯¢å¼€å§‹ 
[SYS] 2025/11/18 - 20:48:23 | ä»»åŠ¡è¿›åº¦è½®è¯¢å®Œæˆ 
[SYS] 2025/11/18 - 20:48:37 | syncing options from database 
[SYS] 2025/11/18 - 20:48:37 | syncing channels from database 
[SYS] 2025/11/18 - 20:48:37 | channels synced from database 
[SYS] 2025/11/18 - 20:48:38 | ä»»åŠ¡è¿›åº¦è½®è¯¢å¼€å§‹ 
[SYS] 2025/11/18 - 20:48:38 | ä»»åŠ¡è¿›åº¦è½®è¯¢å®Œæˆ 
[GIN] 2025/11/18 - 20:48:40 | 20251118204840662436916DEqbz0Aq | 200 |    4.543958ms |             ::1 |     GET /api/status
[SYS] 2025/11/18 - 20:48:53 | ä»»åŠ¡è¿›åº¦è½®è¯¢å¼€å§‹ 
[SYS] 2025/11/18 - 20:48:53 | ä»»åŠ¡è¿›åº¦è½®è¯¢å®Œæˆ 
[SYS] 2025/11/18 - 20:49:08 | ä»»åŠ¡è¿›åº¦è½®è¯¢å¼€å§‹ 
[SYS] 2025/11/18 - 20:49:08 | ä»»åŠ¡è¿›åº¦è½®è¯¢å®Œæˆ 
[GIN] 2025/11/18 - 20:49:10 | 20251118204910742698458RpM1qQPi | 200 |         909Âµs |             ::1 |     GET /api/status
[SYS] 2025/11/18 - 20:49:23 | ä»»åŠ¡è¿›åº¦è½®è¯¢å¼€å§‹ 
[SYS] 2025/11/18 - 20:49:23 | ä»»åŠ¡è¿›åº¦è½®è¯¢å®Œæˆ 
[SYS] 2025/11/18 - 20:49:37 | syncing options from database 
[SYS] 2025/11/18 - 20:49:37 | syncing channels from database 
[SYS] 2025/11/18 - 20:49:37 | channels synced from database 
[SYS] 2025/11/18 - 20:49:38 | ä»»åŠ¡è¿›åº¦è½®è¯¢å¼€å§‹ 
[SYS] 2025/11/18 - 20:49:38 | ä»»åŠ¡è¿›åº¦è½®è¯¢å®Œæˆ 
[GIN] 2025/11/18 - 20:49:40 | 20251118204940845840167Lv4OPBwP | 200 |    3.334166ms |             ::1 |     GET /api/status
[SYS] 2025/11/18 - 20:49:53 | ä»»åŠ¡è¿›åº¦è½®è¯¢å¼€å§‹ 
[SYS] 2025/11/18 - 20:49:53 | ä»»åŠ¡è¿›åº¦è½®è¯¢å®Œæˆ 
[SYS] 2025/11/18 - 20:50:08 | ä»»åŠ¡è¿›åº¦è½®è¯¢å¼€å§‹ 
[SYS] 2025/11/18 - 20:50:08 | ä»»åŠ¡è¿›åº¦è½®è¯¢å®Œæˆ 
[GIN] 2025/11/18 - 20:50:10 | 20251118205010938623083v8si95hK | 200 |    1.611708ms |             ::1 |     GET /api/status
[SYS] 2025/11/18 - 20:50:23 | ä»»åŠ¡è¿›åº¦è½®è¯¢å¼€å§‹ 
[SYS] 2025/11/18 - 20:50:23 | ä»»åŠ¡è¿›åº¦è½®è¯¢å®Œæˆ 
[SYS] 2025/11/18 - 20:50:37 | syncing options from database 
[SYS] 2025/11/18 - 20:50:37 | syncing channels from database 
[SYS] 2025/11/18 - 20:50:37 | channels synced from database 
[SYS] 2025/11/18 - 20:50:38 | ä»»åŠ¡è¿›åº¦è½®è¯¢å¼€å§‹ 
[SYS] 2025/11/18 - 20:50:38 | ä»»åŠ¡è¿›åº¦è½®è¯¢å®Œæˆ 
[GIN] 2025/11/18 - 20:50:41 | 2025111820504135769000A5kVf65E | 200 |    2.463708ms |             ::1 |     GET /api/status
[SYS] 2025/11/18 - 20:50:53 | ä»»åŠ¡è¿›åº¦è½®è¯¢å¼€å§‹ 
[SYS] 2025/11/18 - 20:50:53 | ä»»åŠ¡è¿›åº¦è½®è¯¢å®Œæˆ 
[SYS] 2025/11/18 - 20:51:08 | ä»»åŠ¡è¿›åº¦è½®è¯¢å¼€å§‹ 
[SYS] 2025/11/18 - 20:51:08 | ä»»åŠ¡è¿›åº¦è½®è¯¢å®Œæˆ 
[GIN] 2025/11/18 - 20:51:11 | 20251118205111153080625tzrmwksA | 200 |    2.773041ms |             ::1 |     GET /api/status
[SYS] 2025/11/18 - 20:51:23 | ä»»åŠ¡è¿›åº¦è½®è¯¢å¼€å§‹ 
[SYS] 2025/11/18 - 20:51:23 | ä»»åŠ¡è¿›åº¦è½®è¯¢å®Œæˆ 
[SYS] 2025/11/18 - 20:51:37 | syncing options from database 
[SYS] 2025/11/18 - 20:51:37 | syncing channels from database 
[SYS] 2025/11/18 - 20:51:37 | channels synced from database 
[SYS] 2025/11/18 - 20:51:38 | ä»»åŠ¡è¿›åº¦è½®è¯¢å¼€å§‹ 
[SYS] 2025/11/18 - 20:51:38 | ä»»åŠ¡è¿›åº¦è½®è¯¢å®Œæˆ 
[GIN] 2025/11/18 - 20:51:41 | 20251118205141282564458hIiPZLv2 | 200 |    2.343875ms |             ::1 |     GET /api/status
[SYS] 2025/11/18 - 20:51:53 | ä»»åŠ¡è¿›åº¦è½®è¯¢å¼€å§‹ 
[SYS] 2025/11/18 - 20:51:53 | ä»»åŠ¡è¿›åº¦è½®è¯¢å®Œæˆ 
[SYS] 2025/11/18 - 20:52:08 | ä»»åŠ¡è¿›åº¦è½®è¯¢å¼€å§‹ 
[SYS] 2025/11/18 - 20:52:08 | ä»»åŠ¡è¿›åº¦è½®è¯¢å®Œæˆ 
[GIN] 2025/11/18 - 20:52:11 | 20251118205211394412708ueP8Fvsg | 200 |    3.028208ms |             ::1 |     GET /api/status
[SYS] 2025/11/18 - 20:52:23 | ä»»åŠ¡è¿›åº¦è½®è¯¢å¼€å§‹ 
[SYS] 2025/11/18 - 20:52:23 | ä»»åŠ¡è¿›åº¦è½®è¯¢å®Œæˆ 
[SYS] 2025/11/18 - 20:52:37 | æ­£åœ¨æ›´æ–°æ•°æ®çœ‹æ¿æ•°æ®... 
[SYS] 2025/11/18 - 20:52:37 | ä¿å­˜æ•°æ®çœ‹æ¿æ•°æ®æˆåŠŸï¼Œå…±ä¿å­˜0æ¡æ•°æ® 
[SYS] 2025/11/18 - 20:52:37 | syncing options from database 
[SYS] 2025/11/18 - 20:52:37 | syncing channels from database 
[SYS] 2025/11/18 - 20:52:37 | channels synced from database 
[SYS] 2025/11/18 - 20:52:38 | ä»»åŠ¡è¿›åº¦è½®è¯¢å¼€å§‹ 
[SYS] 2025/11/18 - 20:52:38 | ä»»åŠ¡è¿›åº¦è½®è¯¢å®Œæˆ 
[GIN] 2025/11/18 - 20:52:41 | 20251118205241488104042WT6m2KK9 | 200 |    1.619167ms |             ::1 |     GET /api/status
[GIN] 2025/11/18 - 20:52:51 | 202511182052518087079226tMkYw05 | 404 |    2.082625ms |    192.168.65.1 |     GET /docs?ide_webview_request_time=1763469745988
[GIN] 2025/11/18 - 20:52:51 | 20251118205251818653922rvtntNyr | 404 |     217.791Âµs |    192.168.65.1 |     GET /docs?ide_webview_request_time=1763469745988
[GIN] 2025/11/18 - 20:52:52 | 2025111820525288778380NkEAcUS6 | 200 |    6.923209ms |    192.168.65.1 |     GET /@vite/client
[SYS] 2025/11/18 - 20:52:53 | ä»»åŠ¡è¿›åº¦è½®è¯¢å¼€å§‹ 
[SYS] 2025/11/18 - 20:52:53 | ä»»åŠ¡è¿›åº¦è½®è¯¢å®Œæˆ 
[GIN] 2025/11/18 - 20:52:58 | 20251118205258782473967PA4t7KOx | 404 |     569.083Âµs |    192.168.65.1 |     GET /docs?ide_webview_request_time=1763469745988
[GIN] 2025/11/18 - 20:52:58 | 202511182052588019429675e4anklV | 200 |    9.809458ms |    192.168.65.1 |     GET /@vite/client
[GIN] 2025/11/18 - 20:52:59 | 20251118205259970900051sjUKqUC9 | 404 |     575.542Âµs |    192.168.65.1 |     GET /docs?ide_webview_request_time=1763469745988
[GIN] 2025/11/18 - 20:52:59 | 20251118205259987458217mFGVenvL | 200 |    3.907584ms |    192.168.65.1 |     GET /@vite/client
[SYS] 2025/11/18 - 20:53:08 | ä»»åŠ¡è¿›åº¦è½®è¯¢å¼€å§‹ 
[SYS] 2025/11/18 - 20:53:08 | ä»»åŠ¡è¿›åº¦è½®è¯¢å®Œæˆ 
[GIN] 2025/11/18 - 20:53:11 | 20251118205311581190875oYuohcKH | 200 |    1.131292ms |             ::1 |     GET /api/status
[SYS] 2025/11/18 - 20:53:23 | ä»»åŠ¡è¿›åº¦è½®è¯¢å¼€å§‹ 
[SYS] 2025/11/18 - 20:53:23 | ä»»åŠ¡è¿›åº¦è½®è¯¢å®Œæˆ 
