[SYS] 2025/11/14 - 17:13:20 | initializing token encoders 
[SYS] 2025/11/14 - 17:13:20 | token encoders initialized 
[SYS] 2025/11/14 - 17:13:20 | using MySQL as database 
[SYS] 2025/11/14 - 17:13:20 | database migration started 
[SYS] 2025/11/14 - 17:13:20 | system is already initialized at: 2025-11-13 18:51:02 +0800 CST 
[SYS] 2025/11/14 - 17:13:20 | SYNC_FREQUENCY not set, use default value 60 
[SYS] 2025/11/14 - 17:13:20 | Redis is enabled 
[SYS] 2025/11/14 - 17:13:20 | New API  started 
[SYS] 2025/11/14 - 17:13:20 | memory cache enabled 
[SYS] 2025/11/14 - 17:13:20 | sync frequency: 60 seconds 
[SYS] 2025/11/14 - 17:13:20 | channels synced from database 
[SYS] 2025/11/14 - 17:13:20 | batch update enabled with interval 5s 
[SYS] 2025/11/14 - 17:13:20 | æ­£åœ¨æ›´æ–°æ•°æ®çœ‹æ¿æ•°æ®... 
[SYS] 2025/11/14 - 17:13:20 | ä¿å­˜æ•°æ®çœ‹æ¿æ•°æ®æˆåŠŸï¼Œå…±ä¿å­˜0æ¡æ•°æ® 

  [32mNew API [0m  ready in 124 ms

  âœ  [1mNetwork:[0m http://172.20.0.4:3000/

[SYS] 2025/11/14 - 17:13:35 | ä»»åŠ¡è¿›åº¦è½®è¯¢å¼€å§‹ 
[SYS] 2025/11/14 - 17:13:36 | ä»»åŠ¡è¿›åº¦è½®è¯¢å®Œæˆ 
[GIN] 2025/11/14 - 17:13:50 | 20251114171350920353173g1rvsH4o | 200 |    2.241125ms |             ::1 |     GET /api/status
[SYS] 2025/11/14 - 17:13:51 | ä»»åŠ¡è¿›åº¦è½®è¯¢å¼€å§‹ 
[SYS] 2025/11/14 - 17:13:51 | ä»»åŠ¡è¿›åº¦è½®è¯¢å®Œæˆ 
[SYS] 2025/11/14 - 17:14:06 | ä»»åŠ¡è¿›åº¦è½®è¯¢å¼€å§‹ 
[SYS] 2025/11/14 - 17:14:06 | ä»»åŠ¡è¿›åº¦è½®è¯¢å®Œæˆ 
[SYS] 2025/11/14 - 17:14:20 | syncing options from database 
[SYS] 2025/11/14 - 17:14:20 | syncing channels from database 
[SYS] 2025/11/14 - 17:14:20 | channels synced from database 
[SYS] 2025/11/14 - 17:14:21 | ä»»åŠ¡è¿›åº¦è½®è¯¢å¼€å§‹ 
[SYS] 2025/11/14 - 17:14:21 | ä»»åŠ¡è¿›åº¦è½®è¯¢å®Œæˆ 
[GIN] 2025/11/14 - 17:14:21 | 2025111417142125764132NNAms9fw | 200 |    1.299833ms |             ::1 |     GET /api/status
[SYS] 2025/11/14 - 17:14:36 | ä»»åŠ¡è¿›åº¦è½®è¯¢å¼€å§‹ 
[SYS] 2025/11/14 - 17:14:36 | ä»»åŠ¡è¿›åº¦è½®è¯¢å®Œæˆ 
[INFO] 2025/11/14 - 17:14:39 | 20251114171439969079210Nj6aNaGS | ç”¨æˆ· 1 é¢åº¦å……è¶³ä¸”ä¸ºæ— é™é¢åº¦ä»¤ç‰Œ, ä¿¡ä»»ä¸”ä¸éœ€è¦é¢„æ‰£è´¹ 
[ERR] 2025/11/14 - 17:14:39 | 20251114171439969079210Nj6aNaGS | channel error (channel #1, status code: 500): failed to parse multipart form 
[INFO] 2025/11/14 - 17:14:39 | 20251114171439969079210Nj6aNaGS | record error log: userId=1, channelId=1, modelName=sora-2, tokenName=1, content=failed to parse multipart form 
[ERR] 2025/11/14 - 17:14:40 | 20251114171439969079210Nj6aNaGS | relay error: failed to parse multipart form 
[GIN] 2025/11/14 - 17:14:40 | 20251114171439969079210Nj6aNaGS | 500 |   32.218291ms |    192.168.65.1 |    POST /v1/images/edits
[SYS] 2025/11/14 - 17:14:51 | ä»»åŠ¡è¿›åº¦è½®è¯¢å¼€å§‹ 
[SYS] 2025/11/14 - 17:14:51 | ä»»åŠ¡è¿›åº¦è½®è¯¢å®Œæˆ 
[GIN] 2025/11/14 - 17:14:51 | 20251114171451115350340drUbUeM5 | 200 |    1.301667ms |             ::1 |     GET /api/status
[SYS] 2025/11/14 - 17:15:06 | ä»»åŠ¡è¿›åº¦è½®è¯¢å¼€å§‹ 
[SYS] 2025/11/14 - 17:15:06 | ä»»åŠ¡è¿›åº¦è½®è¯¢å®Œæˆ 
[SYS] 2025/11/14 - 17:15:20 | syncing options from database 
[SYS] 2025/11/14 - 17:15:20 | syncing channels from database 
[SYS] 2025/11/14 - 17:15:21 | channels synced from database 
[SYS] 2025/11/14 - 17:15:21 | ä»»åŠ¡è¿›åº¦è½®è¯¢å¼€å§‹ 
[SYS] 2025/11/14 - 17:15:21 | ä»»åŠ¡è¿›åº¦è½®è¯¢å®Œæˆ 
[GIN] 2025/11/14 - 17:15:21 | 20251114171521209140340ejRwbdiE | 200 |    4.910875ms |             ::1 |     GET /api/status
[GIN] 2025/11/14 - 17:15:28 | 20251114171528548789385vakQU9vI | 200 |    4.038833ms |    192.168.65.1 |     GET /console/token
[GIN] 2025/11/14 - 17:15:29 | 2025111417152899253634463BtyesD | 200 |   17.011167ms |    192.168.65.1 |     GET /api/status
[GIN] 2025/11/14 - 17:15:29 | 20251114171528992545594vnyU3vfn | 401 |   18.037958ms |    192.168.65.1 |     GET /api/user/self/groups
[GIN] 2025/11/14 - 17:15:29 | 20251114171528992945886CQPShIFu | 401 |   21.652333ms |    192.168.65.1 |     GET /api/token/?p=1&size=10
[GIN] 2025/11/14 - 17:15:29 | 202511141715289935922196CrcHFCO | 401 |   25.616042ms |    192.168.65.1 |     GET /api/user/models
[GIN] 2025/11/14 - 17:15:29 | 202511141715289934104271rNgJMun | 401 |   27.326416ms |    192.168.65.1 |     GET /api/user/self
[GIN] 2025/11/14 - 17:15:29 | 2025111417152923170094GbXl0Y3f | 200 |    2.875667ms |    192.168.65.1 |     GET /login?expired=true
[GIN] 2025/11/14 - 17:15:29 | 2025111417152947037469xWAcOXkA | 200 |    3.845042ms |    192.168.65.1 |     GET /login?expired=true
[GIN] 2025/11/14 - 17:15:29 | 20251114171529330753344fU9aFGIj | 200 |    1.124083ms |    192.168.65.1 |     GET /api/status
[SYS] 2025/11/14 - 17:15:36 | ä»»åŠ¡è¿›åº¦è½®è¯¢å¼€å§‹ 
[SYS] 2025/11/14 - 17:15:36 | ä»»åŠ¡è¿›åº¦è½®è¯¢å®Œæˆ 
[SYS] 2025/11/14 - 17:15:51 | ä»»åŠ¡è¿›åº¦è½®è¯¢å¼€å§‹ 
[SYS] 2025/11/14 - 17:15:51 | ä»»åŠ¡è¿›åº¦è½®è¯¢å®Œæˆ 
[GIN] 2025/11/14 - 17:15:51 | 2025111417155131135479909Sa1Iak | 200 |    2.534584ms |             ::1 |     GET /api/status
[SYS] 2025/11/14 - 17:16:06 | ä»»åŠ¡è¿›åº¦è½®è¯¢å¼€å§‹ 
[SYS] 2025/11/14 - 17:16:06 | ä»»åŠ¡è¿›åº¦è½®è¯¢å®Œæˆ 
[SYS] 2025/11/14 - 17:16:21 | syncing options from database 
[SYS] 2025/11/14 - 17:16:21 | syncing channels from database 
[SYS] 2025/11/14 - 17:16:21 | channels synced from database 
[SYS] 2025/11/14 - 17:16:21 | ä»»åŠ¡è¿›åº¦è½®è¯¢å¼€å§‹ 
[SYS] 2025/11/14 - 17:16:21 | ä»»åŠ¡è¿›åº¦è½®è¯¢å®Œæˆ 
[GIN] 2025/11/14 - 17:16:21 | 2025111417162140694809022lLhPsX | 200 |    2.573959ms |             ::1 |     GET /api/status
[SYS] 2025/11/14 - 17:16:36 | ä»»åŠ¡è¿›åº¦è½®è¯¢å¼€å§‹ 
[SYS] 2025/11/14 - 17:16:36 | ä»»åŠ¡è¿›åº¦è½®è¯¢å®Œæˆ 
[SYS] 2025/11/14 - 17:16:51 | ä»»åŠ¡è¿›åº¦è½®è¯¢å¼€å§‹ 
[SYS] 2025/11/14 - 17:16:51 | ä»»åŠ¡è¿›åº¦è½®è¯¢å®Œæˆ 
[GIN] 2025/11/14 - 17:16:51 | 202511141716514786077576QzAHg8p | 200 |      479.25Âµs |             ::1 |     GET /api/status
[SYS] 2025/11/14 - 17:17:06 | ä»»åŠ¡è¿›åº¦è½®è¯¢å¼€å§‹ 
[SYS] 2025/11/14 - 17:17:06 | ä»»åŠ¡è¿›åº¦è½®è¯¢å®Œæˆ 
[SYS] 2025/11/14 - 17:17:21 | syncing options from database 
[SYS] 2025/11/14 - 17:17:21 | syncing channels from database 
[SYS] 2025/11/14 - 17:17:21 | channels synced from database 
[SYS] 2025/11/14 - 17:17:21 | ä»»åŠ¡è¿›åº¦è½®è¯¢å¼€å§‹ 
[SYS] 2025/11/14 - 17:17:21 | ä»»åŠ¡è¿›åº¦è½®è¯¢å®Œæˆ 
[GIN] 2025/11/14 - 17:17:21 | 20251114171721568274340OPV9m7MQ | 200 |    1.849375ms |             ::1 |     GET /api/status
[SYS] 2025/11/14 - 17:17:36 | ä»»åŠ¡è¿›åº¦è½®è¯¢å¼€å§‹ 
[SYS] 2025/11/14 - 17:17:36 | ä»»åŠ¡è¿›åº¦è½®è¯¢å®Œæˆ 
[SYS] 2025/11/14 - 17:17:51 | ä»»åŠ¡è¿›åº¦è½®è¯¢å¼€å§‹ 
[SYS] 2025/11/14 - 17:17:51 | ä»»åŠ¡è¿›åº¦è½®è¯¢å®Œæˆ 
[GIN] 2025/11/14 - 17:17:51 | 20251114171751696117965AhHZeUNu | 200 |    4.567709ms |             ::1 |     GET /api/status
[SYS] 2025/11/14 - 17:18:06 | ä»»åŠ¡è¿›åº¦è½®è¯¢å¼€å§‹ 
[SYS] 2025/11/14 - 17:18:06 | ä»»åŠ¡è¿›åº¦è½®è¯¢å®Œæˆ 
[ERR] 2025/11/14 - 17:18:08 | 20251114171808212462251yRIHRM6l | user 0 | æ— æ•ˆçš„ä»¤ç‰Œ 
[GIN] 2025/11/14 - 17:18:08 | 20251114171808212462251yRIHRM6l | 401 |    7.457584ms |    192.168.65.1 |    POST /v1/images/edits
[ERR] 2025/11/14 - 17:18:08 | 20251114171808227830292uJtfWtaZ | user 0 | æ— æ•ˆçš„ä»¤ç‰Œ 
[GIN] 2025/11/14 - 17:18:08 | 20251114171808227830292uJtfWtaZ | 401 |    1.830834ms |    192.168.65.1 |    POST /v1/images/edits
[ERR] 2025/11/14 - 17:18:08 | 20251114171808233802501HaM6xBeu | user 0 | æ— æ•ˆçš„ä»¤ç‰Œ 
[GIN] 2025/11/14 - 17:18:08 | 20251114171808233802501HaM6xBeu | 401 |    1.642833ms |    192.168.65.1 |    POST /v1/images/edits
[SYS] 2025/11/14 - 17:18:20 | æ­£åœ¨æ›´æ–°æ•°æ®çœ‹æ¿æ•°æ®... 
[SYS] 2025/11/14 - 17:18:20 | ä¿å­˜æ•°æ®çœ‹æ¿æ•°æ®æˆåŠŸï¼Œå…±ä¿å­˜0æ¡æ•°æ® 
[SYS] 2025/11/14 - 17:18:21 | syncing options from database 
[SYS] 2025/11/14 - 17:18:21 | syncing channels from database 
[SYS] 2025/11/14 - 17:18:21 | channels synced from database 
[SYS] 2025/11/14 - 17:18:21 | ä»»åŠ¡è¿›åº¦è½®è¯¢å¼€å§‹ 
[SYS] 2025/11/14 - 17:18:21 | ä»»åŠ¡è¿›åº¦è½®è¯¢å®Œæˆ 
[GIN] 2025/11/14 - 17:18:21 | 20251114171821776155132VcpCZzSf | 200 |     863.125Âµs |             ::1 |     GET /api/status
[SYS] 2025/11/14 - 17:18:36 | ä»»åŠ¡è¿›åº¦è½®è¯¢å¼€å§‹ 
[SYS] 2025/11/14 - 17:18:36 | ä»»åŠ¡è¿›åº¦è½®è¯¢å®Œæˆ 
[SYS] 2025/11/14 - 17:18:51 | ä»»åŠ¡è¿›åº¦è½®è¯¢å¼€å§‹ 
[SYS] 2025/11/14 - 17:18:51 | ä»»åŠ¡è¿›åº¦è½®è¯¢å®Œæˆ 
[GIN] 2025/11/14 - 17:18:51 | 20251114171851994256049t6lFM0KY | 200 |    3.360458ms |             ::1 |     GET /api/status
[SYS] 2025/11/14 - 17:19:06 | ä»»åŠ¡è¿›åº¦è½®è¯¢å¼€å§‹ 
[SYS] 2025/11/14 - 17:19:06 | ä»»åŠ¡è¿›åº¦è½®è¯¢å®Œæˆ 
[SYS] 2025/11/14 - 17:19:21 | syncing options from database 
[SYS] 2025/11/14 - 17:19:21 | syncing channels from database 
[SYS] 2025/11/14 - 17:19:21 | channels synced from database 
[SYS] 2025/11/14 - 17:19:21 | ä»»åŠ¡è¿›åº¦è½®è¯¢å¼€å§‹ 
[SYS] 2025/11/14 - 17:19:21 | ä»»åŠ¡è¿›åº¦è½®è¯¢å®Œæˆ 
[GIN] 2025/11/14 - 17:19:22 | 2025111417192260597424mYrGe4Ra | 200 |    2.976416ms |             ::1 |     GET /api/status
[SYS] 2025/11/14 - 17:19:36 | ä»»åŠ¡è¿›åº¦è½®è¯¢å¼€å§‹ 
[SYS] 2025/11/14 - 17:19:36 | ä»»åŠ¡è¿›åº¦è½®è¯¢å®Œæˆ 
