[SYS] 2025/11/13 - 18:19:02 | initializing token encoders 
[SYS] 2025/11/13 - 18:19:02 | token encoders initialized 
[SYS] 2025/11/13 - 18:19:02 | using MySQL as database 
[SYS] 2025/11/13 - 18:19:02 | database migration started 
[SYS] 2025/11/13 - 18:19:02 | system is not initialized and no root user exists 
[SYS] 2025/11/13 - 18:19:02 | SYNC_FREQUENCY not set, use default value 60 
[SYS] 2025/11/13 - 18:19:02 | Redis is enabled 
[SYS] 2025/11/13 - 18:19:02 | New API v0.9.20-patch.2 started 
[SYS] 2025/11/13 - 18:19:02 | memory cache enabled 
[SYS] 2025/11/13 - 18:19:02 | sync frequency: 60 seconds 
[SYS] 2025/11/13 - 18:19:02 | channels synced from database 
[SYS] 2025/11/13 - 18:19:02 | batch update enabled with interval 5s 
[SYS] 2025/11/13 - 18:19:02 | æ­£åœ¨æ›´æ–°æ•°æ®çœ‹æ¿æ•°æ®... 
[SYS] 2025/11/13 - 18:19:02 | ä¿å­˜æ•°æ®çœ‹æ¿æ•°æ®æˆåŠŸï¼Œå…±ä¿å­˜0æ¡æ•°æ® 

  [32mNew API v0.9.20-patch.2[0m  ready in 80 ms

  âœ  [1mNetwork:[0m http://172.20.0.4:3000/

[GIN] 2025/11/13 - 18:19:09 | 20251113181909920141221BU2GCpe3 | 200 |    1.085833ms |    192.168.65.1 |     GET /.well-known/appspecific/com.chrome.devtools.json
[GIN] 2025/11/13 - 18:19:11 | 20251113181911662575013Jmkxowia | 200 |    1.346959ms |    192.168.65.1 |     GET /setup
[GIN] 2025/11/13 - 18:19:11 | 20251113181911690445347dwMFmVW5 | 200 |    20.81525ms |    192.168.65.1 |     GET /assets/react-core-D-iPSUlg.js
[GIN] 2025/11/13 - 18:19:11 | 20251113181911692521430i8J3ANvv | 200 |   21.657375ms |    192.168.65.1 |     GET /assets/react-components-BnylIsR_.js
[GIN] 2025/11/13 - 18:19:11 | 20251113181911692683097Z9fpELkE | 200 |   26.568292ms |    192.168.65.1 |     GET /assets/tools-TqkjAL0q.js
[GIN] 2025/11/13 - 18:19:11 | 20251113181911719920472dFmKyuap | 200 |    6.403417ms |    192.168.65.1 |     GET /assets/i18n-C9IJcHxj.js
[GIN] 2025/11/13 - 18:19:11 | 20251113181911726220430VW9o1NOD | 200 |    4.389875ms |    192.168.65.1 |     GET /.well-known/appspecific/com.chrome.devtools.json
[GIN] 2025/11/13 - 18:19:11 | 20251113181911692786305vlysOWdr | 200 |   44.426625ms |    192.168.65.1 |     GET /assets/semi-ui-yRXI6evF.css
[GIN] 2025/11/13 - 18:19:11 | 202511131819117184763885WIEEEZ2 | 200 |   25.918376ms |    192.168.65.1 |     GET /assets/index-CGn-Gmbj.css
[GIN] 2025/11/13 - 18:19:11 | 20251113181911690444138HRZJtdGQ | 200 |   86.729417ms |    192.168.65.1 |     GET /assets/semi-ui-CUCUWUtB.js
[GIN] 2025/11/13 - 18:19:11 | 202511131819116927462633L3BlGfq | 200 |  183.286375ms |    192.168.65.1 |     GET /assets/index-CujC8ecU.js
[GIN] 2025/11/13 - 18:19:12 | 20251113181912137459930EtFuAQqt | 200 |    1.700542ms |    192.168.65.1 |     GET /api/status
[GIN] 2025/11/13 - 18:19:12 | 20251113181912137329347zyNH2xn4 | 200 |    2.791291ms |    192.168.65.1 |     GET /api/setup
[GIN] 2025/11/13 - 18:19:12 | 2025111318191214098588954qwKNfF | 200 |       944.5Âµs |    192.168.65.1 |     GET /logo.png
[GIN] 2025/11/13 - 18:19:12 | 20251113181912255928972mPWmLooO | 200 |     608.834Âµs |    192.168.65.1 |     GET /logo.png
[GIN] 2025/11/13 - 18:19:13 | 20251113181913928796000T4oG1RhH | 200 |    2.972458ms |    192.168.65.1 |     GET /favicon.ico
[SYS] 2025/11/13 - 18:19:17 | ä»»åŠ¡è¿›åº¦è½®è¯¢å¼€å§‹ 
[SYS] 2025/11/13 - 18:19:17 | ä»»åŠ¡è¿›åº¦è½®è¯¢å®Œæˆ 
[GIN] 2025/11/13 - 18:19:32 | 20251113181932875347509wLEsi2dc | 200 |    2.301458ms |             ::1 |     GET /api/status
[SYS] 2025/11/13 - 18:19:32 | ä»»åŠ¡è¿›åº¦è½®è¯¢å¼€å§‹ 
[SYS] 2025/11/13 - 18:19:32 | ä»»åŠ¡è¿›åº¦è½®è¯¢å®Œæˆ 
[SYS] 2025/11/13 - 18:19:47 | ä»»åŠ¡è¿›åº¦è½®è¯¢å¼€å§‹ 
[SYS] 2025/11/13 - 18:19:47 | ä»»åŠ¡è¿›åº¦è½®è¯¢å®Œæˆ 
[SYS] 2025/11/13 - 18:20:02 | syncing options from database 
[SYS] 2025/11/13 - 18:20:02 | syncing channels from database 
[SYS] 2025/11/13 - 18:20:02 | channels synced from database 
[SYS] 2025/11/13 - 18:20:02 | ä»»åŠ¡è¿›åº¦è½®è¯¢å¼€å§‹ 
[GIN] 2025/11/13 - 18:20:02 | 20251113182002930779176YgDdAY23 | 200 |    2.631125ms |             ::1 |     GET /api/status
[SYS] 2025/11/13 - 18:20:02 | ä»»åŠ¡è¿›åº¦è½®è¯¢å®Œæˆ 
[SYS] 2025/11/13 - 18:20:17 | ä»»åŠ¡è¿›åº¦è½®è¯¢å¼€å§‹ 
[SYS] 2025/11/13 - 18:20:17 | ä»»åŠ¡è¿›åº¦è½®è¯¢å®Œæˆ 
[SYS] 2025/11/13 - 18:20:32 | ä»»åŠ¡è¿›åº¦è½®è¯¢å¼€å§‹ 
[SYS] 2025/11/13 - 18:20:32 | ä»»åŠ¡è¿›åº¦è½®è¯¢å®Œæˆ 
[GIN] 2025/11/13 - 18:20:32 | 20251113182032999058301dfknJOtz | 200 |     865.167Âµs |             ::1 |     GET /api/status
[SYS] 2025/11/13 - 18:20:47 | ä»»åŠ¡è¿›åº¦è½®è¯¢å¼€å§‹ 
[SYS] 2025/11/13 - 18:20:47 | ä»»åŠ¡è¿›åº¦è½®è¯¢å®Œæˆ 
[SYS] 2025/11/13 - 18:21:02 | syncing options from database 
[SYS] 2025/11/13 - 18:21:02 | syncing channels from database 
[SYS] 2025/11/13 - 18:21:02 | channels synced from database 
[SYS] 2025/11/13 - 18:21:02 | ä»»åŠ¡è¿›åº¦è½®è¯¢å¼€å§‹ 
[SYS] 2025/11/13 - 18:21:02 | ä»»åŠ¡è¿›åº¦è½®è¯¢å®Œæˆ 
[GIN] 2025/11/13 - 18:21:03 | 2025111318210363561134EPQjw9YQ | 200 |     602.833Âµs |             ::1 |     GET /api/status
[SYS] 2025/11/13 - 18:21:17 | ä»»åŠ¡è¿›åº¦è½®è¯¢å¼€å§‹ 
[SYS] 2025/11/13 - 18:21:17 | ä»»åŠ¡è¿›åº¦è½®è¯¢å®Œæˆ 
[SYS] 2025/11/13 - 18:21:32 | ä»»åŠ¡è¿›åº¦è½®è¯¢å¼€å§‹ 
[SYS] 2025/11/13 - 18:21:32 | ä»»åŠ¡è¿›åº¦è½®è¯¢å®Œæˆ 
[GIN] 2025/11/13 - 18:21:33 | 20251113182133121699968pW6bjGZk | 200 |    1.732583ms |             ::1 |     GET /api/status
[SYS] 2025/11/13 - 18:21:47 | ä»»åŠ¡è¿›åº¦è½®è¯¢å¼€å§‹ 
[SYS] 2025/11/13 - 18:21:47 | ä»»åŠ¡è¿›åº¦è½®è¯¢å®Œæˆ 
[SYS] 2025/11/13 - 18:22:02 | syncing options from database 
[SYS] 2025/11/13 - 18:22:02 | syncing channels from database 
[SYS] 2025/11/13 - 18:22:02 | channels synced from database 
[SYS] 2025/11/13 - 18:22:02 | ä»»åŠ¡è¿›åº¦è½®è¯¢å¼€å§‹ 
[SYS] 2025/11/13 - 18:22:03 | ä»»åŠ¡è¿›åº¦è½®è¯¢å®Œæˆ 
[GIN] 2025/11/13 - 18:22:03 | 20251113182203183974718fCkmzFbS | 200 |     843.208Âµs |             ::1 |     GET /api/status
[SYS] 2025/11/13 - 18:22:18 | ä»»åŠ¡è¿›åº¦è½®è¯¢å¼€å§‹ 
[SYS] 2025/11/13 - 18:22:18 | ä»»åŠ¡è¿›åº¦è½®è¯¢å®Œæˆ 
[SYS] 2025/11/13 - 18:22:33 | ä»»åŠ¡è¿›åº¦è½®è¯¢å¼€å§‹ 
[SYS] 2025/11/13 - 18:22:33 | ä»»åŠ¡è¿›åº¦è½®è¯¢å®Œæˆ 
[GIN] 2025/11/13 - 18:22:33 | 20251113182233244963134LOBzt9SU | 200 |      493.25Âµs |             ::1 |     GET /api/status
[SYS] 2025/11/13 - 18:22:48 | ä»»åŠ¡è¿›åº¦è½®è¯¢å¼€å§‹ 
[SYS] 2025/11/13 - 18:22:48 | ä»»åŠ¡è¿›åº¦è½®è¯¢å®Œæˆ 
[SYS] 2025/11/13 - 18:23:02 | syncing options from database 
[SYS] 2025/11/13 - 18:23:02 | syncing channels from database 
[SYS] 2025/11/13 - 18:23:02 | channels synced from database 
[SYS] 2025/11/13 - 18:23:03 | ä»»åŠ¡è¿›åº¦è½®è¯¢å¼€å§‹ 
[SYS] 2025/11/13 - 18:23:03 | ä»»åŠ¡è¿›åº¦è½®è¯¢å®Œæˆ 
[GIN] 2025/11/13 - 18:23:03 | 20251113182303318704468a2tpiO3P | 200 |    1.016583ms |             ::1 |     GET /api/status
[SYS] 2025/11/13 - 18:23:18 | ä»»åŠ¡è¿›åº¦è½®è¯¢å¼€å§‹ 
[SYS] 2025/11/13 - 18:23:18 | ä»»åŠ¡è¿›åº¦è½®è¯¢å®Œæˆ 
[SYS] 2025/11/13 - 18:23:33 | ä»»åŠ¡è¿›åº¦è½®è¯¢å¼€å§‹ 
[SYS] 2025/11/13 - 18:23:33 | ä»»åŠ¡è¿›åº¦è½®è¯¢å®Œæˆ 
[GIN] 2025/11/13 - 18:23:33 | 2025111318233337830138479F4ePoQ | 200 |     615.417Âµs |             ::1 |     GET /api/status
[SYS] 2025/11/13 - 18:23:48 | ä»»åŠ¡è¿›åº¦è½®è¯¢å¼€å§‹ 
[SYS] 2025/11/13 - 18:23:48 | ä»»åŠ¡è¿›åº¦è½®è¯¢å®Œæˆ 
[SYS] 2025/11/13 - 18:24:02 | æ­£åœ¨æ›´æ–°æ•°æ®çœ‹æ¿æ•°æ®... 
[SYS] 2025/11/13 - 18:24:02 | ä¿å­˜æ•°æ®çœ‹æ¿æ•°æ®æˆåŠŸï¼Œå…±ä¿å­˜0æ¡æ•°æ® 
[SYS] 2025/11/13 - 18:24:02 | syncing options from database 
[SYS] 2025/11/13 - 18:24:02 | syncing channels from database 
[SYS] 2025/11/13 - 18:24:02 | channels synced from database 
[SYS] 2025/11/13 - 18:24:03 | ä»»åŠ¡è¿›åº¦è½®è¯¢å¼€å§‹ 
[SYS] 2025/11/13 - 18:24:03 | ä»»åŠ¡è¿›åº¦è½®è¯¢å®Œæˆ 
[GIN] 2025/11/13 - 18:24:03 | 20251113182403446937343HFXySvZw | 200 |       462.5Âµs |             ::1 |     GET /api/status
[SYS] 2025/11/13 - 18:24:18 | ä»»åŠ¡è¿›åº¦è½®è¯¢å¼€å§‹ 
[SYS] 2025/11/13 - 18:24:18 | ä»»åŠ¡è¿›åº¦è½®è¯¢å®Œæˆ 
