[SYS] 2025/11/18 - 12:46:37 | initializing token encoders 
[SYS] 2025/11/18 - 12:46:37 | token encoders initialized 
[SYS] 2025/11/18 - 12:46:37 | using MySQL as database 
[SYS] 2025/11/18 - 12:46:37 | database migration started 
[SYS] 2025/11/18 - 12:46:37 | system is already initialized at: 2025-11-13 18:51:02 +0800 CST 
[SYS] 2025/11/18 - 12:46:37 | SYNC_FREQUENCY not set, use default value 60 
[SYS] 2025/11/18 - 12:46:37 | Redis is enabled 
[SYS] 2025/11/18 - 12:46:37 | New API  started 
[SYS] 2025/11/18 - 12:46:37 | memory cache enabled 
[SYS] 2025/11/18 - 12:46:37 | sync frequency: 60 seconds 
[SYS] 2025/11/18 - 12:46:37 | channels synced from database 
[SYS] 2025/11/18 - 12:46:37 | batch update enabled with interval 5s 
[SYS] 2025/11/18 - 12:46:37 | æ­£åœ¨æ›´æ–°æ•°æ®çœ‹æ¿æ•°æ®... 
[SYS] 2025/11/18 - 12:46:37 | ä¿å­˜æ•°æ®çœ‹æ¿æ•°æ®æˆåŠŸï¼Œå…±ä¿å­˜0æ¡æ•°æ® 

  [32mNew API [0m  ready in 99 ms

  âœ  [1mNetwork:[0m http://172.20.0.2:3000/

[SYS] 2025/11/18 - 12:46:52 | ä»»åŠ¡è¿›åº¦è½®è¯¢å¼€å§‹ 
[SYS] 2025/11/18 - 12:46:52 | ä»»åŠ¡è¿›åº¦è½®è¯¢å®Œæˆ 
[GIN] 2025/11/18 - 12:47:07 | 20251118124707550938668Obtlrjvj | 200 |    2.057334ms |             ::1 |     GET /api/status
[SYS] 2025/11/18 - 12:47:07 | ä»»åŠ¡è¿›åº¦è½®è¯¢å¼€å§‹ 
[SYS] 2025/11/18 - 12:47:07 | ä»»åŠ¡è¿›åº¦è½®è¯¢å®Œæˆ 
[SYS] 2025/11/18 - 12:47:22 | ä»»åŠ¡è¿›åº¦è½®è¯¢å¼€å§‹ 
[SYS] 2025/11/18 - 12:47:22 | ä»»åŠ¡è¿›åº¦è½®è¯¢å®Œæˆ 
[SYS] 2025/11/18 - 12:47:37 | syncing options from database 
[SYS] 2025/11/18 - 12:47:37 | syncing channels from database 
[SYS] 2025/11/18 - 12:47:37 | channels synced from database 
[SYS] 2025/11/18 - 12:47:37 | ä»»åŠ¡è¿›åº¦è½®è¯¢å¼€å§‹ 
[SYS] 2025/11/18 - 12:47:37 | ä»»åŠ¡è¿›åº¦è½®è¯¢å®Œæˆ 
[GIN] 2025/11/18 - 12:47:37 | 20251118124737611915668TmO5tr78 | 200 |    1.328958ms |             ::1 |     GET /api/status
[GIN] 2025/11/18 - 12:47:50 | 20251118124750470287424VSqZ5sPZ | 200 |    2.629375ms |    192.168.65.1 |     GET /
[GIN] 2025/11/18 - 12:47:50 | 2025111812475090040500885856Mhf | 200 |    1.211333ms |    192.168.65.1 |     GET /api/status
[GIN] 2025/11/18 - 12:47:50 | 20251118124750918905966aKlJMaui | 200 |    2.970625ms |    192.168.65.1 |     GET /api/notice
[GIN] 2025/11/18 - 12:47:50 | 202511181247509210430082X4R9e0V | 200 |    3.718958ms |    192.168.65.1 |     GET /api/home_page_content
[SYS] 2025/11/18 - 12:47:52 | ä»»åŠ¡è¿›åº¦è½®è¯¢å¼€å§‹ 
[SYS] 2025/11/18 - 12:47:52 | ä»»åŠ¡è¿›åº¦è½®è¯¢å®Œæˆ 
[SYS] 2025/11/18 - 12:48:07 | ä»»åŠ¡è¿›åº¦è½®è¯¢å¼€å§‹ 
[SYS] 2025/11/18 - 12:48:07 | ä»»åŠ¡è¿›åº¦è½®è¯¢å®Œæˆ 
[GIN] 2025/11/18 - 12:48:07 | 20251118124807654619418jdiPKYCa | 200 |     3.68375ms |             ::1 |     GET /api/status
[SYS] 2025/11/18 - 12:48:22 | ä»»åŠ¡è¿›åº¦è½®è¯¢å¼€å§‹ 
[SYS] 2025/11/18 - 12:48:22 | ä»»åŠ¡è¿›åº¦è½®è¯¢å®Œæˆ 
[SYS] 2025/11/18 - 12:48:37 | syncing options from database 
[SYS] 2025/11/18 - 12:48:37 | syncing channels from database 
[SYS] 2025/11/18 - 12:48:37 | channels synced from database 
[SYS] 2025/11/18 - 12:48:37 | ä»»åŠ¡è¿›åº¦è½®è¯¢å¼€å§‹ 
[SYS] 2025/11/18 - 12:48:37 | ä»»åŠ¡è¿›åº¦è½®è¯¢å®Œæˆ 
[GIN] 2025/11/18 - 12:48:37 | 2025111812483772988896007Y0z3U6 | 200 |    1.976125ms |             ::1 |     GET /api/status
