[SYS] 2025/11/18 - 12:44:17 | initializing token encoders 
[SYS] 2025/11/18 - 12:44:17 | token encoders initialized 
[SYS] 2025/11/18 - 12:44:17 | SQL_DSN not set, using SQLite as database 
[SYS] 2025/11/18 - 12:44:17 | database migration started 
[SYS] 2025/11/18 - 12:44:17 | system is not initialized and no root user exists 
[SYS] 2025/11/18 - 12:44:17 | REDIS_CONN_STRING not set, Redis is not enabled 
[SYS] 2025/11/18 - 12:44:17 | New API v0.0.0 started 
[SYS] 2025/11/18 - 12:44:17 | æ­£åœ¨æ›´æ–°æ•°æ®çœ‹æ¿æ•°æ®... 
[SYS] 2025/11/18 - 12:44:17 | ä¿å­˜æ•°æ®çœ‹æ¿æ•°æ®æˆåŠŸï¼Œå…±ä¿å­˜0æ¡æ•°æ® 

  [32mNew API v0.0.0[0m  ready in 53 ms

  âœ  [1mLocal:[0m   http://localhost:3000/
  âœ  [1mNetwork:[0m http://172.20.10.8:3000/

[GIN] 2025/11/18 - 12:44:21 | 20251118124421754229000kg9TS6GT | 200 |    3.723042ms |             ::1 |     GET /
[GIN] 2025/11/18 - 12:44:22 | 20251118124422201580000Ubg9xiJL | 200 |         548Âµs |             ::1 |     GET /api/status
[GIN] 2025/11/18 - 12:44:22 | 20251118124422218790000BwgdctxJ | 200 |     385.417Âµs |             ::1 |     GET /setup
[GIN] 2025/11/18 - 12:44:22 | 20251118124422218914000P6pgDmQc | 200 |    1.862375ms |             ::1 |     GET /api/notice
[GIN] 2025/11/18 - 12:44:22 | 20251118124422219333000E8HLKOga | 200 |    2.411708ms |             ::1 |     GET /api/home_page_content
[GIN] 2025/11/18 - 12:44:22 | 20251118124422316847000FI6VV9aO | 200 |     325.958Âµs |             ::1 |     GET /api/status
[GIN] 2025/11/18 - 12:44:22 | 20251118124422316847000hunCLCsh | 200 |     1.04775ms |             ::1 |     GET /api/setup
[ERR] 2025/11/18 - 12:44:30 | 202511181244305469860004KB28ZUv | user 0 | æ— æ•ˆçš„ä»¤ç‰Œ 
[GIN] 2025/11/18 - 12:44:30 | 202511181244305469860004KB28ZUv | 401 |    1.153042ms |             ::1 |    POST /v1/videos
[SYS] 2025/11/18 - 12:44:33 | ä»»åŠ¡è¿›åº¦è½®è¯¢å¼€å§‹ 
[SYS] 2025/11/18 - 12:44:33 | ä»»åŠ¡è¿›åº¦è½®è¯¢å®Œæˆ 
[SYS] 2025/11/18 - 12:44:47 | ä»»åŠ¡è¿›åº¦è½®è¯¢å¼€å§‹ 
[SYS] 2025/11/18 - 12:44:47 | ä»»åŠ¡è¿›åº¦è½®è¯¢å®Œæˆ 
