[SYS] 2025/11/18 - 12:59:36 | initializing token encoders 
[SYS] 2025/11/18 - 12:59:36 | token encoders initialized 
[SYS] 2025/11/18 - 12:59:36 | using MySQL as database 
[SYS] 2025/11/18 - 12:59:36 | database migration started 
[SYS] 2025/11/18 - 12:59:36 | system is already initialized at: 2025-11-13 18:51:02 +0800 CST 
[SYS] 2025/11/18 - 12:59:36 | SYNC_FREQUENCY not set, use default value 60 
[SYS] 2025/11/18 - 12:59:36 | Redis is enabled 
[SYS] 2025/11/18 - 12:59:36 | New API  started 
[SYS] 2025/11/18 - 12:59:36 | memory cache enabled 
[SYS] 2025/11/18 - 12:59:36 | sync frequency: 60 seconds 
[SYS] 2025/11/18 - 12:59:36 | channels synced from database 
[SYS] 2025/11/18 - 12:59:36 | batch update enabled with interval 5s 
[SYS] 2025/11/18 - 12:59:36 | æ­£åœ¨æ›´æ–°æ•°æ®çœ‹æ¿æ•°æ®... 
[SYS] 2025/11/18 - 12:59:36 | ä¿å­˜æ•°æ®çœ‹æ¿æ•°æ®æˆåŠŸï¼Œå…±ä¿å­˜0æ¡æ•°æ® 

  [32mNew API [0m  ready in 93 ms

  âœ  [1mNetwork:[0m http://172.20.0.2:3000/

[SYS] 2025/11/18 - 12:59:51 | ä»»åŠ¡è¿›åº¦è½®è¯¢å¼€å§‹ 
[SYS] 2025/11/18 - 12:59:51 | ä»»åŠ¡è¿›åº¦è½®è¯¢å®Œæˆ 
[GIN] 2025/11/18 - 12:59:53 | 20251118125947731160798iGs1ZIA0 | 400 |   5.98999442s |    192.168.65.1 |    POST /v1/videos
[GIN] 2025/11/18 - 13:00:06 | 2025111813000686242037662XV98g3 | 200 |    3.106125ms |             ::1 |     GET /api/status
[SYS] 2025/11/18 - 13:00:06 | ä»»åŠ¡è¿›åº¦è½®è¯¢å¼€å§‹ 
[SYS] 2025/11/18 - 13:00:06 | ä»»åŠ¡è¿›åº¦è½®è¯¢å®Œæˆ 
[SYS] 2025/11/18 - 13:00:21 | ä»»åŠ¡è¿›åº¦è½®è¯¢å¼€å§‹ 
[SYS] 2025/11/18 - 13:00:21 | ä»»åŠ¡è¿›åº¦è½®è¯¢å®Œæˆ 
[SYS] 2025/11/18 - 13:00:36 | syncing channels from database 
[SYS] 2025/11/18 - 13:00:36 | syncing options from database 
[SYS] 2025/11/18 - 13:00:36 | channels synced from database 
[GIN] 2025/11/18 - 13:00:36 | 20251118130036918439959OaPucQdY | 200 |    2.757042ms |             ::1 |     GET /api/status
[SYS] 2025/11/18 - 13:00:36 | ä»»åŠ¡è¿›åº¦è½®è¯¢å¼€å§‹ 
[SYS] 2025/11/18 - 13:00:36 | ä»»åŠ¡è¿›åº¦è½®è¯¢å®Œæˆ 
[SYS] 2025/11/18 - 13:00:51 | ä»»åŠ¡è¿›åº¦è½®è¯¢å¼€å§‹ 
[SYS] 2025/11/18 - 13:00:51 | ä»»åŠ¡è¿›åº¦è½®è¯¢å®Œæˆ 
