[SYS] 2025/11/18 - 12:48:38 | initializing token encoders 
[SYS] 2025/11/18 - 12:48:38 | token encoders initialized 
[SYS] 2025/11/18 - 12:48:38 | using MySQL as database 
[SYS] 2025/11/18 - 12:48:38 | database migration started 
[SYS] 2025/11/18 - 12:48:38 | system is already initialized at: 2025-11-13 18:51:02 +0800 CST 
[SYS] 2025/11/18 - 12:48:38 | SYNC_FREQUENCY not set, use default value 60 
[SYS] 2025/11/18 - 12:48:38 | Redis is enabled 
[SYS] 2025/11/18 - 12:48:38 | New API  started 
[SYS] 2025/11/18 - 12:48:38 | memory cache enabled 
[SYS] 2025/11/18 - 12:48:38 | sync frequency: 60 seconds 
[SYS] 2025/11/18 - 12:48:38 | channels synced from database 
[SYS] 2025/11/18 - 12:48:38 | batch update enabled with interval 5s 
[SYS] 2025/11/18 - 12:48:38 | æ­£åœ¨æ›´æ–°æ•°æ®çœ‹æ¿æ•°æ®... 
[SYS] 2025/11/18 - 12:48:38 | ä¿å­˜æ•°æ®çœ‹æ¿æ•°æ®æˆåŠŸï¼Œå…±ä¿å­˜0æ¡æ•°æ® 

  [32mNew API [0m  ready in 106 ms

  âœ  [1mNetwork:[0m http://172.20.0.2:3000/

[SYS] 2025/11/18 - 12:48:53 | ä»»åŠ¡è¿›åº¦è½®è¯¢å¼€å§‹ 
[SYS] 2025/11/18 - 12:48:53 | ä»»åŠ¡è¿›åº¦è½®è¯¢å®Œæˆ 
[GIN] 2025/11/18 - 12:49:08 | 20251118124908485030793wxJNpemD | 200 |    4.417375ms |             ::1 |     GET /api/status
[SYS] 2025/11/18 - 12:49:08 | ä»»åŠ¡è¿›åº¦è½®è¯¢å¼€å§‹ 
[SYS] 2025/11/18 - 12:49:08 | ä»»åŠ¡è¿›åº¦è½®è¯¢å®Œæˆ 
[SYS] 2025/11/18 - 12:49:23 | ä»»åŠ¡è¿›åº¦è½®è¯¢å¼€å§‹ 
[SYS] 2025/11/18 - 12:49:23 | ä»»åŠ¡è¿›åº¦è½®è¯¢å®Œæˆ 
[SYS] 2025/11/18 - 12:49:38 | syncing channels from database 
[SYS] 2025/11/18 - 12:49:38 | syncing options from database 
[SYS] 2025/11/18 - 12:49:38 | channels synced from database 
[GIN] 2025/11/18 - 12:49:38 | 20251118124938595259918hRwqzTl9 | 200 |    1.223083ms |             ::1 |     GET /api/status
[SYS] 2025/11/18 - 12:49:38 | ä»»åŠ¡è¿›åº¦è½®è¯¢å¼€å§‹ 
[SYS] 2025/11/18 - 12:49:38 | ä»»åŠ¡è¿›åº¦è½®è¯¢å®Œæˆ 
[GIN] 2025/11/18 - 12:49:51 | 202511181249518382700085TKNgsrt | 401 |        8.03ms |    192.168.65.1 |     GET /api/user/self
[GIN] 2025/11/18 - 12:49:51 | 20251118124951861770050uYn7I7zT | 200 |    6.227167ms |    192.168.65.1 |     GET /login?expired=true
[GIN] 2025/11/18 - 12:49:52 | 2025111812495213478817538KYbcQb | 200 |    8.381583ms |    192.168.65.1 |     GET /api/status
[SYS] 2025/11/18 - 12:49:53 | ä»»åŠ¡è¿›åº¦è½®è¯¢å¼€å§‹ 
[SYS] 2025/11/18 - 12:49:53 | ä»»åŠ¡è¿›åº¦è½®è¯¢å®Œæˆ 
[GIN] 2025/11/18 - 12:49:56 | 20251118124956200226469HZfaEBKG | 200 |  106.191875ms |    192.168.65.1 |    POST /api/user/login?turnstile=
[GIN] 2025/11/18 - 12:49:56 | 202511181249563355796776D8M9IIv | 200 |    8.359541ms |    192.168.65.1 |     GET /api/user/self
[GIN] 2025/11/18 - 12:49:56 | 20251118124956371197427roludkYY | 200 |    1.091542ms |    192.168.65.1 |     GET /api/user/self
[GIN] 2025/11/18 - 12:49:56 | 20251118124956372950927jICW4PYS | 200 |       3.396ms |    192.168.65.1 |     GET /api/data/?username=&start_timestamp=1763354996&end_timestamp=1763444996&default_time=hour
[GIN] 2025/11/18 - 12:49:56 | 20251118124956421370719hZmMlYwm | 200 |      601.75Âµs |    192.168.65.1 |     GET /api/uptime/status
[GIN] 2025/11/18 - 12:49:57 | 20251118124957961016011XQI17BUa | 200 |    6.271041ms |    192.168.65.1 |     GET /api/mj/?p=1&page_size=10&channel_id=&mj_id=&start_timestamp=1760849397000&end_timestamp=1763444997000
[GIN] 2025/11/18 - 12:49:58 | 20251118124958362838220DD5LPFLa | 200 |   16.998125ms |    192.168.65.1 |     GET /api/log/?p=1&page_size=10&type=0&username=&token_name=&model_name=&start_timestamp=1763395200&end_timestamp=1763444998&channel=&group=
[GIN] 2025/11/18 - 12:49:58 | 20251118124958382946178kA8e0iC4 | 200 |     3.75375ms |    192.168.65.1 |     GET /api/log/stat?type=0&username=&token_name=&model_name=&start_timestamp=1763395200&end_timestamp=1763444998&channel=&group=
[GIN] 2025/11/18 - 12:50:07 | 20251118125007184966543OLGvdVGV | 200 |   47.882042ms |    192.168.65.1 |     GET /api/group/
[GIN] 2025/11/18 - 12:50:07 | 20251118125007184965709BKiXjCUy | 200 |   54.893626ms |    192.168.65.1 |     GET /api/channel/models
[GIN] 2025/11/18 - 12:50:07 | 202511181250071875299591l1hyHKN | 200 |     54.5735ms |    192.168.65.1 |     GET /api/models
[GIN] 2025/11/18 - 12:50:07 | 20251118125007214952959F9BMVjZR | 200 |   39.359501ms |    192.168.65.1 |     GET /api/user/2fa/status
[GIN] 2025/11/18 - 12:50:07 | 20251118125007224584710dXGbCdXE | 200 |   39.514125ms |    192.168.65.1 |     GET /api/channel/?p=1&page_size=10&id_sort=false&tag_mode=false
[GIN] 2025/11/18 - 12:50:07 | 20251118125007195557418BjdRJ8qL | 200 |   55.724084ms |    192.168.65.1 |     GET /api/user/passkey
[SYS] 2025/11/18 - 12:50:08 | ä»»åŠ¡è¿›åº¦è½®è¯¢å¼€å§‹ 
[GIN] 2025/11/18 - 12:50:08 | 202511181250086330904192P6qJJlq | 200 |    1.429542ms |    192.168.65.1 |     GET /api/group/
[GIN] 2025/11/18 - 12:50:08 | 20251118125008632696169SrpvgL2c | 200 |    2.584417ms |    192.168.65.1 |     GET /api/channel/models
[GIN] 2025/11/18 - 12:50:08 | 20251118125008632931252Wsd7sH6O | 200 |    5.608167ms |    192.168.65.1 |     GET /api/channel/3
[SYS] 2025/11/18 - 12:50:08 | ä»»åŠ¡è¿›åº¦è½®è¯¢å®Œæˆ 
[GIN] 2025/11/18 - 12:50:08 | 20251118125008667724127zVRY22Bd | 200 |    3.355625ms |    192.168.65.1 |     GET /api/prefill_group/?type=model
[GIN] 2025/11/18 - 12:50:08 | 20251118125008680143627Rg6blWDX | 200 |    1.090708ms |             ::1 |     GET /api/status
[GIN] 2025/11/18 - 12:50:23 | 20251118124938479235127d5H2PRMX | 400 | 45.131854646s |    192.168.65.1 |    POST /v1/videos
[SYS] 2025/11/18 - 12:50:23 | ä»»åŠ¡è¿›åº¦è½®è¯¢å¼€å§‹ 
[SYS] 2025/11/18 - 12:50:23 | ä»»åŠ¡è¿›åº¦è½®è¯¢å®Œæˆ 
[SYS] 2025/11/18 - 12:50:38 | syncing channels from database 
[SYS] 2025/11/18 - 12:50:38 | syncing options from database 
[SYS] 2025/11/18 - 12:50:38 | channels synced from database 
[SYS] 2025/11/18 - 12:50:38 | ä»»åŠ¡è¿›åº¦è½®è¯¢å¼€å§‹ 
[SYS] 2025/11/18 - 12:50:38 | ä»»åŠ¡è¿›åº¦è½®è¯¢å®Œæˆ 
[GIN] 2025/11/18 - 12:50:38 | 20251118125038764562460aKeQ2gQN | 200 |     635.625Âµs |             ::1 |     GET /api/status
[SYS] 2025/11/18 - 12:50:53 | ä»»åŠ¡è¿›åº¦è½®è¯¢å¼€å§‹ 
[SYS] 2025/11/18 - 12:50:53 | ä»»åŠ¡è¿›åº¦è½®è¯¢å®Œæˆ 
[SYS] 2025/11/18 - 12:51:08 | ä»»åŠ¡è¿›åº¦è½®è¯¢å¼€å§‹ 
[SYS] 2025/11/18 - 12:51:08 | ä»»åŠ¡è¿›åº¦è½®è¯¢å®Œæˆ 
[GIN] 2025/11/18 - 12:51:08 | 20251118125108830246210kSim84Wv | 200 |    2.812333ms |             ::1 |     GET /api/status
[SYS] 2025/11/18 - 12:51:23 | ä»»åŠ¡è¿›åº¦è½®è¯¢å¼€å§‹ 
[SYS] 2025/11/18 - 12:51:23 | ä»»åŠ¡è¿›åº¦è½®è¯¢å®Œæˆ 
[SYS] 2025/11/18 - 12:51:38 | syncing options from database 
[SYS] 2025/11/18 - 12:51:38 | syncing channels from database 
[SYS] 2025/11/18 - 12:51:38 | channels synced from database 
[SYS] 2025/11/18 - 12:51:38 | ä»»åŠ¡è¿›åº¦è½®è¯¢å¼€å§‹ 
[SYS] 2025/11/18 - 12:51:38 | ä»»åŠ¡è¿›åº¦è½®è¯¢å®Œæˆ 
[GIN] 2025/11/18 - 12:51:38 | 20251118125138906729002GJpE1Inq | 200 |    1.228917ms |             ::1 |     GET /api/status
[SYS] 2025/11/18 - 12:51:53 | ä»»åŠ¡è¿›åº¦è½®è¯¢å¼€å§‹ 
[SYS] 2025/11/18 - 12:51:53 | ä»»åŠ¡è¿›åº¦è½®è¯¢å®Œæˆ 
[SYS] 2025/11/18 - 12:52:08 | ä»»åŠ¡è¿›åº¦è½®è¯¢å¼€å§‹ 
[SYS] 2025/11/18 - 12:52:08 | ä»»åŠ¡è¿›åº¦è½®è¯¢å®Œæˆ 
[GIN] 2025/11/18 - 12:52:08 | 20251118125208983917127x361husc | 200 |        2.64ms |             ::1 |     GET /api/status
[SYS] 2025/11/18 - 12:52:23 | ä»»åŠ¡è¿›åº¦è½®è¯¢å¼€å§‹ 
[SYS] 2025/11/18 - 12:52:23 | ä»»åŠ¡è¿›åº¦è½®è¯¢å®Œæˆ 
[SYS] 2025/11/18 - 12:52:38 | syncing options from database 
[SYS] 2025/11/18 - 12:52:38 | syncing channels from database 
[SYS] 2025/11/18 - 12:52:38 | channels synced from database 
[SYS] 2025/11/18 - 12:52:38 | ä»»åŠ¡è¿›åº¦è½®è¯¢å¼€å§‹ 
[SYS] 2025/11/18 - 12:52:38 | ä»»åŠ¡è¿›åº¦è½®è¯¢å®Œæˆ 
[GIN] 2025/11/18 - 12:52:39 | 2025111812523949630835aUa6ramA | 200 |    2.129708ms |             ::1 |     GET /api/status
[SYS] 2025/11/18 - 12:52:53 | ä»»åŠ¡è¿›åº¦è½®è¯¢å¼€å§‹ 
[SYS] 2025/11/18 - 12:52:53 | ä»»åŠ¡è¿›åº¦è½®è¯¢å®Œæˆ 
[SYS] 2025/11/18 - 12:53:08 | ä»»åŠ¡è¿›åº¦è½®è¯¢å¼€å§‹ 
[SYS] 2025/11/18 - 12:53:08 | ä»»åŠ¡è¿›åº¦è½®è¯¢å®Œæˆ 
[GIN] 2025/11/18 - 12:53:09 | 20251118125309116747252FSZtN6hP | 200 |    2.693958ms |             ::1 |     GET /api/status
[SYS] 2025/11/18 - 12:53:23 | ä»»åŠ¡è¿›åº¦è½®è¯¢å¼€å§‹ 
[SYS] 2025/11/18 - 12:53:23 | ä»»åŠ¡è¿›åº¦è½®è¯¢å®Œæˆ 
[SYS] 2025/11/18 - 12:53:38 | æ­£åœ¨æ›´æ–°æ•°æ®çœ‹æ¿æ•°æ®... 
[SYS] 2025/11/18 - 12:53:38 | ä¿å­˜æ•°æ®çœ‹æ¿æ•°æ®æˆåŠŸï¼Œå…±ä¿å­˜0æ¡æ•°æ® 
[SYS] 2025/11/18 - 12:53:38 | syncing options from database 
[SYS] 2025/11/18 - 12:53:38 | syncing channels from database 
[SYS] 2025/11/18 - 12:53:38 | channels synced from database 
[SYS] 2025/11/18 - 12:53:38 | ä»»åŠ¡è¿›åº¦è½®è¯¢å¼€å§‹ 
[SYS] 2025/11/18 - 12:53:38 | ä»»åŠ¡è¿›åº¦è½®è¯¢å®Œæˆ 
[GIN] 2025/11/18 - 12:53:39 | 20251118125339197261294r1rGJlAE | 200 |    2.138542ms |             ::1 |     GET /api/status
[SYS] 2025/11/18 - 12:53:53 | ä»»åŠ¡è¿›åº¦è½®è¯¢å¼€å§‹ 
[SYS] 2025/11/18 - 12:53:53 | ä»»åŠ¡è¿›åº¦è½®è¯¢å®Œæˆ 
[GIN] 2025/11/18 - 12:53:57 | 202511181253164165359645T2DJvLI | 400 | 41.126664977s |    192.168.65.1 |    POST /v1/videos
[SYS] 2025/11/18 - 12:54:08 | ä»»åŠ¡è¿›åº¦è½®è¯¢å¼€å§‹ 
[SYS] 2025/11/18 - 12:54:08 | ä»»åŠ¡è¿›åº¦è½®è¯¢å®Œæˆ 
[GIN] 2025/11/18 - 12:54:09 | 20251118125409296567627WJyN3xH6 | 200 |       6.158ms |             ::1 |     GET /api/status
[GIN] 2025/11/18 - 12:54:20 | 20251118125342633742295xmxey1CZ | 400 | 38.245376975s |    192.168.65.1 |    POST /v1/videos
[SYS] 2025/11/18 - 12:54:23 | ä»»åŠ¡è¿›åº¦è½®è¯¢å¼€å§‹ 
[SYS] 2025/11/18 - 12:54:23 | ä»»åŠ¡è¿›åº¦è½®è¯¢å®Œæˆ 
[SYS] 2025/11/18 - 12:54:38 | syncing options from database 
[SYS] 2025/11/18 - 12:54:38 | syncing channels from database 
[SYS] 2025/11/18 - 12:54:38 | channels synced from database 
[SYS] 2025/11/18 - 12:54:38 | ä»»åŠ¡è¿›åº¦è½®è¯¢å¼€å§‹ 
[SYS] 2025/11/18 - 12:54:38 | ä»»åŠ¡è¿›åº¦è½®è¯¢å®Œæˆ 
[GIN] 2025/11/18 - 12:54:39 | 20251118125439388969419qssJB07f | 200 |    2.173542ms |             ::1 |     GET /api/status
[SYS] 2025/11/18 - 12:54:53 | ä»»åŠ¡è¿›åº¦è½®è¯¢å¼€å§‹ 
[SYS] 2025/11/18 - 12:54:53 | ä»»åŠ¡è¿›åº¦è½®è¯¢å®Œæˆ 
[SYS] 2025/11/18 - 12:55:08 | ä»»åŠ¡è¿›åº¦è½®è¯¢å¼€å§‹ 
[SYS] 2025/11/18 - 12:55:08 | ä»»åŠ¡è¿›åº¦è½®è¯¢å®Œæˆ 
[GIN] 2025/11/18 - 12:55:09 | 20251118125509434193294fLRLYWgf | 200 |    1.679708ms |             ::1 |     GET /api/status
[SYS] 2025/11/18 - 12:55:23 | ä»»åŠ¡è¿›åº¦è½®è¯¢å¼€å§‹ 
[SYS] 2025/11/18 - 12:55:23 | ä»»åŠ¡è¿›åº¦è½®è¯¢å®Œæˆ 
[SYS] 2025/11/18 - 12:55:38 | syncing options from database 
[SYS] 2025/11/18 - 12:55:38 | syncing channels from database 
[SYS] 2025/11/18 - 12:55:38 | channels synced from database 
[SYS] 2025/11/18 - 12:55:38 | ä»»åŠ¡è¿›åº¦è½®è¯¢å¼€å§‹ 
[SYS] 2025/11/18 - 12:55:38 | ä»»åŠ¡è¿›åº¦è½®è¯¢å®Œæˆ 
[GIN] 2025/11/18 - 12:55:39 | 202511181255395087382528jY3kh8P | 200 |    5.284458ms |             ::1 |     GET /api/status
