[SYS] 2025/11/18 - 13:24:59 | initializing token encoders 
[SYS] 2025/11/18 - 13:24:59 | token encoders initialized 
[SYS] 2025/11/18 - 13:24:59 | using MySQL as database 
[SYS] 2025/11/18 - 13:24:59 | database migration started 
[SYS] 2025/11/18 - 13:24:59 | system is already initialized at: 2025-11-13 18:51:02 +0800 CST 
[SYS] 2025/11/18 - 13:24:59 | SYNC_FREQUENCY not set, use default value 60 
[SYS] 2025/11/18 - 13:24:59 | Redis is enabled 
[SYS] 2025/11/18 - 13:24:59 | New API  started 
[SYS] 2025/11/18 - 13:24:59 | memory cache enabled 
[SYS] 2025/11/18 - 13:24:59 | sync frequency: 60 seconds 
[SYS] 2025/11/18 - 13:24:59 | channels synced from database 
[SYS] 2025/11/18 - 13:24:59 | batch update enabled with interval 5s 

  [32mNew API [0m  ready in 369 ms
[SYS] 2025/11/18 - 13:24:59 | æ­£åœ¨æ›´æ–°æ•°æ®çœ‹æ¿æ•°æ®... 
[SYS] 2025/11/18 - 13:24:59 | ä¿å­˜æ•°æ®çœ‹æ¿æ•°æ®æˆåŠŸï¼Œå…±ä¿å­˜0æ¡æ•°æ® 

  âœ  [1mNetwork:[0m http://172.20.0.4:3000/

[ERR] 2025/11/18 - 13:25:06 | 20251118132506377857459EzThU9sM | user 0 | æ— æ•ˆçš„ä»¤ç‰Œ 
[GIN] 2025/11/18 - 13:25:06 | 20251118132506377857459EzThU9sM | 401 |   24.411416ms |    192.168.65.1 |    POST /v1/videos
[ERR] 2025/11/18 - 13:25:06 | 20251118132506416634084X3VPtcw3 | user 0 | æ— æ•ˆçš„ä»¤ç‰Œ 
[GIN] 2025/11/18 - 13:25:06 | 20251118132506416634084X3VPtcw3 | 401 |     690.875Âµs |    192.168.65.1 |    POST /v1/videos
[ERR] 2025/11/18 - 13:25:06 | 202511181325064282413341csvH25U | user 0 | æ— æ•ˆçš„ä»¤ç‰Œ 
[GIN] 2025/11/18 - 13:25:06 | 202511181325064282413341csvH25U | 401 |     894.625Âµs |    192.168.65.1 |    POST /v1/videos
[SYS] 2025/11/18 - 13:25:14 | ä»»åŠ¡è¿›åº¦è½®è¯¢å¼€å§‹ 
[SYS] 2025/11/18 - 13:25:14 | ä»»åŠ¡è¿›åº¦è½®è¯¢å®Œæˆ 
[GIN] 2025/11/18 - 13:25:20 | 20251118132520487540799ctO6O2Q2 | 200 |    6.382167ms |    192.168.65.1 |    POST /api/user/register
[SYS] 2025/11/18 - 13:25:24 | ä¸ºæ–°ç”¨æˆ· admin (è§’è‰²: 1) åˆå§‹åŒ–è¾¹æ é…ç½® 
[GIN] 2025/11/18 - 13:25:24 | 20251118132524340691426IhaQjOUI | 200 |  115.910875ms |    192.168.65.1 |    POST /api/user/register
[GIN] 2025/11/18 - 13:25:27 | 202511181325272806975108E0JPIj3 | 200 |   85.948459ms |    192.168.65.1 |    POST /api/user/login
[GIN] 2025/11/18 - 13:25:29 | 20251118132529591739345gLGeuxkx | 200 |     668.625Âµs |             ::1 |     GET /api/status
[SYS] 2025/11/18 - 13:25:29 | ä»»åŠ¡è¿›åº¦è½®è¯¢å¼€å§‹ 
[SYS] 2025/11/18 - 13:25:29 | ä»»åŠ¡è¿›åº¦è½®è¯¢å®Œæˆ 
[SYS] 2025/11/18 - 13:25:44 | ä»»åŠ¡è¿›åº¦è½®è¯¢å¼€å§‹ 
[SYS] 2025/11/18 - 13:25:44 | ä»»åŠ¡è¿›åº¦è½®è¯¢å®Œæˆ 
[ERR] 2025/11/18 - 13:25:45 | 202511181325454749910058KrA9wof | user 0 | æ— æ•ˆçš„ä»¤ç‰Œ 
[GIN] 2025/11/18 - 13:25:45 | 202511181325454749910058KrA9wof | 401 |       2.761ms |    192.168.65.1 |    POST /v1/videos
[GIN] 2025/11/18 - 13:25:59 | 20251118132559662865178PhOgVngB | 200 |     697.583Âµs |             ::1 |     GET /api/status
[SYS] 2025/11/18 - 13:25:59 | syncing options from database 
[SYS] 2025/11/18 - 13:25:59 | syncing channels from database 
[SYS] 2025/11/18 - 13:25:59 | channels synced from database 
[SYS] 2025/11/18 - 13:25:59 | ä»»åŠ¡è¿›åº¦è½®è¯¢å¼€å§‹ 
[SYS] 2025/11/18 - 13:25:59 | ä»»åŠ¡è¿›åº¦è½®è¯¢å®Œæˆ 
[SYS] 2025/11/18 - 13:26:15 | ä»»åŠ¡è¿›åº¦è½®è¯¢å¼€å§‹ 
[SYS] 2025/11/18 - 13:26:15 | ä»»åŠ¡è¿›åº¦è½®è¯¢å®Œæˆ 
[GIN] 2025/11/18 - 13:26:23 | 20251118132623213293550AWa2Dpb7 | 400 |   15.621459ms |    192.168.65.1 |    POST /v1/videos
[GIN] 2025/11/18 - 13:26:29 | 20251118132629722687095Gv1nXhRX | 200 |       719.5Âµs |             ::1 |     GET /api/status
[SYS] 2025/11/18 - 13:26:30 | ä»»åŠ¡è¿›åº¦è½®è¯¢å¼€å§‹ 
[SYS] 2025/11/18 - 13:26:30 | ä»»åŠ¡è¿›åº¦è½®è¯¢å®Œæˆ 
[SYS] 2025/11/18 - 13:26:45 | ä»»åŠ¡è¿›åº¦è½®è¯¢å¼€å§‹ 
[SYS] 2025/11/18 - 13:26:45 | ä»»åŠ¡è¿›åº¦è½®è¯¢å®Œæˆ 
