[SYS] 2025/11/18 - 12:26:26 | initializing token encoders 
[SYS] 2025/11/18 - 12:26:26 | token encoders initialized 
[SYS] 2025/11/18 - 12:26:26 | using MySQL as database 
[SYS] 2025/11/18 - 12:26:26 | database migration started 
[SYS] 2025/11/18 - 12:26:26 | system is already initialized at: 2025-11-13 18:51:02 +0800 CST 
[SYS] 2025/11/18 - 12:26:26 | SYNC_FREQUENCY not set, use default value 60 
[SYS] 2025/11/18 - 12:26:26 | Redis is enabled 
[SYS] 2025/11/18 - 12:26:26 | New API  started 
[SYS] 2025/11/18 - 12:26:26 | memory cache enabled 
[SYS] 2025/11/18 - 12:26:26 | sync frequency: 60 seconds 
[SYS] 2025/11/18 - 12:26:26 | channels synced from database 
[SYS] 2025/11/18 - 12:26:26 | batch update enabled with interval 5s 
[SYS] 2025/11/18 - 12:26:26 | æ­£åœ¨æ›´æ–°æ•°æ®çœ‹æ¿æ•°æ®... 
[SYS] 2025/11/18 - 12:26:26 | ä¿å­˜æ•°æ®çœ‹æ¿æ•°æ®æˆåŠŸï¼Œå…±ä¿å­˜0æ¡æ•°æ® 

  [32mNew API [0m  ready in 99 ms

  âœ  [1mNetwork:[0m http://172.20.0.4:3000/

[SYS] 2025/11/18 - 12:26:41 | ä»»åŠ¡è¿›åº¦è½®è¯¢å¼€å§‹ 
[SYS] 2025/11/18 - 12:26:41 | ä»»åŠ¡è¿›åº¦è½®è¯¢å®Œæˆ 
[GIN] 2025/11/18 - 12:26:48 | 20251118122647823711969JqIRUZe6 | 400 |  435.158375ms |    192.168.65.1 |    POST /v1/videos
[GIN] 2025/11/18 - 12:26:56 | 202511181226564540222925qm6HbQ4 | 200 |    1.144209ms |             ::1 |     GET /api/status
[SYS] 2025/11/18 - 12:26:56 | ä»»åŠ¡è¿›åº¦è½®è¯¢å¼€å§‹ 
[SYS] 2025/11/18 - 12:26:56 | ä»»åŠ¡è¿›åº¦è½®è¯¢å®Œæˆ 
[SYS] 2025/11/18 - 12:27:11 | ä»»åŠ¡è¿›åº¦è½®è¯¢å¼€å§‹ 
[SYS] 2025/11/18 - 12:27:11 | ä»»åŠ¡è¿›åº¦è½®è¯¢å®Œæˆ 
[SYS] 2025/11/18 - 12:27:26 | syncing options from database 
[SYS] 2025/11/18 - 12:27:26 | syncing channels from database 
[SYS] 2025/11/18 - 12:27:26 | channels synced from database 
[GIN] 2025/11/18 - 12:27:26 | 20251118122726511441667uEWxYdgn | 200 |    1.140792ms |             ::1 |     GET /api/status
[SYS] 2025/11/18 - 12:27:26 | ä»»åŠ¡è¿›åº¦è½®è¯¢å¼€å§‹ 
[SYS] 2025/11/18 - 12:27:26 | ä»»åŠ¡è¿›åº¦è½®è¯¢å®Œæˆ 
[SYS] 2025/11/18 - 12:27:41 | ä»»åŠ¡è¿›åº¦è½®è¯¢å¼€å§‹ 
[SYS] 2025/11/18 - 12:27:41 | ä»»åŠ¡è¿›åº¦è½®è¯¢å®Œæˆ 
[SYS] 2025/11/18 - 12:27:56 | ä»»åŠ¡è¿›åº¦è½®è¯¢å¼€å§‹ 
[SYS] 2025/11/18 - 12:27:56 | ä»»åŠ¡è¿›åº¦è½®è¯¢å®Œæˆ 
[GIN] 2025/11/18 - 12:27:56 | 2025111812275656714191743jmdfRL | 200 |    1.128125ms |             ::1 |     GET /api/status
[SYS] 2025/11/18 - 12:28:11 | ä»»åŠ¡è¿›åº¦è½®è¯¢å¼€å§‹ 
[SYS] 2025/11/18 - 12:28:11 | ä»»åŠ¡è¿›åº¦è½®è¯¢å®Œæˆ 
[SYS] 2025/11/18 - 12:28:26 | syncing options from database 
[SYS] 2025/11/18 - 12:28:26 | syncing channels from database 
[SYS] 2025/11/18 - 12:28:26 | channels synced from database 
[SYS] 2025/11/18 - 12:28:26 | ä»»åŠ¡è¿›åº¦è½®è¯¢å¼€å§‹ 
[SYS] 2025/11/18 - 12:28:26 | ä»»åŠ¡è¿›åº¦è½®è¯¢å®Œæˆ 
[GIN] 2025/11/18 - 12:28:26 | 20251118122826631420834mWLyPYOx | 200 |    2.846958ms |             ::1 |     GET /api/status
[SYS] 2025/11/18 - 12:28:41 | ä»»åŠ¡è¿›åº¦è½®è¯¢å¼€å§‹ 
[SYS] 2025/11/18 - 12:28:41 | ä»»åŠ¡è¿›åº¦è½®è¯¢å®Œæˆ 
[SYS] 2025/11/18 - 12:28:56 | ä»»åŠ¡è¿›åº¦è½®è¯¢å¼€å§‹ 
[SYS] 2025/11/18 - 12:28:56 | ä»»åŠ¡è¿›åº¦è½®è¯¢å®Œæˆ 
[GIN] 2025/11/18 - 12:28:56 | 20251118122856705935584dFASaxU9 | 200 |    3.093541ms |             ::1 |     GET /api/status
[SYS] 2025/11/18 - 12:29:11 | ä»»åŠ¡è¿›åº¦è½®è¯¢å¼€å§‹ 
[SYS] 2025/11/18 - 12:29:11 | ä»»åŠ¡è¿›åº¦è½®è¯¢å®Œæˆ 
[SYS] 2025/11/18 - 12:29:26 | syncing options from database 
[SYS] 2025/11/18 - 12:29:26 | syncing channels from database 
[SYS] 2025/11/18 - 12:29:26 | channels synced from database 
[SYS] 2025/11/18 - 12:29:26 | ä»»åŠ¡è¿›åº¦è½®è¯¢å¼€å§‹ 
[SYS] 2025/11/18 - 12:29:26 | ä»»åŠ¡è¿›åº¦è½®è¯¢å®Œæˆ 
[GIN] 2025/11/18 - 12:29:26 | 20251118122926758729459ChYtWIIa | 200 |    2.068666ms |             ::1 |     GET /api/status
[SYS] 2025/11/18 - 12:29:41 | ä»»åŠ¡è¿›åº¦è½®è¯¢å¼€å§‹ 
[SYS] 2025/11/18 - 12:29:41 | ä»»åŠ¡è¿›åº¦è½®è¯¢å®Œæˆ 
[GIN] 2025/11/18 - 12:29:44 | 20251118122944669531718bapR1qAZ | 400 |   292.34075ms |    192.168.65.1 |    POST /v1/videos
[SYS] 2025/11/18 - 12:29:56 | ä»»åŠ¡è¿›åº¦è½®è¯¢å¼€å§‹ 
[SYS] 2025/11/18 - 12:29:56 | ä»»åŠ¡è¿›åº¦è½®è¯¢å®Œæˆ 
[GIN] 2025/11/18 - 12:29:57 | 20251118122957107151269PX12ffI | 200 |    4.427291ms |             ::1 |     GET /api/status
[ERR] 2025/11/18 - 12:30:10 | 20251118123010144286049HbZRhsZQ | user 0 | æ— æ•ˆçš„ä»¤ç‰Œ 
[GIN] 2025/11/18 - 12:30:10 | 20251118123010144286049HbZRhsZQ | 401 |   16.800916ms |    192.168.65.1 |    POST /v1/videos
[SYS] 2025/11/18 - 12:30:11 | ä»»åŠ¡è¿›åº¦è½®è¯¢å¼€å§‹ 
[SYS] 2025/11/18 - 12:30:11 | ä»»åŠ¡è¿›åº¦è½®è¯¢å®Œæˆ 
[SYS] 2025/11/18 - 12:30:26 | syncing options from database 
[SYS] 2025/11/18 - 12:30:26 | syncing channels from database 
[SYS] 2025/11/18 - 12:30:26 | channels synced from database 
[SYS] 2025/11/18 - 12:30:26 | ä»»åŠ¡è¿›åº¦è½®è¯¢å¼€å§‹ 
[SYS] 2025/11/18 - 12:30:26 | ä»»åŠ¡è¿›åº¦è½®è¯¢å®Œæˆ 
[GIN] 2025/11/18 - 12:30:27 | 2025111812302788003043FqIx6TN6 | 200 |     879.833Âµs |             ::1 |     GET /api/status
[SYS] 2025/11/18 - 12:30:41 | ä»»åŠ¡è¿›åº¦è½®è¯¢å¼€å§‹ 
[SYS] 2025/11/18 - 12:30:41 | ä»»åŠ¡è¿›åº¦è½®è¯¢å®Œæˆ 
[SYS] 2025/11/18 - 12:30:56 | ä»»åŠ¡è¿›åº¦è½®è¯¢å¼€å§‹ 
[SYS] 2025/11/18 - 12:30:56 | ä»»åŠ¡è¿›åº¦è½®è¯¢å®Œæˆ 
[GIN] 2025/11/18 - 12:30:57 | 20251118123057163818084Jodyj9qm | 200 |    1.595917ms |             ::1 |     GET /api/status
[ERR] 2025/11/18 - 12:30:59 | 20251118123059477428794EZBacuAc | user 0 | æ— æ•ˆçš„ä»¤ç‰Œ 
[GIN] 2025/11/18 - 12:30:59 | 20251118123059477428794EZBacuAc | 401 |    4.821833ms |    192.168.65.1 |    POST /v1/videos
[SYS] 2025/11/18 - 12:31:11 | ä»»åŠ¡è¿›åº¦è½®è¯¢å¼€å§‹ 
[SYS] 2025/11/18 - 12:31:11 | ä»»åŠ¡è¿›åº¦è½®è¯¢å®Œæˆ 
[SYS] 2025/11/18 - 12:31:26 | æ­£åœ¨æ›´æ–°æ•°æ®çœ‹æ¿æ•°æ®... 
[SYS] 2025/11/18 - 12:31:26 | ä¿å­˜æ•°æ®çœ‹æ¿æ•°æ®æˆåŠŸï¼Œå…±ä¿å­˜0æ¡æ•°æ® 
[SYS] 2025/11/18 - 12:31:26 | syncing options from database 
[SYS] 2025/11/18 - 12:31:26 | syncing channels from database 
[SYS] 2025/11/18 - 12:31:26 | channels synced from database 
[SYS] 2025/11/18 - 12:31:26 | ä»»åŠ¡è¿›åº¦è½®è¯¢å¼€å§‹ 
[SYS] 2025/11/18 - 12:31:26 | ä»»åŠ¡è¿›åº¦è½®è¯¢å®Œæˆ 
[GIN] 2025/11/18 - 12:31:27 | 20251118123127249302126YxPTsGWv | 200 |    1.936792ms |             ::1 |     GET /api/status
[GIN] 2025/11/18 - 12:31:32 | 202511181231323351853782wYJmusZ | 400 |  293.071917ms |    192.168.65.1 |    POST /v1/videos
[SYS] 2025/11/18 - 12:31:41 | ä»»åŠ¡è¿›åº¦è½®è¯¢å¼€å§‹ 
[SYS] 2025/11/18 - 12:31:41 | ä»»åŠ¡è¿›åº¦è½®è¯¢å®Œæˆ 
[SYS] 2025/11/18 - 12:31:56 | ä»»åŠ¡è¿›åº¦è½®è¯¢å¼€å§‹ 
[SYS] 2025/11/18 - 12:31:56 | ä»»åŠ¡è¿›åº¦è½®è¯¢å®Œæˆ 
[GIN] 2025/11/18 - 12:31:57 | 20251118123157302416459r5wZoX4N | 200 |     853.958Âµs |             ::1 |     GET /api/status
[GIN] 2025/11/18 - 12:32:02 | 20251118123202766761545bB98wDu1 | 400 |   95.372042ms |    192.168.65.1 |    POST /v1/videos
[SYS] 2025/11/18 - 12:32:11 | ä»»åŠ¡è¿›åº¦è½®è¯¢å¼€å§‹ 
[SYS] 2025/11/18 - 12:32:11 | ä»»åŠ¡è¿›åº¦è½®è¯¢å®Œæˆ 
[SYS] 2025/11/18 - 12:32:26 | syncing options from database 
[SYS] 2025/11/18 - 12:32:26 | syncing channels from database 
[SYS] 2025/11/18 - 12:32:26 | channels synced from database 
[SYS] 2025/11/18 - 12:32:26 | ä»»åŠ¡è¿›åº¦è½®è¯¢å¼€å§‹ 
[SYS] 2025/11/18 - 12:32:26 | ä»»åŠ¡è¿›åº¦è½®è¯¢å®Œæˆ 
[GIN] 2025/11/18 - 12:32:27 | 20251118123227382625334i4A1FYiN | 200 |    2.119125ms |             ::1 |     GET /api/status
[SYS] 2025/11/18 - 12:32:41 | ä»»åŠ¡è¿›åº¦è½®è¯¢å¼€å§‹ 
[SYS] 2025/11/18 - 12:32:41 | ä»»åŠ¡è¿›åº¦è½®è¯¢å®Œæˆ 
[GIN] 2025/11/18 - 12:32:44 | 20251118123244711328759CLBEBdKo | 400 |   96.093917ms |    192.168.65.1 |    POST /v1/videos
[SYS] 2025/11/18 - 12:32:56 | ä»»åŠ¡è¿›åº¦è½®è¯¢å¼€å§‹ 
[SYS] 2025/11/18 - 12:32:56 | ä»»åŠ¡è¿›åº¦è½®è¯¢å®Œæˆ 
[GIN] 2025/11/18 - 12:32:57 | 20251118123257474361751l6GPTdGk | 200 |    2.627709ms |             ::1 |     GET /api/status
[SYS] 2025/11/18 - 12:33:11 | ä»»åŠ¡è¿›åº¦è½®è¯¢å¼€å§‹ 
[SYS] 2025/11/18 - 12:33:11 | ä»»åŠ¡è¿›åº¦è½®è¯¢å®Œæˆ 
[GIN] 2025/11/18 - 12:33:20 | 20251118123320730491512tMOeDGhC | 400 |   78.354709ms |    192.168.65.1 |    POST /v1/videos
[SYS] 2025/11/18 - 12:33:26 | syncing options from database 
[SYS] 2025/11/18 - 12:33:26 | syncing channels from database 
[SYS] 2025/11/18 - 12:33:26 | channels synced from database 
[SYS] 2025/11/18 - 12:33:26 | ä»»åŠ¡è¿›åº¦è½®è¯¢å¼€å§‹ 
[SYS] 2025/11/18 - 12:33:26 | ä»»åŠ¡è¿›åº¦è½®è¯¢å®Œæˆ 
[GIN] 2025/11/18 - 12:33:27 | 20251118123327574104501u67ulRIg | 200 |    1.149041ms |             ::1 |     GET /api/status
[SYS] 2025/11/18 - 12:33:41 | ä»»åŠ¡è¿›åº¦è½®è¯¢å¼€å§‹ 
[SYS] 2025/11/18 - 12:33:41 | ä»»åŠ¡è¿›åº¦è½®è¯¢å®Œæˆ 
[SYS] 2025/11/18 - 12:33:56 | ä»»åŠ¡è¿›åº¦è½®è¯¢å¼€å§‹ 
[SYS] 2025/11/18 - 12:33:56 | ä»»åŠ¡è¿›åº¦è½®è¯¢å®Œæˆ 
[GIN] 2025/11/18 - 12:33:57 | 20251118123357648232584fWoKXufa | 200 |     851.042Âµs |             ::1 |     GET /api/status
[SYS] 2025/11/18 - 12:34:11 | ä»»åŠ¡è¿›åº¦è½®è¯¢å¼€å§‹ 
[SYS] 2025/11/18 - 12:34:11 | ä»»åŠ¡è¿›åº¦è½®è¯¢å®Œæˆ 
[SYS] 2025/11/18 - 12:34:26 | syncing channels from database 
[SYS] 2025/11/18 - 12:34:26 | syncing options from database 
[SYS] 2025/11/18 - 12:34:26 | channels synced from database 
[SYS] 2025/11/18 - 12:34:26 | ä»»åŠ¡è¿›åº¦è½®è¯¢å¼€å§‹ 
[SYS] 2025/11/18 - 12:34:26 | ä»»åŠ¡è¿›åº¦è½®è¯¢å®Œæˆ 
[GIN] 2025/11/18 - 12:34:27 | 20251118123427734159209T50Drufr | 200 |    2.281208ms |             ::1 |     GET /api/status
[SYS] 2025/11/18 - 12:34:41 | ä»»åŠ¡è¿›åº¦è½®è¯¢å¼€å§‹ 
[SYS] 2025/11/18 - 12:34:41 | ä»»åŠ¡è¿›åº¦è½®è¯¢å®Œæˆ 
[SYS] 2025/11/18 - 12:34:56 | ä»»åŠ¡è¿›åº¦è½®è¯¢å¼€å§‹ 
[SYS] 2025/11/18 - 12:34:56 | ä»»åŠ¡è¿›åº¦è½®è¯¢å®Œæˆ 
[GIN] 2025/11/18 - 12:34:57 | 20251118123457838121293o8cGqiMb | 200 |    4.025333ms |             ::1 |     GET /api/status
[GIN] 2025/11/18 - 12:35:02 | 20251118123501848346461y7Xr8IWz | 400 |  534.376542ms |    192.168.65.1 |    POST /v1/videos
[SYS] 2025/11/18 - 12:35:11 | ä»»åŠ¡è¿›åº¦è½®è¯¢å¼€å§‹ 
[SYS] 2025/11/18 - 12:35:11 | ä»»åŠ¡è¿›åº¦è½®è¯¢å®Œæˆ 
[SYS] 2025/11/18 - 12:35:26 | syncing options from database 
[SYS] 2025/11/18 - 12:35:26 | syncing channels from database 
[SYS] 2025/11/18 - 12:35:26 | channels synced from database 
[SYS] 2025/11/18 - 12:35:26 | ä»»åŠ¡è¿›åº¦è½®è¯¢å¼€å§‹ 
[SYS] 2025/11/18 - 12:35:26 | ä»»åŠ¡è¿›åº¦è½®è¯¢å®Œæˆ 
[GIN] 2025/11/18 - 12:35:27 | 20251118123527904325293HyKD9QzP | 200 |    1.862333ms |             ::1 |     GET /api/status
[GIN] 2025/11/18 - 12:35:39 | 20251118123539838010632t2YmPT1V | 400 |  108.834666ms |    192.168.65.1 |    POST /v1/videos
[SYS] 2025/11/18 - 12:35:41 | ä»»åŠ¡è¿›åº¦è½®è¯¢å¼€å§‹ 
[SYS] 2025/11/18 - 12:35:41 | ä»»åŠ¡è¿›åº¦è½®è¯¢å®Œæˆ 
[SYS] 2025/11/18 - 12:35:56 | ä»»åŠ¡è¿›åº¦è½®è¯¢å¼€å§‹ 
[SYS] 2025/11/18 - 12:35:56 | ä»»åŠ¡è¿›åº¦è½®è¯¢å®Œæˆ 
[GIN] 2025/11/18 - 12:35:58 | 20251118123558592896077yinkX8 | 200 |    2.402084ms |             ::1 |     GET /api/status
[GIN] 2025/11/18 - 12:36:10 | 20251118123609883186715mWSOnUvl | 400 |  244.290208ms |    192.168.65.1 |    POST /v1/videos
[SYS] 2025/11/18 - 12:36:11 | ä»»åŠ¡è¿›åº¦è½®è¯¢å¼€å§‹ 
[SYS] 2025/11/18 - 12:36:11 | ä»»åŠ¡è¿›åº¦è½®è¯¢å®Œæˆ 
[SYS] 2025/11/18 - 12:36:26 | æ­£åœ¨æ›´æ–°æ•°æ®çœ‹æ¿æ•°æ®... 
[SYS] 2025/11/18 - 12:36:26 | ä¿å­˜æ•°æ®çœ‹æ¿æ•°æ®æˆåŠŸï¼Œå…±ä¿å­˜0æ¡æ•°æ® 
[SYS] 2025/11/18 - 12:36:26 | syncing channels from database 
[SYS] 2025/11/18 - 12:36:26 | syncing options from database 
[SYS] 2025/11/18 - 12:36:26 | channels synced from database 
[SYS] 2025/11/18 - 12:36:26 | ä»»åŠ¡è¿›åº¦è½®è¯¢å¼€å§‹ 
[SYS] 2025/11/18 - 12:36:26 | ä»»åŠ¡è¿›åº¦è½®è¯¢å®Œæˆ 
[GIN] 2025/11/18 - 12:36:28 | 20251118123628980067518BOXKPKK | 200 |    3.790542ms |             ::1 |     GET /api/status
[SYS] 2025/11/18 - 12:36:41 | ä»»åŠ¡è¿›åº¦è½®è¯¢å¼€å§‹ 
[SYS] 2025/11/18 - 12:36:41 | ä»»åŠ¡è¿›åº¦è½®è¯¢å®Œæˆ 
[SYS] 2025/11/18 - 12:36:56 | ä»»åŠ¡è¿›åº¦è½®è¯¢å¼€å§‹ 
[SYS] 2025/11/18 - 12:36:56 | ä»»åŠ¡è¿›åº¦è½®è¯¢å®Œæˆ 
[GIN] 2025/11/18 - 12:36:58 | 202511181236581755748761CFu0tB8 | 200 |    2.661584ms |             ::1 |     GET /api/status
[ERR] 2025/11/18 - 12:37:09 | 20251118123709940658924bkywomDU | user 0 | æ— æ•ˆçš„ä»¤ç‰Œ 
[GIN] 2025/11/18 - 12:37:09 | 20251118123709940658924bkywomDU | 401 |    7.082375ms |    192.168.65.1 |    POST /v1/videos
[SYS] 2025/11/18 - 12:37:11 | ä»»åŠ¡è¿›åº¦è½®è¯¢å¼€å§‹ 
[SYS] 2025/11/18 - 12:37:11 | ä»»åŠ¡è¿›åº¦è½®è¯¢å®Œæˆ 
[SYS] 2025/11/18 - 12:37:26 | syncing channels from database 
[SYS] 2025/11/18 - 12:37:26 | syncing options from database 
[SYS] 2025/11/18 - 12:37:26 | channels synced from database 
[SYS] 2025/11/18 - 12:37:26 | ä»»åŠ¡è¿›åº¦è½®è¯¢å¼€å§‹ 
[SYS] 2025/11/18 - 12:37:26 | ä»»åŠ¡è¿›åº¦è½®è¯¢å®Œæˆ 
[GIN] 2025/11/18 - 12:37:28 | 20251118123728240603001QgSHL9SK | 200 |    1.367958ms |             ::1 |     GET /api/status
[SYS] 2025/11/18 - 12:37:41 | ä»»åŠ¡è¿›åº¦è½®è¯¢å¼€å§‹ 
[SYS] 2025/11/18 - 12:37:41 | ä»»åŠ¡è¿›åº¦è½®è¯¢å®Œæˆ 
[SYS] 2025/11/18 - 12:37:56 | ä»»åŠ¡è¿›åº¦è½®è¯¢å¼€å§‹ 
[SYS] 2025/11/18 - 12:37:56 | ä»»åŠ¡è¿›åº¦è½®è¯¢å®Œæˆ 
[GIN] 2025/11/18 - 12:37:58 | 20251118123758320946335A30KPXi7 | 200 |    2.958291ms |             ::1 |     GET /api/status
[SYS] 2025/11/18 - 12:38:11 | ä»»åŠ¡è¿›åº¦è½®è¯¢å¼€å§‹ 
[SYS] 2025/11/18 - 12:38:12 | ä»»åŠ¡è¿›åº¦è½®è¯¢å®Œæˆ 
