[SYS] 2025/11/18 - 13:01:04 | initializing token encoders 
[SYS] 2025/11/18 - 13:01:04 | token encoders initialized 
[SYS] 2025/11/18 - 13:01:04 | using MySQL as database 
[SYS] 2025/11/18 - 13:01:04 | database migration started 
[SYS] 2025/11/18 - 13:01:05 | system is already initialized at: 2025-11-13 18:51:02 +0800 CST 
[SYS] 2025/11/18 - 13:01:05 | SYNC_FREQUENCY not set, use default value 60 
[SYS] 2025/11/18 - 13:01:05 | Redis is enabled 
[SYS] 2025/11/18 - 13:01:05 | New API  started 
[SYS] 2025/11/18 - 13:01:05 | memory cache enabled 
[SYS] 2025/11/18 - 13:01:05 | sync frequency: 60 seconds 
[SYS] 2025/11/18 - 13:01:05 | channels synced from database 
[SYS] 2025/11/18 - 13:01:05 | batch update enabled with interval 5s 

  [32mNew API [0m  ready in 134 ms

[SYS] 2025/11/18 - 13:01:05 | æ­£åœ¨æ›´æ–°æ•°æ®çœ‹æ¿æ•°æ®... 
  âœ  [1mNetwork:[0m http://172.20.0.2:3000/

[SYS] 2025/11/18 - 13:01:05 | ä¿å­˜æ•°æ®çœ‹æ¿æ•°æ®æˆåŠŸï¼Œå…±ä¿å­˜0æ¡æ•°æ® 
[SYS] 2025/11/18 - 13:01:20 | ä»»åŠ¡è¿›åº¦è½®è¯¢å¼€å§‹ 
[SYS] 2025/11/18 - 13:01:20 | ä»»åŠ¡è¿›åº¦è½®è¯¢å®Œæˆ 
[GIN] 2025/11/18 - 13:01:34 | 20251118130134993099083B55hdsSA | 200 |     2.12225ms |             ::1 |     GET /api/status
[SYS] 2025/11/18 - 13:01:35 | ä»»åŠ¡è¿›åº¦è½®è¯¢å¼€å§‹ 
[SYS] 2025/11/18 - 13:01:35 | ä»»åŠ¡è¿›åº¦è½®è¯¢å®Œæˆ 
[GIN] 2025/11/18 - 13:01:49 | 20251118130116808506797KObWtcbl | 400 | 32.359332848s |    192.168.65.1 |    POST /v1/videos
[SYS] 2025/11/18 - 13:01:50 | ä»»åŠ¡è¿›åº¦è½®è¯¢å¼€å§‹ 
[SYS] 2025/11/18 - 13:01:50 | ä»»åŠ¡è¿›åº¦è½®è¯¢å®Œæˆ 
[GIN] 2025/11/18 - 13:02:05 | 2025111813020588018792YP4UdTTa | 200 |    3.391125ms |             ::1 |     GET /api/status
[SYS] 2025/11/18 - 13:02:05 | syncing options from database 
[SYS] 2025/11/18 - 13:02:05 | syncing channels from database 
[SYS] 2025/11/18 - 13:02:05 | channels synced from database 
[SYS] 2025/11/18 - 13:02:05 | ä»»åŠ¡è¿›åº¦è½®è¯¢å¼€å§‹ 
[SYS] 2025/11/18 - 13:02:05 | ä»»åŠ¡è¿›åº¦è½®è¯¢å®Œæˆ 
[SYS] 2025/11/18 - 13:02:20 | ä»»åŠ¡è¿›åº¦è½®è¯¢å¼€å§‹ 
[SYS] 2025/11/18 - 13:02:20 | ä»»åŠ¡è¿›åº¦è½®è¯¢å®Œæˆ 
[SYS] 2025/11/18 - 13:02:35 | ä»»åŠ¡è¿›åº¦è½®è¯¢å¼€å§‹ 
[SYS] 2025/11/18 - 13:02:35 | ä»»åŠ¡è¿›åº¦è½®è¯¢å®Œæˆ 
[GIN] 2025/11/18 - 13:02:35 | 20251118130235189103958zBRT4Q2T | 200 |    8.399083ms |             ::1 |     GET /api/status
[SYS] 2025/11/18 - 13:02:50 | ä»»åŠ¡è¿›åº¦è½®è¯¢å¼€å§‹ 
[SYS] 2025/11/18 - 13:02:50 | ä»»åŠ¡è¿›åº¦è½®è¯¢å®Œæˆ 
