[SYS] 2025/11/18 - 12:19:52 | initializing token encoders 
[SYS] 2025/11/18 - 12:19:52 | token encoders initialized 
[SYS] 2025/11/18 - 12:19:52 | using MySQL as database 
[SYS] 2025/11/18 - 12:19:52 | database migration started 
[SYS] 2025/11/18 - 12:19:52 | system is already initialized at: 2025-11-13 18:51:02 +0800 CST 
[SYS] 2025/11/18 - 12:19:52 | SYNC_FREQUENCY not set, use default value 60 
[SYS] 2025/11/18 - 12:19:52 | Redis is enabled 
[SYS] 2025/11/18 - 12:19:52 | New API  started 
[SYS] 2025/11/18 - 12:19:52 | memory cache enabled 
[SYS] 2025/11/18 - 12:19:52 | sync frequency: 60 seconds 
[SYS] 2025/11/18 - 12:19:52 | channels synced from database 
[SYS] 2025/11/18 - 12:19:52 | batch update enabled with interval 5s 
[SYS] 2025/11/18 - 12:19:52 | æ­£åœ¨æ›´æ–°æ•°æ®çœ‹æ¿æ•°æ®... 
[SYS] 2025/11/18 - 12:19:52 | ä¿å­˜æ•°æ®çœ‹æ¿æ•°æ®æˆåŠŸï¼Œå…±ä¿å­˜0æ¡æ•°æ® 

  [32mNew API [0m  ready in 112 ms

  âœ  [1mNetwork:[0m http://172.20.0.4:3000/

[GIN] 2025/11/18 - 12:19:59 | 20251118121958609747210QYVuOxhg | 400 |  743.409001ms |    192.168.65.1 |    POST /v1/videos
[SYS] 2025/11/18 - 12:20:07 | ä»»åŠ¡è¿›åº¦è½®è¯¢å¼€å§‹ 
[SYS] 2025/11/18 - 12:20:07 | ä»»åŠ¡è¿›åº¦è½®è¯¢å®Œæˆ 
[GIN] 2025/11/18 - 12:20:22 | 20251118122022418808388oay5kUrW | 200 |    6.916542ms |             ::1 |     GET /api/status
[SYS] 2025/11/18 - 12:20:22 | ä»»åŠ¡è¿›åº¦è½®è¯¢å¼€å§‹ 
[SYS] 2025/11/18 - 12:20:22 | ä»»åŠ¡è¿›åº¦è½®è¯¢å®Œæˆ 
[SYS] 2025/11/18 - 12:20:37 | ä»»åŠ¡è¿›åº¦è½®è¯¢å¼€å§‹ 
[SYS] 2025/11/18 - 12:20:37 | ä»»åŠ¡è¿›åº¦è½®è¯¢å®Œæˆ 
[SYS] 2025/11/18 - 12:20:52 | syncing options from database 
[SYS] 2025/11/18 - 12:20:52 | syncing channels from database 
[GIN] 2025/11/18 - 12:20:52 | 20251118122052505226971OZUd4y5r | 200 |    4.920125ms |             ::1 |     GET /api/status
[SYS] 2025/11/18 - 12:20:52 | channels synced from database 
[SYS] 2025/11/18 - 12:20:52 | ä»»åŠ¡è¿›åº¦è½®è¯¢å¼€å§‹ 
[SYS] 2025/11/18 - 12:20:52 | ä»»åŠ¡è¿›åº¦è½®è¯¢å®Œæˆ 
[SYS] 2025/11/18 - 12:21:07 | ä»»åŠ¡è¿›åº¦è½®è¯¢å¼€å§‹ 
[SYS] 2025/11/18 - 12:21:07 | ä»»åŠ¡è¿›åº¦è½®è¯¢å®Œæˆ 
[SYS] 2025/11/18 - 12:21:22 | ä»»åŠ¡è¿›åº¦è½®è¯¢å¼€å§‹ 
[SYS] 2025/11/18 - 12:21:22 | ä»»åŠ¡è¿›åº¦è½®è¯¢å®Œæˆ 
[GIN] 2025/11/18 - 12:21:22 | 20251118122122575901888oth5WKAQ | 200 |     909.666Âµs |             ::1 |     GET /api/status
[SYS] 2025/11/18 - 12:21:37 | ä»»åŠ¡è¿›åº¦è½®è¯¢å¼€å§‹ 
[SYS] 2025/11/18 - 12:21:37 | ä»»åŠ¡è¿›åº¦è½®è¯¢å®Œæˆ 
[GIN] 2025/11/18 - 12:21:47 | 20251118122147289214177JD55eMDI | 400 |   233.51125ms |    192.168.65.1 |    POST /v1/videos
[SYS] 2025/11/18 - 12:21:52 | syncing options from database 
[SYS] 2025/11/18 - 12:21:52 | syncing channels from database 
[SYS] 2025/11/18 - 12:21:52 | channels synced from database 
[SYS] 2025/11/18 - 12:21:52 | ä»»åŠ¡è¿›åº¦è½®è¯¢å¼€å§‹ 
[SYS] 2025/11/18 - 12:21:52 | ä»»åŠ¡è¿›åº¦è½®è¯¢å®Œæˆ 
[GIN] 2025/11/18 - 12:21:52 | 20251118122152625460555T0SLeFFX | 200 |    2.962708ms |             ::1 |     GET /api/status
[SYS] 2025/11/18 - 12:22:07 | ä»»åŠ¡è¿›åº¦è½®è¯¢å¼€å§‹ 
[SYS] 2025/11/18 - 12:22:07 | ä»»åŠ¡è¿›åº¦è½®è¯¢å®Œæˆ 
[SYS] 2025/11/18 - 12:22:22 | ä»»åŠ¡è¿›åº¦è½®è¯¢å¼€å§‹ 
[SYS] 2025/11/18 - 12:22:22 | ä»»åŠ¡è¿›åº¦è½®è¯¢å®Œæˆ 
[GIN] 2025/11/18 - 12:22:23 | 2025111812222325015597q0iwznKg | 200 |   14.340459ms |             ::1 |     GET /api/status
[SYS] 2025/11/18 - 12:22:37 | ä»»åŠ¡è¿›åº¦è½®è¯¢å¼€å§‹ 
[SYS] 2025/11/18 - 12:22:37 | ä»»åŠ¡è¿›åº¦è½®è¯¢å®Œæˆ 
[SYS] 2025/11/18 - 12:22:52 | syncing channels from database 
[SYS] 2025/11/18 - 12:22:52 | syncing options from database 
[SYS] 2025/11/18 - 12:22:52 | channels synced from database 
[SYS] 2025/11/18 - 12:22:52 | ä»»åŠ¡è¿›åº¦è½®è¯¢å¼€å§‹ 
[SYS] 2025/11/18 - 12:22:52 | ä»»åŠ¡è¿›åº¦è½®è¯¢å®Œæˆ 
[GIN] 2025/11/18 - 12:22:53 | 20251118122253205060055Cgn7S4aS | 200 |   14.150292ms |             ::1 |     GET /api/status
[SYS] 2025/11/18 - 12:23:07 | ä»»åŠ¡è¿›åº¦è½®è¯¢å¼€å§‹ 
[SYS] 2025/11/18 - 12:23:07 | ä»»åŠ¡è¿›åº¦è½®è¯¢å®Œæˆ 
