[SYS] 2025/11/19 - 14:38:07 | initializing token encoders 
[SYS] 2025/11/19 - 14:38:07 | token encoders initialized 
[SYS] 2025/11/19 - 14:38:07 | using MySQL as database 
[SYS] 2025/11/19 - 14:38:07 | database migration started 
[SYS] 2025/11/19 - 14:38:08 | system is already initialized at: 2025-11-13 18:51:02 +0800 CST 
[SYS] 2025/11/19 - 14:38:08 | SYNC_FREQUENCY not set, use default value 60 
[SYS] 2025/11/19 - 14:38:08 | Redis is enabled 
[SYS] 2025/11/19 - 14:38:08 | New API  started 
[SYS] 2025/11/19 - 14:38:08 | memory cache enabled 
[SYS] 2025/11/19 - 14:38:08 | sync frequency: 60 seconds 
[SYS] 2025/11/19 - 14:38:08 | channels synced from database 
[SYS] 2025/11/19 - 14:38:08 | batch update enabled with interval 5s 
[SYS] 2025/11/19 - 14:38:08 | æ­£åœ¨æ›´æ–°æ•°æ®çœ‹æ¿æ•°æ®... 
[SYS] 2025/11/19 - 14:38:08 | ä¿å­˜æ•°æ®çœ‹æ¿æ•°æ®æˆåŠŸï¼Œå…±ä¿å­˜0æ¡æ•°æ® 

  [32mNew API [0m  ready in 402 ms

  âœ  [1mNetwork:[0m http://172.20.0.4:3000/

[GIN] 2025/11/19 - 14:38:22 | 20251119143821986622257AQc8jFJx | 200 |   12.931792ms |    192.168.65.1 |     GET /api/status
[SYS] 2025/11/19 - 14:38:23 | ä»»åŠ¡è¿›åº¦è½®è¯¢å¼€å§‹ 
[SYS] 2025/11/19 - 14:38:23 | ä»»åŠ¡è¿›åº¦è½®è¯¢å®Œæˆ 
[GIN] 2025/11/19 - 14:38:37 | 20251119143837822623167rL9EuraN | 200 |    3.436125ms |             ::1 |     GET /api/status
[SYS] 2025/11/19 - 14:38:38 | ä»»åŠ¡è¿›åº¦è½®è¯¢å¼€å§‹ 
[SYS] 2025/11/19 - 14:38:38 | ä»»åŠ¡è¿›åº¦è½®è¯¢å®Œæˆ 
[SYS] 2025/11/19 - 14:38:53 | ä»»åŠ¡è¿›åº¦è½®è¯¢å¼€å§‹ 
[SYS] 2025/11/19 - 14:38:53 | ä»»åŠ¡è¿›åº¦è½®è¯¢å®Œæˆ 
