[SYS] 2025/11/18 - 13:03:03 | initializing token encoders 
[SYS] 2025/11/18 - 13:03:03 | token encoders initialized 
[SYS] 2025/11/18 - 13:03:03 | using MySQL as database 
[SYS] 2025/11/18 - 13:03:03 | database migration started 
[SYS] 2025/11/18 - 13:03:03 | system is already initialized at: 2025-11-13 18:51:02 +0800 CST 
[SYS] 2025/11/18 - 13:03:03 | SYNC_FREQUENCY not set, use default value 60 
[SYS] 2025/11/18 - 13:03:03 | Redis is enabled 
[SYS] 2025/11/18 - 13:03:03 | New API  started 
[SYS] 2025/11/18 - 13:03:03 | memory cache enabled 
[SYS] 2025/11/18 - 13:03:03 | sync frequency: 60 seconds 
[SYS] 2025/11/18 - 13:03:03 | channels synced from database 
[SYS] 2025/11/18 - 13:03:03 | batch update enabled with interval 5s 

  [32mNew API [0m  ready in 126 ms

  âœ  [1mNetwork:[0m http://172.20.0.2:3000/

[SYS] 2025/11/18 - 13:03:03 | æ­£åœ¨æ›´æ–°æ•°æ®çœ‹æ¿æ•°æ®... 
[SYS] 2025/11/18 - 13:03:03 | ä¿å­˜æ•°æ®çœ‹æ¿æ•°æ®æˆåŠŸï¼Œå…±ä¿å­˜0æ¡æ•°æ® 
[SYS] 2025/11/18 - 13:03:18 | ä»»åŠ¡è¿›åº¦è½®è¯¢å¼€å§‹ 
[SYS] 2025/11/18 - 13:03:18 | ä»»åŠ¡è¿›åº¦è½®è¯¢å®Œæˆ 
[GIN] 2025/11/18 - 13:03:33 | 20251118130333531212139KIhwHGmG | 200 |    1.764125ms |             ::1 |     GET /api/status
[SYS] 2025/11/18 - 13:03:33 | ä»»åŠ¡è¿›åº¦è½®è¯¢å¼€å§‹ 
[SYS] 2025/11/18 - 13:03:33 | ä»»åŠ¡è¿›åº¦è½®è¯¢å®Œæˆ 
[GIN] 2025/11/18 - 13:03:48 | 2025111813031571231167218W1Bucm | 400 | 32.906179891s |    192.168.65.1 |    POST /v1/videos
[SYS] 2025/11/18 - 13:03:48 | ä»»åŠ¡è¿›åº¦è½®è¯¢å¼€å§‹ 
[SYS] 2025/11/18 - 13:03:48 | ä»»åŠ¡è¿›åº¦è½®è¯¢å®Œæˆ 
[SYS] 2025/11/18 - 13:04:03 | syncing channels from database 
[SYS] 2025/11/18 - 13:04:03 | syncing options from database 
[GIN] 2025/11/18 - 13:04:03 | 20251118130403624178889FxSaMkyo | 200 |    4.368042ms |             ::1 |     GET /api/status
[SYS] 2025/11/18 - 13:04:03 | ä»»åŠ¡è¿›åº¦è½®è¯¢å¼€å§‹ 
[SYS] 2025/11/18 - 13:04:03 | channels synced from database 
[SYS] 2025/11/18 - 13:04:03 | ä»»åŠ¡è¿›åº¦è½®è¯¢å®Œæˆ 
[SYS] 2025/11/18 - 13:04:18 | ä»»åŠ¡è¿›åº¦è½®è¯¢å¼€å§‹ 
[SYS] 2025/11/18 - 13:04:18 | ä»»åŠ¡è¿›åº¦è½®è¯¢å®Œæˆ 
[SYS] 2025/11/18 - 13:04:33 | ä»»åŠ¡è¿›åº¦è½®è¯¢å¼€å§‹ 
[SYS] 2025/11/18 - 13:04:33 | ä»»åŠ¡è¿›åº¦è½®è¯¢å®Œæˆ 
[GIN] 2025/11/18 - 13:04:33 | 20251118130433837521097TaD8NE8W | 200 |   21.286875ms |             ::1 |     GET /api/status
[SYS] 2025/11/18 - 13:04:48 | ä»»åŠ¡è¿›åº¦è½®è¯¢å¼€å§‹ 
[SYS] 2025/11/18 - 13:04:48 | ä»»åŠ¡è¿›åº¦è½®è¯¢å®Œæˆ 
[SYS] 2025/11/18 - 13:05:03 | syncing options from database 
[SYS] 2025/11/18 - 13:05:03 | syncing channels from database 
[SYS] 2025/11/18 - 13:05:03 | channels synced from database 
[SYS] 2025/11/18 - 13:05:03 | ä»»åŠ¡è¿›åº¦è½®è¯¢å¼€å§‹ 
[SYS] 2025/11/18 - 13:05:03 | ä»»åŠ¡è¿›åº¦è½®è¯¢å®Œæˆ 
[GIN] 2025/11/18 - 13:05:03 | 20251118130503948265972MOhymYUB | 200 |    2.323583ms |             ::1 |     GET /api/status
[SYS] 2025/11/18 - 13:05:18 | ä»»åŠ¡è¿›åº¦è½®è¯¢å¼€å§‹ 
[SYS] 2025/11/18 - 13:05:18 | ä»»åŠ¡è¿›åº¦è½®è¯¢å®Œæˆ 
[SYS] 2025/11/18 - 13:05:33 | ä»»åŠ¡è¿›åº¦è½®è¯¢å¼€å§‹ 
[SYS] 2025/11/18 - 13:05:33 | ä»»åŠ¡è¿›åº¦è½®è¯¢å®Œæˆ 
[GIN] 2025/11/18 - 13:05:34 | 20251118130534123894791x0OhNFwM | 200 |   12.416125ms |             ::1 |     GET /api/status
[SYS] 2025/11/18 - 13:05:48 | ä»»åŠ¡è¿›åº¦è½®è¯¢å¼€å§‹ 
[SYS] 2025/11/18 - 13:05:48 | ä»»åŠ¡è¿›åº¦è½®è¯¢å®Œæˆ 
