[SYS] 2025/11/18 - 11:12:20 | initializing token encoders 
[SYS] 2025/11/18 - 11:12:20 | token encoders initialized 
[SYS] 2025/11/18 - 11:12:20 | using MySQL as database 
[SYS] 2025/11/18 - 11:12:20 | database migration started 
[SYS] 2025/11/18 - 11:12:20 | system is already initialized at: 2025-11-13 18:51:02 +0800 CST 
[SYS] 2025/11/18 - 11:12:20 | SYNC_FREQUENCY not set, use default value 60 
[SYS] 2025/11/18 - 11:12:20 | Redis is enabled 
[SYS] 2025/11/18 - 11:12:20 | New API  started 
[SYS] 2025/11/18 - 11:12:20 | memory cache enabled 
[SYS] 2025/11/18 - 11:12:20 | sync frequency: 60 seconds 
[SYS] 2025/11/18 - 11:12:20 | channels synced from database 
[SYS] 2025/11/18 - 11:12:20 | batch update enabled with interval 5s 
[SYS] 2025/11/18 - 11:12:20 | æ­£åœ¨æ›´æ–°æ•°æ®çœ‹æ¿æ•°æ®... 
[SYS] 2025/11/18 - 11:12:20 | ä¿å­˜æ•°æ®çœ‹æ¿æ•°æ®æˆåŠŸï¼Œå…±ä¿å­˜0æ¡æ•°æ® 

  [32mNew API [0m  ready in 215 ms

  âœ  [1mNetwork:[0m http://172.20.0.4:3000/

[GIN] 2025/11/18 - 11:12:30 | 20251118111230147268176v9L74bn2 | 200 |   10.197125ms |    192.168.65.1 |     GET /
[GIN] 2025/11/18 - 11:12:30 | 202511181112305471325519zCmBmYb | 200 |    3.181583ms |    192.168.65.1 |     GET /api/status
[GIN] 2025/11/18 - 11:12:30 | 2025111811123056922446849FJRAoh | 200 |     924.292Âµs |    192.168.65.1 |     GET /api/notice
[GIN] 2025/11/18 - 11:12:30 | 20251118111230569843010FVlqTfwZ | 200 |    1.707708ms |    192.168.65.1 |     GET /api/home_page_content
[GIN] 2025/11/18 - 11:12:33 | 2025111811123388939886wY0j2w0K | 401 |    3.125709ms |    192.168.65.1 |     GET /api/user/self
[GIN] 2025/11/18 - 11:12:33 | 20251118111233107929427A9M7RFvY | 200 |     1.23075ms |    192.168.65.1 |     GET /login?expired=true
[GIN] 2025/11/18 - 11:12:33 | 20251118111233261345802rwW8hsqd | 200 |    2.252042ms |    192.168.65.1 |     GET /api/status
[SYS] 2025/11/18 - 11:12:35 | ä»»åŠ¡è¿›åº¦è½®è¯¢å¼€å§‹ 
[SYS] 2025/11/18 - 11:12:35 | ä»»åŠ¡è¿›åº¦è½®è¯¢å®Œæˆ 
[GIN] 2025/11/18 - 11:12:39 | 20251118111239763046708bOHGjdVP | 400 |   13.828834ms |    192.168.65.1 |    POST /v1/videos
[GIN] 2025/11/18 - 11:12:50 | 20251118111250176419921eaN62NR5 | 200 |    1.035833ms |             ::1 |     GET /api/status
[SYS] 2025/11/18 - 11:12:50 | ä»»åŠ¡è¿›åº¦è½®è¯¢å¼€å§‹ 
[SYS] 2025/11/18 - 11:12:50 | ä»»åŠ¡è¿›åº¦è½®è¯¢å®Œæˆ 
[SYS] 2025/11/18 - 11:13:05 | ä»»åŠ¡è¿›åº¦è½®è¯¢å¼€å§‹ 
[SYS] 2025/11/18 - 11:13:05 | ä»»åŠ¡è¿›åº¦è½®è¯¢å®Œæˆ 
[GIN] 2025/11/18 - 11:13:20 | 20251118111320259701505Wp9eKJWp | 200 |    2.645958ms |             ::1 |     GET /api/status
[SYS] 2025/11/18 - 11:13:20 | syncing options from database 
[SYS] 2025/11/18 - 11:13:20 | syncing channels from database 
[SYS] 2025/11/18 - 11:13:20 | channels synced from database 
[SYS] 2025/11/18 - 11:13:20 | ä»»åŠ¡è¿›åº¦è½®è¯¢å¼€å§‹ 
[SYS] 2025/11/18 - 11:13:20 | ä»»åŠ¡è¿›åº¦è½®è¯¢å®Œæˆ 
[SYS] 2025/11/18 - 11:13:35 | ä»»åŠ¡è¿›åº¦è½®è¯¢å¼€å§‹ 
[SYS] 2025/11/18 - 11:13:35 | ä»»åŠ¡è¿›åº¦è½®è¯¢å®Œæˆ 
[GIN] 2025/11/18 - 11:13:50 | 20251118111350323660880oLLnIc3n | 200 |    1.005125ms |             ::1 |     GET /api/status
[SYS] 2025/11/18 - 11:13:50 | ä»»åŠ¡è¿›åº¦è½®è¯¢å¼€å§‹ 
[SYS] 2025/11/18 - 11:13:50 | ä»»åŠ¡è¿›åº¦è½®è¯¢å®Œæˆ 
[SYS] 2025/11/18 - 11:14:05 | ä»»åŠ¡è¿›åº¦è½®è¯¢å¼€å§‹ 
[SYS] 2025/11/18 - 11:14:05 | ä»»åŠ¡è¿›åº¦è½®è¯¢å®Œæˆ 
[SYS] 2025/11/18 - 11:14:20 | syncing options from database 
[SYS] 2025/11/18 - 11:14:20 | syncing channels from database 
[SYS] 2025/11/18 - 11:14:20 | channels synced from database 
[GIN] 2025/11/18 - 11:14:20 | 20251118111420400727755SWYf7pG0 | 200 |     451.583Âµs |             ::1 |     GET /api/status
[SYS] 2025/11/18 - 11:14:20 | ä»»åŠ¡è¿›åº¦è½®è¯¢å¼€å§‹ 
[SYS] 2025/11/18 - 11:14:20 | ä»»åŠ¡è¿›åº¦è½®è¯¢å®Œæˆ 
[SYS] 2025/11/18 - 11:14:35 | ä»»åŠ¡è¿›åº¦è½®è¯¢å¼€å§‹ 
[SYS] 2025/11/18 - 11:14:35 | ä»»åŠ¡è¿›åº¦è½®è¯¢å®Œæˆ 
[SYS] 2025/11/18 - 11:14:50 | ä»»åŠ¡è¿›åº¦è½®è¯¢å¼€å§‹ 
[SYS] 2025/11/18 - 11:14:50 | ä»»åŠ¡è¿›åº¦è½®è¯¢å®Œæˆ 
[GIN] 2025/11/18 - 11:14:50 | 20251118111450463983338XMsJYiNZ | 200 |    1.314834ms |             ::1 |     GET /api/status
[SYS] 2025/11/18 - 11:15:05 | ä»»åŠ¡è¿›åº¦è½®è¯¢å¼€å§‹ 
[SYS] 2025/11/18 - 11:15:05 | ä»»åŠ¡è¿›åº¦è½®è¯¢å®Œæˆ 
[SYS] 2025/11/18 - 11:15:20 | syncing options from database 
[SYS] 2025/11/18 - 11:15:20 | syncing channels from database 
[SYS] 2025/11/18 - 11:15:20 | channels synced from database 
[SYS] 2025/11/18 - 11:15:20 | ä»»åŠ¡è¿›åº¦è½®è¯¢å¼€å§‹ 
[SYS] 2025/11/18 - 11:15:20 | ä»»åŠ¡è¿›åº¦è½®è¯¢å®Œæˆ 
[GIN] 2025/11/18 - 11:15:20 | 20251118111520516879505BXVioopk | 200 |     780.541Âµs |             ::1 |     GET /api/status
[SYS] 2025/11/18 - 11:15:35 | ä»»åŠ¡è¿›åº¦è½®è¯¢å¼€å§‹ 
[SYS] 2025/11/18 - 11:15:35 | ä»»åŠ¡è¿›åº¦è½®è¯¢å®Œæˆ 
[SYS] 2025/11/18 - 11:15:50 | ä»»åŠ¡è¿›åº¦è½®è¯¢å¼€å§‹ 
[SYS] 2025/11/18 - 11:15:50 | ä»»åŠ¡è¿›åº¦è½®è¯¢å®Œæˆ 
[GIN] 2025/11/18 - 11:15:50 | 2025111811155060189683859oXkbfP | 200 |    2.664667ms |             ::1 |     GET /api/status
[SYS] 2025/11/18 - 11:16:05 | ä»»åŠ¡è¿›åº¦è½®è¯¢å¼€å§‹ 
[SYS] 2025/11/18 - 11:16:05 | ä»»åŠ¡è¿›åº¦è½®è¯¢å®Œæˆ 
[SYS] 2025/11/18 - 11:16:20 | syncing options from database 
[SYS] 2025/11/18 - 11:16:20 | syncing channels from database 
[SYS] 2025/11/18 - 11:16:20 | channels synced from database 
[SYS] 2025/11/18 - 11:16:20 | ä»»åŠ¡è¿›åº¦è½®è¯¢å¼€å§‹ 
[SYS] 2025/11/18 - 11:16:20 | ä»»åŠ¡è¿›åº¦è½®è¯¢å®Œæˆ 
[GIN] 2025/11/18 - 11:16:20 | 20251118111620710367338pp2oQCAQ | 200 |    1.473459ms |             ::1 |     GET /api/status
[SYS] 2025/11/18 - 11:16:35 | ä»»åŠ¡è¿›åº¦è½®è¯¢å¼€å§‹ 
[SYS] 2025/11/18 - 11:16:35 | ä»»åŠ¡è¿›åº¦è½®è¯¢å®Œæˆ 
[SYS] 2025/11/18 - 11:16:50 | ä»»åŠ¡è¿›åº¦è½®è¯¢å¼€å§‹ 
[SYS] 2025/11/18 - 11:16:50 | ä»»åŠ¡è¿›åº¦è½®è¯¢å®Œæˆ 
[GIN] 2025/11/18 - 11:16:50 | 20251118111650776214005Uvs724tc | 200 |     622.375Âµs |             ::1 |     GET /api/status
[SYS] 2025/11/18 - 11:17:05 | ä»»åŠ¡è¿›åº¦è½®è¯¢å¼€å§‹ 
[SYS] 2025/11/18 - 11:17:05 | ä»»åŠ¡è¿›åº¦è½®è¯¢å®Œæˆ 
[SYS] 2025/11/18 - 11:17:20 | æ­£åœ¨æ›´æ–°æ•°æ®çœ‹æ¿æ•°æ®... 
[SYS] 2025/11/18 - 11:17:20 | ä¿å­˜æ•°æ®çœ‹æ¿æ•°æ®æˆåŠŸï¼Œå…±ä¿å­˜0æ¡æ•°æ® 
[SYS] 2025/11/18 - 11:17:20 | syncing channels from database 
[SYS] 2025/11/18 - 11:17:20 | syncing options from database 
[SYS] 2025/11/18 - 11:17:20 | channels synced from database 
[SYS] 2025/11/18 - 11:17:20 | ä»»åŠ¡è¿›åº¦è½®è¯¢å¼€å§‹ 
[SYS] 2025/11/18 - 11:17:20 | ä»»åŠ¡è¿›åº¦è½®è¯¢å®Œæˆ 
[GIN] 2025/11/18 - 11:17:21 | 20251118111721112720088LBeOzRHG | 200 |    2.759459ms |             ::1 |     GET /api/status
[SYS] 2025/11/18 - 11:17:35 | ä»»åŠ¡è¿›åº¦è½®è¯¢å¼€å§‹ 
[SYS] 2025/11/18 - 11:17:35 | ä»»åŠ¡è¿›åº¦è½®è¯¢å®Œæˆ 
[SYS] 2025/11/18 - 11:17:50 | ä»»åŠ¡è¿›åº¦è½®è¯¢å¼€å§‹ 
[SYS] 2025/11/18 - 11:17:50 | ä»»åŠ¡è¿›åº¦è½®è¯¢å®Œæˆ 
[GIN] 2025/11/18 - 11:17:51 | 20251118111751200818005r2ofZtzC | 200 |    2.392416ms |             ::1 |     GET /api/status
[SYS] 2025/11/18 - 11:18:05 | ä»»åŠ¡è¿›åº¦è½®è¯¢å¼€å§‹ 
[SYS] 2025/11/18 - 11:18:05 | ä»»åŠ¡è¿›åº¦è½®è¯¢å®Œæˆ 
[SYS] 2025/11/18 - 11:18:20 | syncing channels from database 
[SYS] 2025/11/18 - 11:18:20 | syncing options from database 
[SYS] 2025/11/18 - 11:18:20 | channels synced from database 
[SYS] 2025/11/18 - 11:18:20 | ä»»åŠ¡è¿›åº¦è½®è¯¢å¼€å§‹ 
[SYS] 2025/11/18 - 11:18:20 | ä»»åŠ¡è¿›åº¦è½®è¯¢å®Œæˆ 
[GIN] 2025/11/18 - 11:18:21 | 20251118111821291888588oJ7HbPDI | 200 |    1.615292ms |             ::1 |     GET /api/status
[SYS] 2025/11/18 - 11:18:35 | ä»»åŠ¡è¿›åº¦è½®è¯¢å¼€å§‹ 
[SYS] 2025/11/18 - 11:18:35 | ä»»åŠ¡è¿›åº¦è½®è¯¢å®Œæˆ 
[SYS] 2025/11/18 - 11:18:50 | ä»»åŠ¡è¿›åº¦è½®è¯¢å¼€å§‹ 
[SYS] 2025/11/18 - 11:18:50 | ä»»åŠ¡è¿›åº¦è½®è¯¢å®Œæˆ 
[GIN] 2025/11/18 - 11:18:51 | 20251118111851384329380I8bY5Mjr | 200 |    2.365541ms |             ::1 |     GET /api/status
[SYS] 2025/11/18 - 11:19:05 | ä»»åŠ¡è¿›åº¦è½®è¯¢å¼€å§‹ 
[SYS] 2025/11/18 - 11:19:05 | ä»»åŠ¡è¿›åº¦è½®è¯¢å®Œæˆ 
[SYS] 2025/11/18 - 11:19:20 | syncing options from database 
[SYS] 2025/11/18 - 11:19:20 | syncing channels from database 
[SYS] 2025/11/18 - 11:19:20 | channels synced from database 
[SYS] 2025/11/18 - 11:19:20 | ä»»åŠ¡è¿›åº¦è½®è¯¢å¼€å§‹ 
[SYS] 2025/11/18 - 11:19:20 | ä»»åŠ¡è¿›åº¦è½®è¯¢å®Œæˆ 
[GIN] 2025/11/18 - 11:19:21 | 202511181119214484321729M1bJtCI | 200 |    1.289041ms |             ::1 |     GET /api/status
[SYS] 2025/11/18 - 11:19:35 | ä»»åŠ¡è¿›åº¦è½®è¯¢å¼€å§‹ 
[SYS] 2025/11/18 - 11:19:35 | ä»»åŠ¡è¿›åº¦è½®è¯¢å®Œæˆ 
[SYS] 2025/11/18 - 11:19:50 | ä»»åŠ¡è¿›åº¦è½®è¯¢å¼€å§‹ 
[SYS] 2025/11/18 - 11:19:50 | ä»»åŠ¡è¿›åº¦è½®è¯¢å®Œæˆ 
[GIN] 2025/11/18 - 11:19:51 | 20251118111951508407338nxHmH2rw | 200 |     537.958Âµs |             ::1 |     GET /api/status
[SYS] 2025/11/18 - 11:20:05 | ä»»åŠ¡è¿›åº¦è½®è¯¢å¼€å§‹ 
[SYS] 2025/11/18 - 11:20:05 | ä»»åŠ¡è¿›åº¦è½®è¯¢å®Œæˆ 
[SYS] 2025/11/18 - 11:20:20 | syncing options from database 
[SYS] 2025/11/18 - 11:20:20 | syncing channels from database 
[SYS] 2025/11/18 - 11:20:20 | channels synced from database 
[SYS] 2025/11/18 - 11:20:20 | ä»»åŠ¡è¿›åº¦è½®è¯¢å¼€å§‹ 
[SYS] 2025/11/18 - 11:20:20 | ä»»åŠ¡è¿›åº¦è½®è¯¢å®Œæˆ 
[GIN] 2025/11/18 - 11:20:21 | 202511181120215761118397mQKbZxn | 200 |    1.751083ms |             ::1 |     GET /api/status
[SYS] 2025/11/18 - 11:20:35 | ä»»åŠ¡è¿›åº¦è½®è¯¢å¼€å§‹ 
[SYS] 2025/11/18 - 11:20:35 | ä»»åŠ¡è¿›åº¦è½®è¯¢å®Œæˆ 
[SYS] 2025/11/18 - 11:20:50 | ä»»åŠ¡è¿›åº¦è½®è¯¢å¼€å§‹ 
[SYS] 2025/11/18 - 11:20:50 | ä»»åŠ¡è¿›åº¦è½®è¯¢å®Œæˆ 
[GIN] 2025/11/18 - 11:20:51 | 20251118112051685780005f3Qpgm9D | 200 |    2.666792ms |             ::1 |     GET /api/status
[SYS] 2025/11/18 - 11:21:05 | ä»»åŠ¡è¿›åº¦è½®è¯¢å¼€å§‹ 
[SYS] 2025/11/18 - 11:21:05 | ä»»åŠ¡è¿›åº¦è½®è¯¢å®Œæˆ 
[SYS] 2025/11/18 - 11:21:20 | syncing options from database 
[SYS] 2025/11/18 - 11:21:20 | syncing channels from database 
[SYS] 2025/11/18 - 11:21:20 | channels synced from database 
[SYS] 2025/11/18 - 11:21:20 | ä»»åŠ¡è¿›åº¦è½®è¯¢å¼€å§‹ 
[SYS] 2025/11/18 - 11:21:20 | ä»»åŠ¡è¿›åº¦è½®è¯¢å®Œæˆ 
[GIN] 2025/11/18 - 11:21:21 | 20251118112121774247089uf4vzCd6 | 200 |     527.292Âµs |             ::1 |     GET /api/status
[SYS] 2025/11/18 - 11:21:35 | ä»»åŠ¡è¿›åº¦è½®è¯¢å¼€å§‹ 
[SYS] 2025/11/18 - 11:21:35 | ä»»åŠ¡è¿›åº¦è½®è¯¢å®Œæˆ 
[SYS] 2025/11/18 - 11:21:50 | ä»»åŠ¡è¿›åº¦è½®è¯¢å¼€å§‹ 
[SYS] 2025/11/18 - 11:21:50 | ä»»åŠ¡è¿›åº¦è½®è¯¢å®Œæˆ 
[GIN] 2025/11/18 - 11:21:51 | 20251118112151837571464bUDwgR0p | 200 |    2.307916ms |             ::1 |     GET /api/status
[SYS] 2025/11/18 - 11:22:05 | ä»»åŠ¡è¿›åº¦è½®è¯¢å¼€å§‹ 
[SYS] 2025/11/18 - 11:22:05 | ä»»åŠ¡è¿›åº¦è½®è¯¢å®Œæˆ 
[SYS] 2025/11/18 - 11:22:20 | æ­£åœ¨æ›´æ–°æ•°æ®çœ‹æ¿æ•°æ®... 
[SYS] 2025/11/18 - 11:22:20 | ä¿å­˜æ•°æ®çœ‹æ¿æ•°æ®æˆåŠŸï¼Œå…±ä¿å­˜0æ¡æ•°æ® 
[SYS] 2025/11/18 - 11:22:20 | syncing options from database 
[SYS] 2025/11/18 - 11:22:20 | syncing channels from database 
[SYS] 2025/11/18 - 11:22:20 | ä»»åŠ¡è¿›åº¦è½®è¯¢å¼€å§‹ 
[SYS] 2025/11/18 - 11:22:20 | channels synced from database 
[SYS] 2025/11/18 - 11:22:20 | ä»»åŠ¡è¿›åº¦è½®è¯¢å®Œæˆ 
[GIN] 2025/11/18 - 11:22:22 | 20251118112222116826880hchiWXzr | 200 |   54.744167ms |             ::1 |     GET /api/status
[SYS] 2025/11/18 - 11:22:35 | ä»»åŠ¡è¿›åº¦è½®è¯¢å¼€å§‹ 
[SYS] 2025/11/18 - 11:22:35 | ä»»åŠ¡è¿›åº¦è½®è¯¢å®Œæˆ 
[SYS] 2025/11/18 - 11:22:50 | ä»»åŠ¡è¿›åº¦è½®è¯¢å¼€å§‹ 
[SYS] 2025/11/18 - 11:22:50 | ä»»åŠ¡è¿›åº¦è½®è¯¢å®Œæˆ 
[GIN] 2025/11/18 - 11:22:52 | 20251118112252229113922L0Z2BWH5 | 200 |    2.589583ms |             ::1 |     GET /api/status
