[SYS] 2025/11/18 - 12:45:10 | initializing token encoders 
[SYS] 2025/11/18 - 12:45:10 | token encoders initialized 
[SYS] 2025/11/18 - 12:45:10 | using MySQL as database 
[FATAL] 2025/11/18 - 12:45:10 | [dial tcp 172.20.0.2:3306: connect: connection refused] 
[SYS] 2025/11/18 - 12:45:10 | initializing token encoders 
[SYS] 2025/11/18 - 12:45:10 | token encoders initialized 
[SYS] 2025/11/18 - 12:45:10 | using MySQL as database 
[FATAL] 2025/11/18 - 12:45:10 | [dial tcp 172.20.0.2:3306: connect: connection refused] 
[SYS] 2025/11/18 - 12:45:10 | initializing token encoders 
[SYS] 2025/11/18 - 12:45:11 | token encoders initialized 
[SYS] 2025/11/18 - 12:45:11 | using MySQL as database 
[SYS] 2025/11/18 - 12:45:11 | database migration started 
[SYS] 2025/11/18 - 12:45:11 | system is already initialized at: 2025-11-13 18:51:02 +0800 CST 
[SYS] 2025/11/18 - 12:45:11 | SYNC_FREQUENCY not set, use default value 60 
[SYS] 2025/11/18 - 12:45:11 | Redis is enabled 
[SYS] 2025/11/18 - 12:45:11 | New API  started 
[SYS] 2025/11/18 - 12:45:11 | memory cache enabled 
[SYS] 2025/11/18 - 12:45:11 | sync frequency: 60 seconds 
[SYS] 2025/11/18 - 12:45:11 | channels synced from database 
[SYS] 2025/11/18 - 12:45:11 | batch update enabled with interval 5s 
[SYS] 2025/11/18 - 12:45:11 | æ­£åœ¨æ›´æ–°æ•°æ®çœ‹æ¿æ•°æ®... 
[SYS] 2025/11/18 - 12:45:11 | ä¿å­˜æ•°æ®çœ‹æ¿æ•°æ®æˆåŠŸï¼Œå…±ä¿å­˜0æ¡æ•°æ® 

  [32mNew API [0m  ready in 93 ms

  âœ  [1mNetwork:[0m http://172.20.0.3:3000/

[SYS] 2025/11/18 - 12:45:26 | ä»»åŠ¡è¿›åº¦è½®è¯¢å¼€å§‹ 
[INFO] 2025/11/18 - 12:45:26 | SYSTEM | Channel #3 pending video tasks: 1 
[SYS] 2025/11/18 - 12:45:26 | ä»»åŠ¡è¿›åº¦è½®è¯¢å®Œæˆ 
[GIN] 2025/11/18 - 12:45:41 | 2025111812454151029752PRCB7icQ | 200 |    2.890708ms |             ::1 |     GET /api/status
[SYS] 2025/11/18 - 12:45:41 | ä»»åŠ¡è¿›åº¦è½®è¯¢å¼€å§‹ 
[SYS] 2025/11/18 - 12:45:41 | ä»»åŠ¡è¿›åº¦è½®è¯¢å®Œæˆ 
[SYS] 2025/11/18 - 12:45:56 | ä»»åŠ¡è¿›åº¦è½®è¯¢å¼€å§‹ 
[SYS] 2025/11/18 - 12:45:56 | ä»»åŠ¡è¿›åº¦è½®è¯¢å®Œæˆ 
[SYS] 2025/11/18 - 12:46:11 | syncing options from database 
[SYS] 2025/11/18 - 12:46:11 | syncing channels from database 
[SYS] 2025/11/18 - 12:46:11 | channels synced from database 
[GIN] 2025/11/18 - 12:46:11 | 20251118124611112539627bSF4OByd | 200 |    1.843834ms |             ::1 |     GET /api/status
[SYS] 2025/11/18 - 12:46:11 | ä»»åŠ¡è¿›åº¦è½®è¯¢å¼€å§‹ 
[SYS] 2025/11/18 - 12:46:11 | ä»»åŠ¡è¿›åº¦è½®è¯¢å®Œæˆ 
