[SYS] 2025/11/18 - 11:22:53 | initializing token encoders 
[SYS] 2025/11/18 - 11:22:53 | token encoders initialized 
[SYS] 2025/11/18 - 11:22:53 | using MySQL as database 
[SYS] 2025/11/18 - 11:22:53 | database migration started 
[SYS] 2025/11/18 - 11:22:53 | system is already initialized at: 2025-11-13 18:51:02 +0800 CST 
[SYS] 2025/11/18 - 11:22:53 | SYNC_FREQUENCY not set, use default value 60 
[SYS] 2025/11/18 - 11:22:53 | Redis is enabled 
[SYS] 2025/11/18 - 11:22:53 | New API  started 
[SYS] 2025/11/18 - 11:22:53 | memory cache enabled 
[SYS] 2025/11/18 - 11:22:53 | sync frequency: 60 seconds 
[SYS] 2025/11/18 - 11:22:53 | channels synced from database 
[SYS] 2025/11/18 - 11:22:53 | batch update enabled with interval 5s 
[SYS] 2025/11/18 - 11:22:53 | æ­£åœ¨æ›´æ–°æ•°æ®çœ‹æ¿æ•°æ®... 
[SYS] 2025/11/18 - 11:22:53 | ä¿å­˜æ•°æ®çœ‹æ¿æ•°æ®æˆåŠŸï¼Œå…±ä¿å­˜0æ¡æ•°æ® 

  [32mNew API [0m  ready in 304 ms

  âœ  [1mNetwork:[0m http://172.20.0.4:3000/

[SYS] 2025/11/18 - 11:23:08 | ä»»åŠ¡è¿›åº¦è½®è¯¢å¼€å§‹ 
[SYS] 2025/11/18 - 11:23:08 | ä»»åŠ¡è¿›åº¦è½®è¯¢å®Œæˆ 
[GIN] 2025/11/18 - 11:23:22 | 20251118112321910143964e8PUCa28 | 500 |   789.03825ms |    192.168.65.1 |    POST /v1/videos
[GIN] 2025/11/18 - 11:23:23 | 202511181123236085639231MFoVpmc | 200 |     722.125Âµs |             ::1 |     GET /api/status
[SYS] 2025/11/18 - 11:23:23 | ä»»åŠ¡è¿›åº¦è½®è¯¢å¼€å§‹ 
[SYS] 2025/11/18 - 11:23:23 | ä»»åŠ¡è¿›åº¦è½®è¯¢å®Œæˆ 
[GIN] 2025/11/18 - 11:23:34 | 20251118112334158362594eHm3EWJV | 200 |    6.847583ms |    192.168.65.1 |     GET /login?expired=true
[GIN] 2025/11/18 - 11:23:34 | 202511181123346650958039RJUBTzI | 200 |    9.303458ms |    192.168.65.1 |     GET /api/status
[SYS] 2025/11/18 - 11:23:38 | ä»»åŠ¡è¿›åº¦è½®è¯¢å¼€å§‹ 
[SYS] 2025/11/18 - 11:23:38 | ä»»åŠ¡è¿›åº¦è½®è¯¢å®Œæˆ 
[GIN] 2025/11/18 - 11:23:40 | 20251118112340508020042fffqsj0M | 200 |   101.67175ms |    192.168.65.1 |    POST /api/user/login?turnstile=
[GIN] 2025/11/18 - 11:23:40 | 20251118112340633985708JPHVhwJL | 200 |      3.3085ms |    192.168.65.1 |     GET /api/user/self
[GIN] 2025/11/18 - 11:23:40 | 20251118112340713656500K5OT6cmx | 200 |       1.053ms |    192.168.65.1 |     GET /api/user/self
[GIN] 2025/11/18 - 11:23:40 | 20251118112340715599833yPQ7qDod | 200 |    2.151042ms |    192.168.65.1 |     GET /api/data/?username=&start_timestamp=1763349820&end_timestamp=1763439820&default_time=hour
[GIN] 2025/11/18 - 11:23:40 | 20251118112340761393792nDeOCAU4 | 200 |    2.259208ms |    192.168.65.1 |     GET /api/uptime/status
[GIN] 2025/11/18 - 11:23:42 | 20251118112342170400584MiphEVBa | 200 |    5.514833ms |    192.168.65.1 |     GET /console
[GIN] 2025/11/18 - 11:23:42 | 20251118112342341649751NwZirDmH | 200 |    3.464042ms |    192.168.65.1 |     GET /api/status
[GIN] 2025/11/18 - 11:23:42 | 20251118112342341734292hKI90pUX | 200 |       5.583ms |    192.168.65.1 |     GET /api/user/self
[GIN] 2025/11/18 - 11:23:42 | 2025111811234237981712620elx6TL | 200 |    4.795333ms |    192.168.65.1 |     GET /api/user/self
[GIN] 2025/11/18 - 11:23:42 | 20251118112342380400042QFTWfYrv | 200 |    8.697084ms |    192.168.65.1 |     GET /api/data/?username=&start_timestamp=1763349822&end_timestamp=1763439822&default_time=hour
[GIN] 2025/11/18 - 11:23:42 | 20251118112342398042084pCfRZNdD | 200 |      455.25Âµs |    192.168.65.1 |     GET /api/uptime/status
[GIN] 2025/11/18 - 11:23:46 | 20251118112346535628586WRUintYa | 200 |   17.381083ms |    192.168.65.1 |     GET /api/user/self/groups
[GIN] 2025/11/18 - 11:23:46 | 20251118112346535163294F2IR2KR2 | 200 |   25.254666ms |    192.168.65.1 |     GET /api/user/models
[GIN] 2025/11/18 - 11:23:46 | 20251118112346538267044wIDyt6ZZ | 200 |   29.916208ms |    192.168.65.1 |     GET /api/token/?p=1&size=10
[GIN] 2025/11/18 - 11:23:46 | 20251118112346922170545k0QOswDp | 200 |    4.091583ms |    192.168.65.1 |     GET /api/log/?p=1&page_size=10&type=0&username=&token_name=&model_name=&start_timestamp=1763395200&end_timestamp=1763439826&channel=&group=
[GIN] 2025/11/18 - 11:23:46 | 20251118112346950229503Q3KDITrs | 200 |    4.271583ms |    192.168.65.1 |     GET /api/log/stat?type=0&username=&token_name=&model_name=&start_timestamp=1763395200&end_timestamp=1763439826&channel=&group=
[GIN] 2025/11/18 - 11:23:50 | 20251118112350201550963bXgLT0OO | 500 |   75.546959ms |    192.168.65.1 |    POST /v1/videos
[GIN] 2025/11/18 - 11:23:53 | 20251118112353676005714YtP8boUt | 200 |     870.958Âµs |             ::1 |     GET /api/status
[SYS] 2025/11/18 - 11:23:53 | syncing options from database 
[SYS] 2025/11/18 - 11:23:53 | syncing channels from database 
[SYS] 2025/11/18 - 11:23:53 | channels synced from database 
[SYS] 2025/11/18 - 11:23:53 | ä»»åŠ¡è¿›åº¦è½®è¯¢å¼€å§‹ 
[SYS] 2025/11/18 - 11:23:53 | ä»»åŠ¡è¿›åº¦è½®è¯¢å®Œæˆ 
[SYS] 2025/11/18 - 11:24:08 | ä»»åŠ¡è¿›åº¦è½®è¯¢å¼€å§‹ 
[SYS] 2025/11/18 - 11:24:08 | ä»»åŠ¡è¿›åº¦è½®è¯¢å®Œæˆ 
[GIN] 2025/11/18 - 11:24:23 | 20251118112423728402048p8fgUCZn | 200 |    4.184917ms |             ::1 |     GET /api/status
[SYS] 2025/11/18 - 11:24:23 | ä»»åŠ¡è¿›åº¦è½®è¯¢å¼€å§‹ 
[SYS] 2025/11/18 - 11:24:23 | ä»»åŠ¡è¿›åº¦è½®è¯¢å®Œæˆ 
[SYS] 2025/11/18 - 11:24:38 | ä»»åŠ¡è¿›åº¦è½®è¯¢å¼€å§‹ 
[SYS] 2025/11/18 - 11:24:38 | ä»»åŠ¡è¿›åº¦è½®è¯¢å®Œæˆ 
[GIN] 2025/11/18 - 11:24:53 | 20251118112453810386756yq2vItVl | 200 |     2.71775ms |             ::1 |     GET /api/status
[SYS] 2025/11/18 - 11:24:53 | syncing options from database 
[SYS] 2025/11/18 - 11:24:53 | syncing channels from database 
[SYS] 2025/11/18 - 11:24:53 | channels synced from database 
[SYS] 2025/11/18 - 11:24:53 | ä»»åŠ¡è¿›åº¦è½®è¯¢å¼€å§‹ 
[SYS] 2025/11/18 - 11:24:53 | ä»»åŠ¡è¿›åº¦è½®è¯¢å®Œæˆ 
[SYS] 2025/11/18 - 11:25:08 | ä»»åŠ¡è¿›åº¦è½®è¯¢å¼€å§‹ 
[SYS] 2025/11/18 - 11:25:08 | ä»»åŠ¡è¿›åº¦è½®è¯¢å®Œæˆ 
[GIN] 2025/11/18 - 11:25:23 | 20251118112523875745715RZj8sIfj | 200 |    1.926333ms |             ::1 |     GET /api/status
[SYS] 2025/11/18 - 11:25:23 | ä»»åŠ¡è¿›åº¦è½®è¯¢å¼€å§‹ 
[SYS] 2025/11/18 - 11:25:23 | ä»»åŠ¡è¿›åº¦è½®è¯¢å®Œæˆ 
[SYS] 2025/11/18 - 11:25:38 | ä»»åŠ¡è¿›åº¦è½®è¯¢å¼€å§‹ 
[SYS] 2025/11/18 - 11:25:38 | ä»»åŠ¡è¿›åº¦è½®è¯¢å®Œæˆ 
[SYS] 2025/11/18 - 11:25:53 | syncing options from database 
[SYS] 2025/11/18 - 11:25:53 | syncing channels from database 
[SYS] 2025/11/18 - 11:25:53 | channels synced from database 
[GIN] 2025/11/18 - 11:25:53 | 202511181125539405855486ojHlVk2 | 200 |     777.334Âµs |             ::1 |     GET /api/status
[SYS] 2025/11/18 - 11:25:53 | ä»»åŠ¡è¿›åº¦è½®è¯¢å¼€å§‹ 
[SYS] 2025/11/18 - 11:25:53 | ä»»åŠ¡è¿›åº¦è½®è¯¢å®Œæˆ 
[SYS] 2025/11/18 - 11:26:08 | ä»»åŠ¡è¿›åº¦è½®è¯¢å¼€å§‹ 
[SYS] 2025/11/18 - 11:26:09 | ä»»åŠ¡è¿›åº¦è½®è¯¢å®Œæˆ 
[SYS] 2025/11/18 - 11:26:24 | ä»»åŠ¡è¿›åº¦è½®è¯¢å¼€å§‹ 
[SYS] 2025/11/18 - 11:26:24 | ä»»åŠ¡è¿›åº¦è½®è¯¢å®Œæˆ 
[GIN] 2025/11/18 - 11:26:24 | 2025111811262411207381iPSYvjKe | 200 |    1.266083ms |             ::1 |     GET /api/status
[SYS] 2025/11/18 - 11:26:39 | ä»»åŠ¡è¿›åº¦è½®è¯¢å¼€å§‹ 
[SYS] 2025/11/18 - 11:26:39 | ä»»åŠ¡è¿›åº¦è½®è¯¢å®Œæˆ 
[SYS] 2025/11/18 - 11:26:53 | syncing options from database 
[SYS] 2025/11/18 - 11:26:53 | syncing channels from database 
[SYS] 2025/11/18 - 11:26:53 | channels synced from database 
[SYS] 2025/11/18 - 11:26:54 | ä»»åŠ¡è¿›åº¦è½®è¯¢å¼€å§‹ 
[SYS] 2025/11/18 - 11:26:54 | ä»»åŠ¡è¿›åº¦è½®è¯¢å®Œæˆ 
[GIN] 2025/11/18 - 11:26:54 | 2025111811265482173006UbQPa0UV | 200 |    1.185833ms |             ::1 |     GET /api/status
[SYS] 2025/11/18 - 11:27:09 | ä»»åŠ¡è¿›åº¦è½®è¯¢å¼€å§‹ 
[SYS] 2025/11/18 - 11:27:09 | ä»»åŠ¡è¿›åº¦è½®è¯¢å®Œæˆ 
[SYS] 2025/11/18 - 11:27:24 | ä»»åŠ¡è¿›åº¦è½®è¯¢å¼€å§‹ 
[SYS] 2025/11/18 - 11:27:24 | ä»»åŠ¡è¿›åº¦è½®è¯¢å®Œæˆ 
[GIN] 2025/11/18 - 11:27:24 | 20251118112724147719048Dap4e81r | 200 |     809.125Âµs |             ::1 |     GET /api/status
[SYS] 2025/11/18 - 11:27:39 | ä»»åŠ¡è¿›åº¦è½®è¯¢å¼€å§‹ 
[SYS] 2025/11/18 - 11:27:39 | ä»»åŠ¡è¿›åº¦è½®è¯¢å®Œæˆ 
[SYS] 2025/11/18 - 11:27:53 | æ­£åœ¨æ›´æ–°æ•°æ®çœ‹æ¿æ•°æ®... 
[SYS] 2025/11/18 - 11:27:53 | ä¿å­˜æ•°æ®çœ‹æ¿æ•°æ®æˆåŠŸï¼Œå…±ä¿å­˜0æ¡æ•°æ® 
[SYS] 2025/11/18 - 11:27:53 | syncing options from database 
[SYS] 2025/11/18 - 11:27:53 | syncing channels from database 
[SYS] 2025/11/18 - 11:27:53 | channels synced from database 
[SYS] 2025/11/18 - 11:27:54 | ä»»åŠ¡è¿›åº¦è½®è¯¢å¼€å§‹ 
[SYS] 2025/11/18 - 11:27:54 | ä»»åŠ¡è¿›åº¦è½®è¯¢å®Œæˆ 
[GIN] 2025/11/18 - 11:27:54 | 20251118112754206684881GLjfhWdy | 200 |     672.542Âµs |             ::1 |     GET /api/status
[SYS] 2025/11/18 - 11:28:09 | ä»»åŠ¡è¿›åº¦è½®è¯¢å¼€å§‹ 
[SYS] 2025/11/18 - 11:28:09 | ä»»åŠ¡è¿›åº¦è½®è¯¢å®Œæˆ 
[SYS] 2025/11/18 - 11:28:24 | ä»»åŠ¡è¿›åº¦è½®è¯¢å¼€å§‹ 
[SYS] 2025/11/18 - 11:28:24 | ä»»åŠ¡è¿›åº¦è½®è¯¢å®Œæˆ 
[GIN] 2025/11/18 - 11:28:24 | 20251118112824260745340j7dqiYF9 | 200 |     2.34075ms |             ::1 |     GET /api/status
[SYS] 2025/11/18 - 11:28:39 | ä»»åŠ¡è¿›åº¦è½®è¯¢å¼€å§‹ 
[SYS] 2025/11/18 - 11:28:39 | ä»»åŠ¡è¿›åº¦è½®è¯¢å®Œæˆ 
[SYS] 2025/11/18 - 11:28:53 | syncing channels from database 
[SYS] 2025/11/18 - 11:28:53 | syncing options from database 
[SYS] 2025/11/18 - 11:28:53 | channels synced from database 
[SYS] 2025/11/18 - 11:28:54 | ä»»åŠ¡è¿›åº¦è½®è¯¢å¼€å§‹ 
[SYS] 2025/11/18 - 11:28:54 | ä»»åŠ¡è¿›åº¦è½®è¯¢å®Œæˆ 
[GIN] 2025/11/18 - 11:28:54 | 20251118112854370537756X15DZFnS | 200 |    2.020292ms |             ::1 |     GET /api/status
[SYS] 2025/11/18 - 11:29:09 | ä»»åŠ¡è¿›åº¦è½®è¯¢å¼€å§‹ 
[SYS] 2025/11/18 - 11:29:09 | ä»»åŠ¡è¿›åº¦è½®è¯¢å®Œæˆ 
[SYS] 2025/11/18 - 11:29:24 | ä»»åŠ¡è¿›åº¦è½®è¯¢å¼€å§‹ 
[SYS] 2025/11/18 - 11:29:24 | ä»»åŠ¡è¿›åº¦è½®è¯¢å®Œæˆ 
[GIN] 2025/11/18 - 11:29:24 | 20251118112924432279006GFLceoU8 | 200 |    1.408667ms |             ::1 |     GET /api/status
[SYS] 2025/11/18 - 11:29:39 | ä»»åŠ¡è¿›åº¦è½®è¯¢å¼€å§‹ 
[SYS] 2025/11/18 - 11:29:39 | ä»»åŠ¡è¿›åº¦è½®è¯¢å®Œæˆ 
[SYS] 2025/11/18 - 11:29:53 | syncing channels from database 
[SYS] 2025/11/18 - 11:29:53 | syncing options from database 
[SYS] 2025/11/18 - 11:29:53 | channels synced from database 
[SYS] 2025/11/18 - 11:29:54 | ä»»åŠ¡è¿›åº¦è½®è¯¢å¼€å§‹ 
[SYS] 2025/11/18 - 11:29:54 | ä»»åŠ¡è¿›åº¦è½®è¯¢å®Œæˆ 
[GIN] 2025/11/18 - 11:29:54 | 20251118112954502516923D4dd4v0M | 200 |     2.47225ms |             ::1 |     GET /api/status
[SYS] 2025/11/18 - 11:30:09 | ä»»åŠ¡è¿›åº¦è½®è¯¢å¼€å§‹ 
[SYS] 2025/11/18 - 11:30:09 | ä»»åŠ¡è¿›åº¦è½®è¯¢å®Œæˆ 
[SYS] 2025/11/18 - 11:30:24 | ä»»åŠ¡è¿›åº¦è½®è¯¢å¼€å§‹ 
[SYS] 2025/11/18 - 11:30:24 | ä»»åŠ¡è¿›åº¦è½®è¯¢å®Œæˆ 
[GIN] 2025/11/18 - 11:30:24 | 20251118113024619317715MppSUagv | 200 |   11.105875ms |             ::1 |     GET /api/status
[SYS] 2025/11/18 - 11:30:39 | ä»»åŠ¡è¿›åº¦è½®è¯¢å¼€å§‹ 
[SYS] 2025/11/18 - 11:30:39 | ä»»åŠ¡è¿›åº¦è½®è¯¢å®Œæˆ 
[SYS] 2025/11/18 - 11:30:53 | syncing options from database 
[SYS] 2025/11/18 - 11:30:53 | syncing channels from database 
[SYS] 2025/11/18 - 11:30:53 | channels synced from database 
[SYS] 2025/11/18 - 11:30:54 | ä»»åŠ¡è¿›åº¦è½®è¯¢å¼€å§‹ 
[SYS] 2025/11/18 - 11:30:54 | ä»»åŠ¡è¿›åº¦è½®è¯¢å®Œæˆ 
[GIN] 2025/11/18 - 11:30:54 | 20251118113054711926257obJD19du | 200 |    3.121875ms |             ::1 |     GET /api/status
[SYS] 2025/11/18 - 11:31:09 | ä»»åŠ¡è¿›åº¦è½®è¯¢å¼€å§‹ 
[SYS] 2025/11/18 - 11:31:09 | ä»»åŠ¡è¿›åº¦è½®è¯¢å®Œæˆ 
[SYS] 2025/11/18 - 11:31:24 | ä»»åŠ¡è¿›åº¦è½®è¯¢å¼€å§‹ 
[SYS] 2025/11/18 - 11:31:24 | ä»»åŠ¡è¿›åº¦è½®è¯¢å®Œæˆ 
[GIN] 2025/11/18 - 11:31:24 | 202511181131247753120072ja7q14M | 200 |    5.143334ms |             ::1 |     GET /api/status
[SYS] 2025/11/18 - 11:31:39 | ä»»åŠ¡è¿›åº¦è½®è¯¢å¼€å§‹ 
[SYS] 2025/11/18 - 11:31:39 | ä»»åŠ¡è¿›åº¦è½®è¯¢å®Œæˆ 
[SYS] 2025/11/18 - 11:31:53 | syncing channels from database 
[SYS] 2025/11/18 - 11:31:53 | syncing options from database 
[SYS] 2025/11/18 - 11:31:53 | channels synced from database 
[SYS] 2025/11/18 - 11:31:54 | ä»»åŠ¡è¿›åº¦è½®è¯¢å¼€å§‹ 
[SYS] 2025/11/18 - 11:31:54 | ä»»åŠ¡è¿›åº¦è½®è¯¢å®Œæˆ 
[GIN] 2025/11/18 - 11:31:54 | 20251118113154940991507nWLQd6d6 | 200 |    2.765666ms |             ::1 |     GET /api/status
[SYS] 2025/11/18 - 11:32:09 | ä»»åŠ¡è¿›åº¦è½®è¯¢å¼€å§‹ 
[SYS] 2025/11/18 - 11:32:09 | ä»»åŠ¡è¿›åº¦è½®è¯¢å®Œæˆ 
