[SYS] 2025/11/18 - 11:32:10 | initializing token encoders 
[SYS] 2025/11/18 - 11:32:10 | token encoders initialized 
[SYS] 2025/11/18 - 11:32:10 | using MySQL as database 
[SYS] 2025/11/18 - 11:32:10 | database migration started 
[SYS] 2025/11/18 - 11:32:10 | system is already initialized at: 2025-11-13 18:51:02 +0800 CST 
[SYS] 2025/11/18 - 11:32:10 | SYNC_FREQUENCY not set, use default value 60 
[SYS] 2025/11/18 - 11:32:10 | Redis is enabled 
[SYS] 2025/11/18 - 11:32:10 | New API  started 
[SYS] 2025/11/18 - 11:32:10 | memory cache enabled 
[SYS] 2025/11/18 - 11:32:10 | sync frequency: 60 seconds 
[SYS] 2025/11/18 - 11:32:10 | channels synced from database 
[SYS] 2025/11/18 - 11:32:10 | batch update enabled with interval 5s 
[SYS] 2025/11/18 - 11:32:10 | æ­£åœ¨æ›´æ–°æ•°æ®çœ‹æ¿æ•°æ®... 
[SYS] 2025/11/18 - 11:32:10 | ä¿å­˜æ•°æ®çœ‹æ¿æ•°æ®æˆåŠŸï¼Œå…±ä¿å­˜0æ¡æ•°æ® 

  [32mNew API [0m  ready in 107 ms

  âœ  [1mNetwork:[0m http://172.20.0.4:3000/

[GIN] 2025/11/18 - 11:32:17 | 20251118113217913169128eZJQgGD4 | 400 |   48.192167ms |    192.168.65.1 |    POST /v1/videos
[SYS] 2025/11/18 - 11:32:25 | ä»»åŠ¡è¿›åº¦è½®è¯¢å¼€å§‹ 
[SYS] 2025/11/18 - 11:32:25 | ä»»åŠ¡è¿›åº¦è½®è¯¢å®Œæˆ 
[GIN] 2025/11/18 - 11:32:40 | 20251118113240925816375J0rZqaiA | 200 |    3.438625ms |             ::1 |     GET /api/status
[SYS] 2025/11/18 - 11:32:40 | ä»»åŠ¡è¿›åº¦è½®è¯¢å¼€å§‹ 
[SYS] 2025/11/18 - 11:32:40 | ä»»åŠ¡è¿›åº¦è½®è¯¢å®Œæˆ 
[SYS] 2025/11/18 - 11:32:55 | ä»»åŠ¡è¿›åº¦è½®è¯¢å¼€å§‹ 
[SYS] 2025/11/18 - 11:32:55 | ä»»åŠ¡è¿›åº¦è½®è¯¢å®Œæˆ 
[SYS] 2025/11/18 - 11:33:10 | syncing options from database 
[SYS] 2025/11/18 - 11:33:10 | syncing channels from database 
[SYS] 2025/11/18 - 11:33:11 | ä»»åŠ¡è¿›åº¦è½®è¯¢å¼€å§‹ 
[SYS] 2025/11/18 - 11:33:11 | ä»»åŠ¡è¿›åº¦è½®è¯¢å®Œæˆ 
[SYS] 2025/11/18 - 11:33:11 | channels synced from database 
[GIN] 2025/11/18 - 11:33:11 | 20251118113311151135542JZln1K1r | 200 |    2.775125ms |             ::1 |     GET /api/status
[SYS] 2025/11/18 - 11:33:26 | ä»»åŠ¡è¿›åº¦è½®è¯¢å¼€å§‹ 
[SYS] 2025/11/18 - 11:33:26 | ä»»åŠ¡è¿›åº¦è½®è¯¢å®Œæˆ 
[SYS] 2025/11/18 - 11:33:41 | ä»»åŠ¡è¿›åº¦è½®è¯¢å¼€å§‹ 
[SYS] 2025/11/18 - 11:33:41 | ä»»åŠ¡è¿›åº¦è½®è¯¢å®Œæˆ 
[GIN] 2025/11/18 - 11:33:41 | 20251118113341250956083DxkHN0OJ | 200 |    5.921208ms |             ::1 |     GET /api/status
[SYS] 2025/11/18 - 11:33:56 | ä»»åŠ¡è¿›åº¦è½®è¯¢å¼€å§‹ 
[SYS] 2025/11/18 - 11:33:56 | ä»»åŠ¡è¿›åº¦è½®è¯¢å®Œæˆ 
[SYS] 2025/11/18 - 11:38:34 | syncing options from database 
[SYS] 2025/11/18 - 11:38:34 | syncing channels from database 
[SYS] 2025/11/18 - 11:38:34 | channels synced from database 
[SYS] 2025/11/18 - 11:38:34 | ä»»åŠ¡è¿›åº¦è½®è¯¢å¼€å§‹ 
[SYS] 2025/11/18 - 11:38:34 | ä»»åŠ¡è¿›åº¦è½®è¯¢å®Œæˆ 
[GIN] 2025/11/18 - 11:38:34 | 20251118113834439140375lBtGI5I9 | 200 |    1.807167ms |             ::1 |     GET /api/status
[SYS] 2025/11/18 - 11:38:49 | ä»»åŠ¡è¿›åº¦è½®è¯¢å¼€å§‹ 
[SYS] 2025/11/18 - 11:38:49 | ä»»åŠ¡è¿›åº¦è½®è¯¢å®Œæˆ 
[SYS] 2025/11/18 - 11:43:17 | ä»»åŠ¡è¿›åº¦è½®è¯¢å¼€å§‹ 
[SYS] 2025/11/18 - 11:43:17 | ä»»åŠ¡è¿›åº¦è½®è¯¢å®Œæˆ 
[GIN] 2025/11/18 - 11:43:17 | 20251118114317448770333nodALQOk | 200 |       2.552ms |             ::1 |     GET /api/status
[SYS] 2025/11/18 - 11:43:32 | ä»»åŠ¡è¿›åº¦è½®è¯¢å¼€å§‹ 
[SYS] 2025/11/18 - 11:43:32 | ä»»åŠ¡è¿›åº¦è½®è¯¢å®Œæˆ 
[SYS] 2025/11/18 - 11:43:47 | syncing options from database 
[SYS] 2025/11/18 - 11:43:47 | syncing channels from database 
[SYS] 2025/11/18 - 11:43:47 | channels synced from database 
[SYS] 2025/11/18 - 11:43:47 | ä»»åŠ¡è¿›åº¦è½®è¯¢å¼€å§‹ 
[SYS] 2025/11/18 - 11:43:47 | ä»»åŠ¡è¿›åº¦è½®è¯¢å®Œæˆ 
[GIN] 2025/11/18 - 11:43:47 | 20251118114347518446334zs3jdnH4 | 200 |    1.178166ms |             ::1 |     GET /api/status
[SYS] 2025/11/18 - 11:44:02 | ä»»åŠ¡è¿›åº¦è½®è¯¢å¼€å§‹ 
[SYS] 2025/11/18 - 11:44:02 | ä»»åŠ¡è¿›åº¦è½®è¯¢å®Œæˆ 
[SYS] 2025/11/18 - 11:48:30 | ä»»åŠ¡è¿›åº¦è½®è¯¢å¼€å§‹ 
[SYS] 2025/11/18 - 11:48:30 | ä»»åŠ¡è¿›åº¦è½®è¯¢å®Œæˆ 
[GIN] 2025/11/18 - 11:48:30 | 202511181148305538175425goXVZKS | 200 |    3.167334ms |             ::1 |     GET /api/status
[SYS] 2025/11/18 - 11:48:45 | ä»»åŠ¡è¿›åº¦è½®è¯¢å¼€å§‹ 
[SYS] 2025/11/18 - 11:48:45 | ä»»åŠ¡è¿›åº¦è½®è¯¢å®Œæˆ 
[SYS] 2025/11/18 - 11:53:12 | syncing options from database 
[SYS] 2025/11/18 - 11:53:12 | syncing channels from database 
[SYS] 2025/11/18 - 11:53:12 | channels synced from database 
[SYS] 2025/11/18 - 11:53:13 | ä»»åŠ¡è¿›åº¦è½®è¯¢å¼€å§‹ 
[SYS] 2025/11/18 - 11:53:13 | ä»»åŠ¡è¿›åº¦è½®è¯¢å®Œæˆ 
[GIN] 2025/11/18 - 11:53:13 | 20251118115313666708959JgJ1gN8M | 200 |    2.586083ms |             ::1 |     GET /api/status
[SYS] 2025/11/18 - 11:53:28 | ä»»åŠ¡è¿›åº¦è½®è¯¢å¼€å§‹ 
[SYS] 2025/11/18 - 11:53:28 | ä»»åŠ¡è¿›åº¦è½®è¯¢å®Œæˆ 
[SYS] 2025/11/18 - 11:53:43 | ä»»åŠ¡è¿›åº¦è½®è¯¢å¼€å§‹ 
[SYS] 2025/11/18 - 11:53:43 | ä»»åŠ¡è¿›åº¦è½®è¯¢å®Œæˆ 
[GIN] 2025/11/18 - 11:53:43 | 202511181153437568127502orr7tBY | 200 |    3.540041ms |             ::1 |     GET /api/status
[SYS] 2025/11/18 - 11:53:58 | ä»»åŠ¡è¿›åº¦è½®è¯¢å¼€å§‹ 
[SYS] 2025/11/18 - 11:53:58 | ä»»åŠ¡è¿›åº¦è½®è¯¢å®Œæˆ 
[SYS] 2025/11/18 - 11:54:12 | æ­£åœ¨æ›´æ–°æ•°æ®çœ‹æ¿æ•°æ®... 
[SYS] 2025/11/18 - 11:54:12 | ä¿å­˜æ•°æ®çœ‹æ¿æ•°æ®æˆåŠŸï¼Œå…±ä¿å­˜0æ¡æ•°æ® 
[SYS] 2025/11/18 - 11:54:12 | syncing options from database 
[SYS] 2025/11/18 - 11:54:12 | syncing channels from database 
[SYS] 2025/11/18 - 11:54:12 | channels synced from database 
[SYS] 2025/11/18 - 11:54:13 | ä»»åŠ¡è¿›åº¦è½®è¯¢å¼€å§‹ 
[SYS] 2025/11/18 - 11:54:13 | ä»»åŠ¡è¿›åº¦è½®è¯¢å®Œæˆ 
[GIN] 2025/11/18 - 11:54:13 | 20251118115413857585125sS9LCvx5 | 200 |     931.792Âµs |             ::1 |     GET /api/status
[SYS] 2025/11/18 - 11:54:28 | ä»»åŠ¡è¿›åº¦è½®è¯¢å¼€å§‹ 
[SYS] 2025/11/18 - 11:54:28 | ä»»åŠ¡è¿›åº¦è½®è¯¢å®Œæˆ 
[SYS] 2025/11/18 - 11:54:43 | ä»»åŠ¡è¿›åº¦è½®è¯¢å¼€å§‹ 
[SYS] 2025/11/18 - 11:54:43 | ä»»åŠ¡è¿›åº¦è½®è¯¢å®Œæˆ 
[GIN] 2025/11/18 - 11:54:43 | 20251118115443947107292TrybCY8s | 200 |     3.25175ms |             ::1 |     GET /api/status
[SYS] 2025/11/18 - 11:54:58 | ä»»åŠ¡è¿›åº¦è½®è¯¢å¼€å§‹ 
[SYS] 2025/11/18 - 11:54:58 | ä»»åŠ¡è¿›åº¦è½®è¯¢å®Œæˆ 
[SYS] 2025/11/18 - 11:55:12 | syncing options from database 
[SYS] 2025/11/18 - 11:55:12 | syncing channels from database 
[SYS] 2025/11/18 - 11:55:12 | channels synced from database 
[SYS] 2025/11/18 - 11:55:13 | ä»»åŠ¡è¿›åº¦è½®è¯¢å¼€å§‹ 
[SYS] 2025/11/18 - 11:55:13 | ä»»åŠ¡è¿›åº¦è½®è¯¢å®Œæˆ 
[GIN] 2025/11/18 - 11:55:14 | 2025111811551415791042AIPy0OVA | 200 |     936.334Âµs |             ::1 |     GET /api/status
[SYS] 2025/11/18 - 11:55:28 | ä»»åŠ¡è¿›åº¦è½®è¯¢å¼€å§‹ 
[SYS] 2025/11/18 - 11:55:28 | ä»»åŠ¡è¿›åº¦è½®è¯¢å®Œæˆ 
[SYS] 2025/11/18 - 11:55:43 | ä»»åŠ¡è¿›åº¦è½®è¯¢å¼€å§‹ 
[SYS] 2025/11/18 - 11:55:43 | ä»»åŠ¡è¿›åº¦è½®è¯¢å®Œæˆ 
[GIN] 2025/11/18 - 11:55:44 | 20251118115544115377626CZiQYv1D | 200 |     2.27675ms |             ::1 |     GET /api/status
[SYS] 2025/11/18 - 11:55:58 | ä»»åŠ¡è¿›åº¦è½®è¯¢å¼€å§‹ 
[SYS] 2025/11/18 - 11:55:58 | ä»»åŠ¡è¿›åº¦è½®è¯¢å®Œæˆ 
[SYS] 2025/11/18 - 11:56:12 | syncing options from database 
[SYS] 2025/11/18 - 11:56:12 | syncing channels from database 
[SYS] 2025/11/18 - 11:56:12 | channels synced from database 
[SYS] 2025/11/18 - 11:56:13 | ä»»åŠ¡è¿›åº¦è½®è¯¢å¼€å§‹ 
[SYS] 2025/11/18 - 11:56:13 | ä»»åŠ¡è¿›åº¦è½®è¯¢å®Œæˆ 
[GIN] 2025/11/18 - 11:56:14 | 20251118115614191019792sqtsJ4AL | 200 |     837.375Âµs |             ::1 |     GET /api/status
[SYS] 2025/11/18 - 11:56:28 | ä»»åŠ¡è¿›åº¦è½®è¯¢å¼€å§‹ 
[SYS] 2025/11/18 - 11:56:28 | ä»»åŠ¡è¿›åº¦è½®è¯¢å®Œæˆ 
[SYS] 2025/11/18 - 11:56:43 | ä»»åŠ¡è¿›åº¦è½®è¯¢å¼€å§‹ 
[SYS] 2025/11/18 - 11:56:43 | ä»»åŠ¡è¿›åº¦è½®è¯¢å®Œæˆ 
[GIN] 2025/11/18 - 11:56:44 | 20251118115644264168584zvyzTZZy | 200 |    2.722292ms |             ::1 |     GET /api/status
[SYS] 2025/11/18 - 11:56:58 | ä»»åŠ¡è¿›åº¦è½®è¯¢å¼€å§‹ 
[SYS] 2025/11/18 - 11:56:58 | ä»»åŠ¡è¿›åº¦è½®è¯¢å®Œæˆ 
[SYS] 2025/11/18 - 11:57:12 | syncing options from database 
[SYS] 2025/11/18 - 11:57:12 | syncing channels from database 
[SYS] 2025/11/18 - 11:57:12 | channels synced from database 
[SYS] 2025/11/18 - 11:57:13 | ä»»åŠ¡è¿›åº¦è½®è¯¢å¼€å§‹ 
[SYS] 2025/11/18 - 11:57:13 | ä»»åŠ¡è¿›åº¦è½®è¯¢å®Œæˆ 
[GIN] 2025/11/18 - 11:57:14 | 20251118115714363192667rBAF8xMD | 200 |    2.385667ms |             ::1 |     GET /api/status
[SYS] 2025/11/18 - 11:57:28 | ä»»åŠ¡è¿›åº¦è½®è¯¢å¼€å§‹ 
[SYS] 2025/11/18 - 11:57:28 | ä»»åŠ¡è¿›åº¦è½®è¯¢å®Œæˆ 
[SYS] 2025/11/18 - 11:57:43 | ä»»åŠ¡è¿›åº¦è½®è¯¢å¼€å§‹ 
[SYS] 2025/11/18 - 11:57:43 | ä»»åŠ¡è¿›åº¦è½®è¯¢å®Œæˆ 
[GIN] 2025/11/18 - 11:57:44 | 20251118115744470436334bBWsnHzD | 200 |    1.362417ms |             ::1 |     GET /api/status
[SYS] 2025/11/18 - 11:57:58 | ä»»åŠ¡è¿›åº¦è½®è¯¢å¼€å§‹ 
[SYS] 2025/11/18 - 11:57:58 | ä»»åŠ¡è¿›åº¦è½®è¯¢å®Œæˆ 
[SYS] 2025/11/18 - 11:58:12 | syncing options from database 
[SYS] 2025/11/18 - 11:58:12 | syncing channels from database 
[SYS] 2025/11/18 - 11:58:13 | channels synced from database 
[SYS] 2025/11/18 - 11:58:13 | ä»»åŠ¡è¿›åº¦è½®è¯¢å¼€å§‹ 
[SYS] 2025/11/18 - 11:58:13 | ä»»åŠ¡è¿›åº¦è½®è¯¢å®Œæˆ 
[GIN] 2025/11/18 - 11:58:14 | 20251118115814558346459ffZIr1IK | 200 |     852.542Âµs |             ::1 |     GET /api/status
[SYS] 2025/11/18 - 11:58:28 | ä»»åŠ¡è¿›åº¦è½®è¯¢å¼€å§‹ 
[SYS] 2025/11/18 - 11:58:28 | ä»»åŠ¡è¿›åº¦è½®è¯¢å®Œæˆ 
[SYS] 2025/11/18 - 11:58:43 | ä»»åŠ¡è¿›åº¦è½®è¯¢å¼€å§‹ 
[SYS] 2025/11/18 - 11:58:43 | ä»»åŠ¡è¿›åº¦è½®è¯¢å®Œæˆ 
[GIN] 2025/11/18 - 11:58:44 | 20251118115844665786584fPxxnz4x | 200 |    2.144959ms |             ::1 |     GET /api/status
[SYS] 2025/11/18 - 11:58:58 | ä»»åŠ¡è¿›åº¦è½®è¯¢å¼€å§‹ 
[SYS] 2025/11/18 - 11:58:58 | ä»»åŠ¡è¿›åº¦è½®è¯¢å®Œæˆ 
[SYS] 2025/11/18 - 11:59:12 | æ­£åœ¨æ›´æ–°æ•°æ®çœ‹æ¿æ•°æ®... 
[SYS] 2025/11/18 - 11:59:12 | ä¿å­˜æ•°æ®çœ‹æ¿æ•°æ®æˆåŠŸï¼Œå…±ä¿å­˜0æ¡æ•°æ® 
[SYS] 2025/11/18 - 11:59:12 | syncing options from database 
[SYS] 2025/11/18 - 11:59:13 | syncing channels from database 
[SYS] 2025/11/18 - 11:59:13 | channels synced from database 
[SYS] 2025/11/18 - 11:59:13 | ä»»åŠ¡è¿›åº¦è½®è¯¢å¼€å§‹ 
[SYS] 2025/11/18 - 11:59:13 | ä»»åŠ¡è¿›åº¦è½®è¯¢å®Œæˆ 
[GIN] 2025/11/18 - 11:59:14 | 2025111811591474258037631eBMqR7 | 200 |       749.5Âµs |             ::1 |     GET /api/status
[SYS] 2025/11/18 - 11:59:28 | ä»»åŠ¡è¿›åº¦è½®è¯¢å¼€å§‹ 
[SYS] 2025/11/18 - 11:59:28 | ä»»åŠ¡è¿›åº¦è½®è¯¢å®Œæˆ 
[SYS] 2025/11/18 - 11:59:43 | ä»»åŠ¡è¿›åº¦è½®è¯¢å¼€å§‹ 
[SYS] 2025/11/18 - 11:59:43 | ä»»åŠ¡è¿›åº¦è½®è¯¢å®Œæˆ 
[GIN] 2025/11/18 - 11:59:44 | 20251118115944836100376DRHrGe1s | 200 |    2.191042ms |             ::1 |     GET /api/status
[SYS] 2025/11/18 - 11:59:58 | ä»»åŠ¡è¿›åº¦è½®è¯¢å¼€å§‹ 
[SYS] 2025/11/18 - 11:59:58 | ä»»åŠ¡è¿›åº¦è½®è¯¢å®Œæˆ 
[SYS] 2025/11/18 - 12:00:12 | syncing options from database 
[SYS] 2025/11/18 - 12:00:13 | syncing channels from database 
[SYS] 2025/11/18 - 12:00:13 | channels synced from database 
[SYS] 2025/11/18 - 12:00:13 | ä»»åŠ¡è¿›åº¦è½®è¯¢å¼€å§‹ 
[SYS] 2025/11/18 - 12:00:13 | ä»»åŠ¡è¿›åº¦è½®è¯¢å®Œæˆ 
[GIN] 2025/11/18 - 12:00:14 | 20251118120014924257793LqJyWYQZ | 200 |    1.319375ms |             ::1 |     GET /api/status
[SYS] 2025/11/18 - 12:00:28 | ä»»åŠ¡è¿›åº¦è½®è¯¢å¼€å§‹ 
[SYS] 2025/11/18 - 12:00:28 | ä»»åŠ¡è¿›åº¦è½®è¯¢å®Œæˆ 
[SYS] 2025/11/18 - 12:00:43 | ä»»åŠ¡è¿›åº¦è½®è¯¢å¼€å§‹ 
[SYS] 2025/11/18 - 12:00:43 | ä»»åŠ¡è¿›åº¦è½®è¯¢å®Œæˆ 
[GIN] 2025/11/18 - 12:00:44 | 20251118120044996043626vm1jEKfr | 200 |    1.380625ms |             ::1 |     GET /api/status
[SYS] 2025/11/18 - 12:00:58 | ä»»åŠ¡è¿›åº¦è½®è¯¢å¼€å§‹ 
[SYS] 2025/11/18 - 12:00:58 | ä»»åŠ¡è¿›åº¦è½®è¯¢å®Œæˆ 
[SYS] 2025/11/18 - 12:01:13 | syncing options from database 
[SYS] 2025/11/18 - 12:01:13 | syncing channels from database 
[SYS] 2025/11/18 - 12:01:13 | channels synced from database 
[SYS] 2025/11/18 - 12:01:13 | ä»»åŠ¡è¿›åº¦è½®è¯¢å¼€å§‹ 
[SYS] 2025/11/18 - 12:01:13 | ä»»åŠ¡è¿›åº¦è½®è¯¢å®Œæˆ 
[GIN] 2025/11/18 - 12:01:15 | 2025111812011583426251ec4KdnqO | 200 |    1.173791ms |             ::1 |     GET /api/status
[SYS] 2025/11/18 - 12:01:28 | ä»»åŠ¡è¿›åº¦è½®è¯¢å¼€å§‹ 
[SYS] 2025/11/18 - 12:01:28 | ä»»åŠ¡è¿›åº¦è½®è¯¢å®Œæˆ 
[SYS] 2025/11/18 - 12:01:43 | ä»»åŠ¡è¿›åº¦è½®è¯¢å¼€å§‹ 
[SYS] 2025/11/18 - 12:01:43 | ä»»åŠ¡è¿›åº¦è½®è¯¢å®Œæˆ 
[GIN] 2025/11/18 - 12:01:45 | 20251118120145154722876avJH9Yj2 | 200 |    2.535583ms |             ::1 |     GET /api/status
[SYS] 2025/11/18 - 12:01:58 | ä»»åŠ¡è¿›åº¦è½®è¯¢å¼€å§‹ 
[SYS] 2025/11/18 - 12:01:58 | ä»»åŠ¡è¿›åº¦è½®è¯¢å®Œæˆ 
[SYS] 2025/11/18 - 12:02:13 | syncing options from database 
[SYS] 2025/11/18 - 12:02:13 | syncing channels from database 
[SYS] 2025/11/18 - 12:02:13 | channels synced from database 
[SYS] 2025/11/18 - 12:02:13 | ä»»åŠ¡è¿›åº¦è½®è¯¢å¼€å§‹ 
[SYS] 2025/11/18 - 12:02:13 | ä»»åŠ¡è¿›åº¦è½®è¯¢å®Œæˆ 
[GIN] 2025/11/18 - 12:02:15 | 20251118120215246712459aKtionqL | 200 |    1.198083ms |             ::1 |     GET /api/status
[SYS] 2025/11/18 - 12:02:28 | ä»»åŠ¡è¿›åº¦è½®è¯¢å¼€å§‹ 
[SYS] 2025/11/18 - 12:02:28 | ä»»åŠ¡è¿›åº¦è½®è¯¢å®Œæˆ 
[SYS] 2025/11/18 - 12:02:43 | ä»»åŠ¡è¿›åº¦è½®è¯¢å¼€å§‹ 
[SYS] 2025/11/18 - 12:02:43 | ä»»åŠ¡è¿›åº¦è½®è¯¢å®Œæˆ 
[GIN] 2025/11/18 - 12:02:45 | 20251118120245344465376C7Gq3en8 | 200 |    2.591166ms |             ::1 |     GET /api/status
[SYS] 2025/11/18 - 12:02:58 | ä»»åŠ¡è¿›åº¦è½®è¯¢å¼€å§‹ 
[SYS] 2025/11/18 - 12:02:58 | ä»»åŠ¡è¿›åº¦è½®è¯¢å®Œæˆ 
[SYS] 2025/11/18 - 12:03:13 | syncing options from database 
[SYS] 2025/11/18 - 12:03:13 | syncing channels from database 
[SYS] 2025/11/18 - 12:03:13 | channels synced from database 
[SYS] 2025/11/18 - 12:03:13 | ä»»åŠ¡è¿›åº¦è½®è¯¢å¼€å§‹ 
[SYS] 2025/11/18 - 12:03:13 | ä»»åŠ¡è¿›åº¦è½®è¯¢å®Œæˆ 
[GIN] 2025/11/18 - 12:03:15 | 20251118120315415677501BRGo21oc | 200 |     1.27275ms |             ::1 |     GET /api/status
[SYS] 2025/11/18 - 12:03:28 | ä»»åŠ¡è¿›åº¦è½®è¯¢å¼€å§‹ 
[SYS] 2025/11/18 - 12:03:28 | ä»»åŠ¡è¿›åº¦è½®è¯¢å®Œæˆ 
[SYS] 2025/11/18 - 12:03:43 | ä»»åŠ¡è¿›åº¦è½®è¯¢å¼€å§‹ 
[SYS] 2025/11/18 - 12:03:43 | ä»»åŠ¡è¿›åº¦è½®è¯¢å®Œæˆ 
[GIN] 2025/11/18 - 12:03:45 | 20251118120345526239126rziXENbK | 200 |    2.443292ms |             ::1 |     GET /api/status
[SYS] 2025/11/18 - 12:03:58 | ä»»åŠ¡è¿›åº¦è½®è¯¢å¼€å§‹ 
[SYS] 2025/11/18 - 12:03:58 | ä»»åŠ¡è¿›åº¦è½®è¯¢å®Œæˆ 
[SYS] 2025/11/18 - 12:04:12 | æ­£åœ¨æ›´æ–°æ•°æ®çœ‹æ¿æ•°æ®... 
[SYS] 2025/11/18 - 12:04:12 | ä¿å­˜æ•°æ®çœ‹æ¿æ•°æ®æˆåŠŸï¼Œå…±ä¿å­˜0æ¡æ•°æ® 
[SYS] 2025/11/18 - 12:04:13 | syncing options from database 
[SYS] 2025/11/18 - 12:04:13 | syncing channels from database 
[SYS] 2025/11/18 - 12:04:13 | channels synced from database 
[SYS] 2025/11/18 - 12:04:13 | ä»»åŠ¡è¿›åº¦è½®è¯¢å¼€å§‹ 
[SYS] 2025/11/18 - 12:04:13 | ä»»åŠ¡è¿›åº¦è½®è¯¢å®Œæˆ 
[GIN] 2025/11/18 - 12:04:15 | 20251118120415591080668CSpbXPdQ | 200 |    1.309875ms |             ::1 |     GET /api/status
[SYS] 2025/11/18 - 12:04:28 | ä»»åŠ¡è¿›åº¦è½®è¯¢å¼€å§‹ 
[SYS] 2025/11/18 - 12:04:28 | ä»»åŠ¡è¿›åº¦è½®è¯¢å®Œæˆ 
[SYS] 2025/11/18 - 12:04:43 | ä»»åŠ¡è¿›åº¦è½®è¯¢å¼€å§‹ 
[SYS] 2025/11/18 - 12:04:43 | ä»»åŠ¡è¿›åº¦è½®è¯¢å®Œæˆ 
[GIN] 2025/11/18 - 12:04:45 | 20251118120445656429960HQ8K7EtM | 200 |    1.707833ms |             ::1 |     GET /api/status
[SYS] 2025/11/18 - 12:04:58 | ä»»åŠ¡è¿›åº¦è½®è¯¢å¼€å§‹ 
[SYS] 2025/11/18 - 12:04:58 | ä»»åŠ¡è¿›åº¦è½®è¯¢å®Œæˆ 
[SYS] 2025/11/18 - 12:05:13 | syncing options from database 
[SYS] 2025/11/18 - 12:05:13 | syncing channels from database 
[SYS] 2025/11/18 - 12:05:13 | channels synced from database 
[SYS] 2025/11/18 - 12:05:13 | ä»»åŠ¡è¿›åº¦è½®è¯¢å¼€å§‹ 
[SYS] 2025/11/18 - 12:05:13 | ä»»åŠ¡è¿›åº¦è½®è¯¢å®Œæˆ 
[GIN] 2025/11/18 - 12:05:15 | 2025111812051572183696001BmdeZu | 200 |    1.093416ms |             ::1 |     GET /api/status
[SYS] 2025/11/18 - 12:05:28 | ä»»åŠ¡è¿›åº¦è½®è¯¢å¼€å§‹ 
[SYS] 2025/11/18 - 12:05:28 | ä»»åŠ¡è¿›åº¦è½®è¯¢å®Œæˆ 
[SYS] 2025/11/18 - 12:05:43 | ä»»åŠ¡è¿›åº¦è½®è¯¢å¼€å§‹ 
[SYS] 2025/11/18 - 12:05:43 | ä»»åŠ¡è¿›åº¦è½®è¯¢å®Œæˆ 
[GIN] 2025/11/18 - 12:05:45 | 202511181205457787787939yUSG2BV | 200 |     684.042Âµs |             ::1 |     GET /api/status
[SYS] 2025/11/18 - 12:05:58 | ä»»åŠ¡è¿›åº¦è½®è¯¢å¼€å§‹ 
[SYS] 2025/11/18 - 12:05:58 | ä»»åŠ¡è¿›åº¦è½®è¯¢å®Œæˆ 
[SYS] 2025/11/18 - 12:06:13 | syncing options from database 
[SYS] 2025/11/18 - 12:06:13 | syncing channels from database 
[SYS] 2025/11/18 - 12:06:13 | channels synced from database 
[SYS] 2025/11/18 - 12:06:13 | ä»»åŠ¡è¿›åº¦è½®è¯¢å¼€å§‹ 
[SYS] 2025/11/18 - 12:06:13 | ä»»åŠ¡è¿›åº¦è½®è¯¢å®Œæˆ 
[GIN] 2025/11/18 - 12:06:15 | 20251118120615874110335Uz9eLsYp | 200 |    1.443792ms |             ::1 |     GET /api/status
[SYS] 2025/11/18 - 12:06:28 | ä»»åŠ¡è¿›åº¦è½®è¯¢å¼€å§‹ 
[SYS] 2025/11/18 - 12:06:28 | ä»»åŠ¡è¿›åº¦è½®è¯¢å®Œæˆ 
[SYS] 2025/11/18 - 12:06:43 | ä»»åŠ¡è¿›åº¦è½®è¯¢å¼€å§‹ 
[SYS] 2025/11/18 - 12:06:43 | ä»»åŠ¡è¿›åº¦è½®è¯¢å®Œæˆ 
[GIN] 2025/11/18 - 12:06:45 | 20251118120645946100835aIZZp6S2 | 200 |    1.135333ms |             ::1 |     GET /api/status
[SYS] 2025/11/18 - 12:06:58 | ä»»åŠ¡è¿›åº¦è½®è¯¢å¼€å§‹ 
[SYS] 2025/11/18 - 12:06:58 | ä»»åŠ¡è¿›åº¦è½®è¯¢å®Œæˆ 
[SYS] 2025/11/18 - 12:07:13 | syncing options from database 
[SYS] 2025/11/18 - 12:07:13 | syncing channels from database 
[SYS] 2025/11/18 - 12:07:13 | channels synced from database 
[SYS] 2025/11/18 - 12:07:13 | ä»»åŠ¡è¿›åº¦è½®è¯¢å¼€å§‹ 
[SYS] 2025/11/18 - 12:07:13 | ä»»åŠ¡è¿›åº¦è½®è¯¢å®Œæˆ 
[GIN] 2025/11/18 - 12:07:16 | 2025111812071633565016AM5Wn4Y | 200 |    1.112833ms |             ::1 |     GET /api/status
[SYS] 2025/11/18 - 12:07:28 | ä»»åŠ¡è¿›åº¦è½®è¯¢å¼€å§‹ 
[SYS] 2025/11/18 - 12:07:28 | ä»»åŠ¡è¿›åº¦è½®è¯¢å®Œæˆ 
[SYS] 2025/11/18 - 12:07:43 | ä»»åŠ¡è¿›åº¦è½®è¯¢å¼€å§‹ 
[SYS] 2025/11/18 - 12:07:43 | ä»»åŠ¡è¿›åº¦è½®è¯¢å®Œæˆ 
[GIN] 2025/11/18 - 12:07:46 | 2025111812074672815460gqCE0tX8 | 200 |    1.277167ms |             ::1 |     GET /api/status
[SYS] 2025/11/18 - 12:07:58 | ä»»åŠ¡è¿›åº¦è½®è¯¢å¼€å§‹ 
[SYS] 2025/11/18 - 12:07:58 | ä»»åŠ¡è¿›åº¦è½®è¯¢å®Œæˆ 
[SYS] 2025/11/18 - 12:08:13 | syncing options from database 
[SYS] 2025/11/18 - 12:08:13 | syncing channels from database 
[SYS] 2025/11/18 - 12:08:13 | channels synced from database 
[SYS] 2025/11/18 - 12:08:13 | ä»»åŠ¡è¿›åº¦è½®è¯¢å¼€å§‹ 
[SYS] 2025/11/18 - 12:08:13 | ä»»åŠ¡è¿›åº¦è½®è¯¢å®Œæˆ 
[GIN] 2025/11/18 - 12:08:16 | 20251118120816141094335CIO8dsGa | 200 |    1.178167ms |             ::1 |     GET /api/status
[SYS] 2025/11/18 - 12:08:28 | ä»»åŠ¡è¿›åº¦è½®è¯¢å¼€å§‹ 
[SYS] 2025/11/18 - 12:08:28 | ä»»åŠ¡è¿›åº¦è½®è¯¢å®Œæˆ 
[SYS] 2025/11/18 - 12:08:43 | ä»»åŠ¡è¿›åº¦è½®è¯¢å¼€å§‹ 
[SYS] 2025/11/18 - 12:08:43 | ä»»åŠ¡è¿›åº¦è½®è¯¢å®Œæˆ 
[GIN] 2025/11/18 - 12:08:46 | 20251118120846210885710PR5wSpst | 200 |    2.263084ms |             ::1 |     GET /api/status
[SYS] 2025/11/18 - 12:08:58 | ä»»åŠ¡è¿›åº¦è½®è¯¢å¼€å§‹ 
[SYS] 2025/11/18 - 12:08:58 | ä»»åŠ¡è¿›åº¦è½®è¯¢å®Œæˆ 
[SYS] 2025/11/18 - 12:09:12 | æ­£åœ¨æ›´æ–°æ•°æ®çœ‹æ¿æ•°æ®... 
[SYS] 2025/11/18 - 12:09:12 | ä¿å­˜æ•°æ®çœ‹æ¿æ•°æ®æˆåŠŸï¼Œå…±ä¿å­˜0æ¡æ•°æ® 
[SYS] 2025/11/18 - 12:09:13 | syncing options from database 
[SYS] 2025/11/18 - 12:09:13 | syncing channels from database 
[SYS] 2025/11/18 - 12:09:13 | channels synced from database 
[SYS] 2025/11/18 - 12:09:13 | ä»»åŠ¡è¿›åº¦è½®è¯¢å¼€å§‹ 
[SYS] 2025/11/18 - 12:09:13 | ä»»åŠ¡è¿›åº¦è½®è¯¢å®Œæˆ 
[GIN] 2025/11/18 - 12:09:16 | 20251118120916321968918PAMVRgBL | 200 |     9.24125ms |             ::1 |     GET /api/status
[SYS] 2025/11/18 - 12:09:28 | ä»»åŠ¡è¿›åº¦è½®è¯¢å¼€å§‹ 
[SYS] 2025/11/18 - 12:09:28 | ä»»åŠ¡è¿›åº¦è½®è¯¢å®Œæˆ 
[SYS] 2025/11/18 - 12:10:25 | ä»»åŠ¡è¿›åº¦è½®è¯¢å¼€å§‹ 
[SYS] 2025/11/18 - 12:10:25 | ä»»åŠ¡è¿›åº¦è½®è¯¢å®Œæˆ 
[GIN] 2025/11/18 - 12:10:28 | 20251118121028163953002KaVx8po4 | 200 |     3.12025ms |             ::1 |     GET /api/status
[SYS] 2025/11/18 - 12:10:40 | ä»»åŠ¡è¿›åº¦è½®è¯¢å¼€å§‹ 
[SYS] 2025/11/18 - 12:10:40 | ä»»åŠ¡è¿›åº¦è½®è¯¢å®Œæˆ 
[SYS] 2025/11/18 - 12:10:54 | syncing options from database 
[SYS] 2025/11/18 - 12:10:54 | syncing channels from database 
[SYS] 2025/11/18 - 12:10:54 | channels synced from database 
[SYS] 2025/11/18 - 12:10:55 | ä»»åŠ¡è¿›åº¦è½®è¯¢å¼€å§‹ 
[SYS] 2025/11/18 - 12:10:55 | ä»»åŠ¡è¿›åº¦è½®è¯¢å®Œæˆ 
[GIN] 2025/11/18 - 12:10:58 | 20251118121058229405335qUGuncfa | 200 |     738.625Âµs |             ::1 |     GET /api/status
[SYS] 2025/11/18 - 12:11:10 | ä»»åŠ¡è¿›åº¦è½®è¯¢å¼€å§‹ 
[SYS] 2025/11/18 - 12:11:10 | ä»»åŠ¡è¿›åº¦è½®è¯¢å®Œæˆ 
[SYS] 2025/11/18 - 12:11:25 | ä»»åŠ¡è¿›åº¦è½®è¯¢å¼€å§‹ 
[SYS] 2025/11/18 - 12:11:25 | ä»»åŠ¡è¿›åº¦è½®è¯¢å®Œæˆ 
[GIN] 2025/11/18 - 12:11:28 | 20251118121128291766252Qhaa5iix | 200 |     1.81175ms |             ::1 |     GET /api/status
[SYS] 2025/11/18 - 12:11:40 | ä»»åŠ¡è¿›åº¦è½®è¯¢å¼€å§‹ 
[SYS] 2025/11/18 - 12:11:40 | ä»»åŠ¡è¿›åº¦è½®è¯¢å®Œæˆ 
[SYS] 2025/11/18 - 12:11:54 | syncing options from database 
[SYS] 2025/11/18 - 12:11:54 | syncing channels from database 
[SYS] 2025/11/18 - 12:11:54 | channels synced from database 
[SYS] 2025/11/18 - 12:11:55 | ä»»åŠ¡è¿›åº¦è½®è¯¢å¼€å§‹ 
[SYS] 2025/11/18 - 12:11:55 | ä»»åŠ¡è¿›åº¦è½®è¯¢å®Œæˆ 
[GIN] 2025/11/18 - 12:11:58 | 202511181211583618117525Ynz0sLV | 200 |       1.314ms |             ::1 |     GET /api/status
[SYS] 2025/11/18 - 12:12:10 | ä»»åŠ¡è¿›åº¦è½®è¯¢å¼€å§‹ 
[SYS] 2025/11/18 - 12:12:10 | ä»»åŠ¡è¿›åº¦è½®è¯¢å®Œæˆ 
[SYS] 2025/11/18 - 12:12:25 | ä»»åŠ¡è¿›åº¦è½®è¯¢å¼€å§‹ 
[SYS] 2025/11/18 - 12:12:25 | ä»»åŠ¡è¿›åº¦è½®è¯¢å®Œæˆ 
[GIN] 2025/11/18 - 12:12:28 | 20251118121228618571252fTvWZ4ga | 200 |   19.318083ms |             ::1 |     GET /api/status
[SYS] 2025/11/18 - 12:12:40 | ä»»åŠ¡è¿›åº¦è½®è¯¢å¼€å§‹ 
[SYS] 2025/11/18 - 12:12:40 | ä»»åŠ¡è¿›åº¦è½®è¯¢å®Œæˆ 
[SYS] 2025/11/18 - 12:12:54 | syncing options from database 
[SYS] 2025/11/18 - 12:12:54 | syncing channels from database 
[SYS] 2025/11/18 - 12:12:54 | channels synced from database 
[SYS] 2025/11/18 - 12:12:55 | ä»»åŠ¡è¿›åº¦è½®è¯¢å¼€å§‹ 
[SYS] 2025/11/18 - 12:12:55 | ä»»åŠ¡è¿›åº¦è½®è¯¢å®Œæˆ 
[GIN] 2025/11/18 - 12:12:58 | 20251118121258751536793OEbp2LsW | 200 |    2.812125ms |             ::1 |     GET /api/status
[SYS] 2025/11/18 - 12:13:10 | ä»»åŠ¡è¿›åº¦è½®è¯¢å¼€å§‹ 
[SYS] 2025/11/18 - 12:13:10 | ä»»åŠ¡è¿›åº¦è½®è¯¢å®Œæˆ 
[SYS] 2025/11/18 - 12:13:25 | ä»»åŠ¡è¿›åº¦è½®è¯¢å¼€å§‹ 
[SYS] 2025/11/18 - 12:13:25 | ä»»åŠ¡è¿›åº¦è½®è¯¢å®Œæˆ 
[GIN] 2025/11/18 - 12:13:28 | 20251118121328847169627ja4hSizV | 200 |    3.747458ms |             ::1 |     GET /api/status
[SYS] 2025/11/18 - 12:13:40 | ä»»åŠ¡è¿›åº¦è½®è¯¢å¼€å§‹ 
[SYS] 2025/11/18 - 12:13:40 | ä»»åŠ¡è¿›åº¦è½®è¯¢å®Œæˆ 
[SYS] 2025/11/18 - 12:13:54 | syncing options from database 
[SYS] 2025/11/18 - 12:13:54 | syncing channels from database 
[SYS] 2025/11/18 - 12:13:54 | channels synced from database 
[SYS] 2025/11/18 - 12:13:55 | ä»»åŠ¡è¿›åº¦è½®è¯¢å¼€å§‹ 
[SYS] 2025/11/18 - 12:13:55 | ä»»åŠ¡è¿›åº¦è½®è¯¢å®Œæˆ 
[GIN] 2025/11/18 - 12:13:58 | 202511181213589476585028vDpnmNv | 200 |    2.044666ms |             ::1 |     GET /api/status
[SYS] 2025/11/18 - 12:14:10 | ä»»åŠ¡è¿›åº¦è½®è¯¢å¼€å§‹ 
[SYS] 2025/11/18 - 12:14:10 | ä»»åŠ¡è¿›åº¦è½®è¯¢å®Œæˆ 
[ERR] 2025/11/18 - 12:14:12 | 20251118121412935478800ncuJdnrx | user 0 | æ— æ•ˆçš„ä»¤ç‰Œ 
[GIN] 2025/11/18 - 12:14:12 | 20251118121412935478800ncuJdnrx | 401 |    7.630417ms |    192.168.65.1 |    POST /v1/videos
[ERR] 2025/11/18 - 12:14:12 | 20251118121412955385550FCRUiyWk | user 0 | æ— æ•ˆçš„ä»¤ç‰Œ 
[GIN] 2025/11/18 - 12:14:12 | 20251118121412955385550FCRUiyWk | 401 |    1.107875ms |    192.168.65.1 |    POST /v1/videos
[ERR] 2025/11/18 - 12:14:12 | 20251118121412968227759ifB6DtQR | user 0 | æ— æ•ˆçš„ä»¤ç‰Œ 
[GIN] 2025/11/18 - 12:14:12 | 20251118121412968227759ifB6DtQR | 401 |     858.875Âµs |    192.168.65.1 |    POST /v1/videos
[SYS] 2025/11/18 - 12:14:25 | ä»»åŠ¡è¿›åº¦è½®è¯¢å¼€å§‹ 
[SYS] 2025/11/18 - 12:14:25 | ä»»åŠ¡è¿›åº¦è½®è¯¢å®Œæˆ 
[GIN] 2025/11/18 - 12:14:29 | 202511181214297467835RrDjkURk | 200 |     866.583Âµs |             ::1 |     GET /api/status
[SYS] 2025/11/18 - 12:14:40 | ä»»åŠ¡è¿›åº¦è½®è¯¢å¼€å§‹ 
[SYS] 2025/11/18 - 12:14:40 | ä»»åŠ¡è¿›åº¦è½®è¯¢å®Œæˆ 
[ERR] 2025/11/18 - 12:14:50 | 20251118121450644842846yX89avi4 | user 0 | æœªæä¾›ä»¤ç‰Œ 
[GIN] 2025/11/18 - 12:14:50 | 20251118121450644842846yX89avi4 | 401 |      729.75Âµs |    192.168.65.1 |    POST /v1/videos
[ERR] 2025/11/18 - 12:14:50 | 20251118121450721127554gW1AwLd2 | user 0 | æœªæä¾›ä»¤ç‰Œ 
[GIN] 2025/11/18 - 12:14:50 | 20251118121450721127554gW1AwLd2 | 401 |     314.042Âµs |    192.168.65.1 |    POST /v1/videos
[ERR] 2025/11/18 - 12:14:50 | 20251118121450744275554LYvoaPFe | user 0 | æœªæä¾›ä»¤ç‰Œ 
[GIN] 2025/11/18 - 12:14:50 | 20251118121450744275554LYvoaPFe | 401 |     378.625Âµs |    192.168.65.1 |    POST /v1/videos
[SYS] 2025/11/18 - 12:14:54 | æ­£åœ¨æ›´æ–°æ•°æ®çœ‹æ¿æ•°æ®... 
[SYS] 2025/11/18 - 12:14:54 | ä¿å­˜æ•°æ®çœ‹æ¿æ•°æ®æˆåŠŸï¼Œå…±ä¿å­˜0æ¡æ•°æ® 
[SYS] 2025/11/18 - 12:14:54 | syncing options from database 
[SYS] 2025/11/18 - 12:14:54 | syncing channels from database 
[SYS] 2025/11/18 - 12:14:54 | channels synced from database 
[SYS] 2025/11/18 - 12:14:55 | ä»»åŠ¡è¿›åº¦è½®è¯¢å¼€å§‹ 
[SYS] 2025/11/18 - 12:14:55 | ä»»åŠ¡è¿›åº¦è½®è¯¢å®Œæˆ 
[GIN] 2025/11/18 - 12:14:59 | 2025111812145973194919HNXLErdb | 200 |     722.917Âµs |             ::1 |     GET /api/status
[SYS] 2025/11/18 - 12:15:10 | ä»»åŠ¡è¿›åº¦è½®è¯¢å¼€å§‹ 
[SYS] 2025/11/18 - 12:15:10 | ä»»åŠ¡è¿›åº¦è½®è¯¢å®Œæˆ 
[SYS] 2025/11/18 - 12:15:25 | ä»»åŠ¡è¿›åº¦è½®è¯¢å¼€å§‹ 
[SYS] 2025/11/18 - 12:15:25 | ä»»åŠ¡è¿›åº¦è½®è¯¢å®Œæˆ 
[GIN] 2025/11/18 - 12:15:29 | 20251118121529124600919w0iGhzlW | 200 |    1.545208ms |             ::1 |     GET /api/status
[SYS] 2025/11/18 - 12:15:40 | ä»»åŠ¡è¿›åº¦è½®è¯¢å¼€å§‹ 
[SYS] 2025/11/18 - 12:15:40 | ä»»åŠ¡è¿›åº¦è½®è¯¢å®Œæˆ 
[SYS] 2025/11/18 - 12:15:54 | syncing options from database 
[SYS] 2025/11/18 - 12:15:54 | syncing channels from database 
[SYS] 2025/11/18 - 12:15:54 | channels synced from database 
[SYS] 2025/11/18 - 12:15:55 | ä»»åŠ¡è¿›åº¦è½®è¯¢å¼€å§‹ 
[SYS] 2025/11/18 - 12:15:55 | ä»»åŠ¡è¿›åº¦è½®è¯¢å®Œæˆ 
[GIN] 2025/11/18 - 12:15:59 | 20251118121559181691627L2bumsIK | 200 |     623.834Âµs |             ::1 |     GET /api/status
[SYS] 2025/11/18 - 12:16:10 | ä»»åŠ¡è¿›åº¦è½®è¯¢å¼€å§‹ 
[SYS] 2025/11/18 - 12:16:10 | ä»»åŠ¡è¿›åº¦è½®è¯¢å®Œæˆ 
[SYS] 2025/11/18 - 12:16:25 | ä»»åŠ¡è¿›åº¦è½®è¯¢å¼€å§‹ 
[SYS] 2025/11/18 - 12:16:25 | ä»»åŠ¡è¿›åº¦è½®è¯¢å®Œæˆ 
[GIN] 2025/11/18 - 12:16:29 | 20251118121629275579960hTaUb6dT | 200 |    3.272667ms |             ::1 |     GET /api/status
[SYS] 2025/11/18 - 12:16:40 | ä»»åŠ¡è¿›åº¦è½®è¯¢å¼€å§‹ 
[SYS] 2025/11/18 - 12:16:40 | ä»»åŠ¡è¿›åº¦è½®è¯¢å®Œæˆ 
[SYS] 2025/11/18 - 12:16:54 | syncing options from database 
[SYS] 2025/11/18 - 12:16:54 | syncing channels from database 
[SYS] 2025/11/18 - 12:16:54 | channels synced from database 
[SYS] 2025/11/18 - 12:16:55 | ä»»åŠ¡è¿›åº¦è½®è¯¢å¼€å§‹ 
[SYS] 2025/11/18 - 12:16:55 | ä»»åŠ¡è¿›åº¦è½®è¯¢å®Œæˆ 
[GIN] 2025/11/18 - 12:16:59 | 20251118121659329251294SKqvgG05 | 200 |   10.027667ms |             ::1 |     GET /api/status
[SYS] 2025/11/18 - 12:17:11 | ä»»åŠ¡è¿›åº¦è½®è¯¢å¼€å§‹ 
[SYS] 2025/11/18 - 12:17:11 | ä»»åŠ¡è¿›åº¦è½®è¯¢å®Œæˆ 
[SYS] 2025/11/18 - 12:17:26 | ä»»åŠ¡è¿›åº¦è½®è¯¢å¼€å§‹ 
[SYS] 2025/11/18 - 12:17:26 | ä»»åŠ¡è¿›åº¦è½®è¯¢å®Œæˆ 
[GIN] 2025/11/18 - 12:17:29 | 20251118121729406316544R2tlNwlR | 200 |     5.01075ms |             ::1 |     GET /api/status
