[SYS] 2025/11/14 - 16:55:26 | initializing token encoders 
[SYS] 2025/11/14 - 16:55:26 | token encoders initialized 
[SYS] 2025/11/14 - 16:55:26 | using MySQL as database 
[SYS] 2025/11/14 - 16:55:26 | database migration started 
[SYS] 2025/11/14 - 16:55:26 | system is already initialized at: 2025-11-13 18:51:02 +0800 CST 
[SYS] 2025/11/14 - 16:55:26 | SYNC_FREQUENCY not set, use default value 60 
[SYS] 2025/11/14 - 16:55:26 | Redis is enabled 
[SYS] 2025/11/14 - 16:55:26 | New API  started 
[SYS] 2025/11/14 - 16:55:26 | memory cache enabled 
[SYS] 2025/11/14 - 16:55:26 | sync frequency: 60 seconds 
[SYS] 2025/11/14 - 16:55:26 | channels synced from database 
[SYS] 2025/11/14 - 16:55:26 | batch update enabled with interval 5s 
[SYS] 2025/11/14 - 16:55:26 | æ­£åœ¨æ›´æ–°æ•°æ®çœ‹æ¿æ•°æ®... 
[SYS] 2025/11/14 - 16:55:26 | ä¿å­˜æ•°æ®çœ‹æ¿æ•°æ®æˆåŠŸï¼Œå…±ä¿å­˜0æ¡æ•°æ® 

  [32mNew API [0m  ready in 116 ms

  âœ  [1mNetwork:[0m http://172.20.0.4:3000/

[GIN] 2025/11/14 - 16:55:29 | 20251114165529816629261lVCNq9X1 | 200 |   13.667875ms |    192.168.65.1 |     GET /console/token
[GIN] 2025/11/14 - 16:55:30 | 2025111416553084548636AZiBx6xA | 401 |   22.359459ms |    192.168.65.1 |     GET /api/user/self
[GIN] 2025/11/14 - 16:55:30 | 2025111416553091969011eRVKGL95 | 401 |   16.048625ms |    192.168.65.1 |     GET /api/user/self/groups
[GIN] 2025/11/14 - 16:55:30 | 2025111416553092930011k7C9LHAY | 401 |   23.444417ms |    192.168.65.1 |     GET /api/token/?p=1&size=10
[GIN] 2025/11/14 - 16:55:30 | 2025111416553084806636lj40NGAG | 401 |   32.452875ms |    192.168.65.1 |     GET /api/user/models
[GIN] 2025/11/14 - 16:55:30 | 2025111416553096458928HZdkj4Ud | 200 |   21.800875ms |    192.168.65.1 |     GET /api/status
[GIN] 2025/11/14 - 16:55:30 | 20251114165530147825511h2N7nciC | 401 |    1.751584ms |    192.168.65.1 |     GET /api/user/self
[GIN] 2025/11/14 - 16:55:30 | 20251114165530142104470tSCXJcCX | 200 |   12.355875ms |    192.168.65.1 |     GET /login?expired=true
[GIN] 2025/11/14 - 16:55:30 | 20251114165530160584011CxfINTMA | 200 |     577.417Âµs |    192.168.65.1 |     GET /login?expired=true
[GIN] 2025/11/14 - 16:55:30 | 20251114165530295619011zCBdHEVP | 200 |    6.576166ms |    192.168.65.1 |     GET /api/status
[GIN] 2025/11/14 - 16:55:35 | 20251114165535134005139iIUJVcE4 | 200 |  118.855292ms |    192.168.65.1 |    POST /api/user/login?turnstile=
[GIN] 2025/11/14 - 16:55:35 | 20251114165535278946430Urv3ERKJ | 200 |    3.776292ms |    192.168.65.1 |     GET /api/user/self
[GIN] 2025/11/14 - 16:55:35 | 202511141655353458545551jTaQ4Vs | 200 |    1.100208ms |    192.168.65.1 |     GET /api/user/self
[GIN] 2025/11/14 - 16:55:35 | 20251114165535347555889XKEHpDro | 200 |    1.488958ms |    192.168.65.1 |     GET /api/data/?username=&start_timestamp=1763024135&end_timestamp=1763114135&default_time=hour
[GIN] 2025/11/14 - 16:55:35 | 20251114165535376708305u0Ku90Fr | 200 |     604.209Âµs |    192.168.65.1 |     GET /api/uptime/status
[GIN] 2025/11/14 - 16:55:38 | 20251114165538206605376OsuJeAMe | 200 |    4.329167ms |    192.168.65.1 |     GET /api/user/2fa/status
[GIN] 2025/11/14 - 16:55:38 | 20251114165538207801042xqX0qvEh | 200 |    4.866126ms |    192.168.65.1 |     GET /api/status
[GIN] 2025/11/14 - 16:55:38 | 20251114165538206803292Yw5F56VF | 200 |    14.05075ms |    192.168.65.1 |     GET /api/user/self
[GIN] 2025/11/14 - 16:55:38 | 20251114165538225569459dLJHPgr0 | 200 |     3.87625ms |    192.168.65.1 |     GET /api/user/passkey
[SYS] 2025/11/14 - 16:55:41 | ä»»åŠ¡è¿›åº¦è½®è¯¢å¼€å§‹ 
[SYS] 2025/11/14 - 16:55:41 | ä»»åŠ¡è¿›åº¦è½®è¯¢å®Œæˆ 
[GIN] 2025/11/14 - 16:55:46 | 20251114165546145025838Br5yWcfV | 200 |    5.135167ms |    192.168.65.1 |     PUT /api/user/self
[GIN] 2025/11/14 - 16:55:48 | 20251114165548389396297dgOZNRdR | 200 |    3.643958ms |    192.168.65.1 |     GET /api/user/self/groups
[GIN] 2025/11/14 - 16:55:48 | 20251114165548389002839c33C3xVZ | 200 |   10.110209ms |    192.168.65.1 |     GET /api/user/models
[GIN] 2025/11/14 - 16:55:48 | 2025111416554842344383977hIEys0 | 200 |   10.035334ms |    192.168.65.1 |     GET /api/user/self/groups
[GIN] 2025/11/14 - 16:55:48 | 20251114165548423501714JW7nD3nn | 200 |     16.9775ms |    192.168.65.1 |     GET /api/user/models
[GIN] 2025/11/14 - 16:55:49 | 20251114165549734469423fygftZBt | 200 |    4.045625ms |    192.168.65.1 |     GET /api/data/?username=&start_timestamp=1763024149&end_timestamp=1763114149&default_time=hour
[GIN] 2025/11/14 - 16:55:49 | 20251114165549736176465zg1ffZ2h | 200 |    4.138333ms |    192.168.65.1 |     GET /api/user/self
[GIN] 2025/11/14 - 16:55:49 | 20251114165549754936715KhfJjBik | 200 |     727.167Âµs |    192.168.65.1 |     GET /api/uptime/status
[GIN] 2025/11/14 - 16:55:51 | 20251114165551376268840p5ASMc1e | 200 |      7.6735ms |    192.168.65.1 |     GET /api/group/
[GIN] 2025/11/14 - 16:55:51 | 20251114165551376618382lID0IvJU | 200 |    9.630667ms |    192.168.65.1 |     GET /api/channel/models
[GIN] 2025/11/14 - 16:55:51 | 20251114165551382031757L4JJGhbq | 200 |    9.827333ms |    192.168.65.1 |     GET /api/models
[GIN] 2025/11/14 - 16:55:51 | 20251114165551382015882yesLoBOQ | 200 |      12.816ms |    192.168.65.1 |     GET /api/user/2fa/status
[GIN] 2025/11/14 - 16:55:51 | 20251114165551382435757al4BZ99N | 200 |     15.9535ms |    192.168.65.1 |     GET /api/user/passkey
[GIN] 2025/11/14 - 16:55:51 | 20251114165551385139340HTLpuTap | 200 |   17.634959ms |    192.168.65.1 |     GET /api/channel/?p=1&page_size=10&id_sort=false&tag_mode=false
[GIN] 2025/11/14 - 16:55:53 | 2025111416555364255633rQfYqaDs | 200 |    2.285625ms |    192.168.65.1 |     GET /api/group/
[GIN] 2025/11/14 - 16:55:53 | 2025111416555364657008V5gX7TUC | 200 |    5.596042ms |    192.168.65.1 |     GET /api/channel/models
[GIN] 2025/11/14 - 16:55:53 | 2025111416555364168383XptdijPi | 200 |       7.487ms |    192.168.65.1 |     GET /api/channel/1
[GIN] 2025/11/14 - 16:55:53 | 2025111416555389602341MghqV3Oy | 200 |     3.05175ms |    192.168.65.1 |     GET /api/prefill_group/?type=model
[GIN] 2025/11/14 - 16:55:56 | 20251114165556664338510gyMPMRUW | 200 |    4.755333ms |    192.168.65.1 |     GET /api/user/self/groups
[GIN] 2025/11/14 - 16:55:56 | 202511141655566651154264h4VihkT | 200 |   11.838875ms |    192.168.65.1 |     GET /api/user/models
[GIN] 2025/11/14 - 16:55:56 | 20251114165556664339885qcitVse2 | 200 |    14.21625ms |    192.168.65.1 |     GET /api/token/?p=1&size=10
[GIN] 2025/11/14 - 16:55:56 | 20251114165556872853551a6k5iZiY | 200 |     633.292Âµs |             ::1 |     GET /api/status
[SYS] 2025/11/14 - 16:55:56 | ä»»åŠ¡è¿›åº¦è½®è¯¢å¼€å§‹ 
[SYS] 2025/11/14 - 16:55:56 | ä»»åŠ¡è¿›åº¦è½®è¯¢å®Œæˆ 
[INFO] 2025/11/14 - 16:56:07 | 20251114165607538728417TIeV6zAU | ç”¨æˆ· 1 é¢åº¦å……è¶³ä¸”ä¸ºæ— é™é¢åº¦ä»¤ç‰Œ, ä¿¡ä»»ä¸”ä¸éœ€è¦é¢„æ‰£è´¹ 
[ERR] 2025/11/14 - 16:56:07 | 20251114165607538728417TIeV6zAU | channel error (channel #1, status code: 500): failed to parse multipart form 
[INFO] 2025/11/14 - 16:56:07 | 20251114165607538728417TIeV6zAU | record error log: userId=1, channelId=1, modelName=sora-2, tokenName=1, content=failed to parse multipart form 
[ERR] 2025/11/14 - 16:56:07 | 20251114165607538728417TIeV6zAU | relay error: failed to parse multipart form 
[GIN] 2025/11/14 - 16:56:07 | 20251114165607538728417TIeV6zAU | 500 |   31.858375ms |    192.168.65.1 |    POST /v1/images/edits
[SYS] 2025/11/14 - 16:56:11 | ä»»åŠ¡è¿›åº¦è½®è¯¢å¼€å§‹ 
[SYS] 2025/11/14 - 16:56:11 | ä»»åŠ¡è¿›åº¦è½®è¯¢å®Œæˆ 
[SYS] 2025/11/14 - 16:56:26 | syncing options from database 
[SYS] 2025/11/14 - 16:56:26 | syncing channels from database 
[SYS] 2025/11/14 - 16:56:26 | channels synced from database 
[SYS] 2025/11/14 - 16:56:26 | ä»»åŠ¡è¿›åº¦è½®è¯¢å¼€å§‹ 
[SYS] 2025/11/14 - 16:56:26 | ä»»åŠ¡è¿›åº¦è½®è¯¢å®Œæˆ 
[GIN] 2025/11/14 - 16:56:26 | 20251114165626986322551Gst4pEhq | 200 |    2.198167ms |             ::1 |     GET /api/status
[SYS] 2025/11/14 - 16:56:41 | ä»»åŠ¡è¿›åº¦è½®è¯¢å¼€å§‹ 
[SYS] 2025/11/14 - 16:56:42 | ä»»åŠ¡è¿›åº¦è½®è¯¢å®Œæˆ 
[SYS] 2025/11/14 - 16:56:57 | ä»»åŠ¡è¿›åº¦è½®è¯¢å¼€å§‹ 
[SYS] 2025/11/14 - 16:56:57 | ä»»åŠ¡è¿›åº¦è½®è¯¢å®Œæˆ 
[GIN] 2025/11/14 - 16:56:57 | 2025111416565798041510VmTbxnpg | 200 |    3.455208ms |             ::1 |     GET /api/status
[SYS] 2025/11/14 - 16:57:12 | ä»»åŠ¡è¿›åº¦è½®è¯¢å¼€å§‹ 
[SYS] 2025/11/14 - 16:57:12 | ä»»åŠ¡è¿›åº¦è½®è¯¢å®Œæˆ 
[SYS] 2025/11/14 - 16:57:26 | syncing options from database 
[SYS] 2025/11/14 - 16:57:26 | syncing channels from database 
[SYS] 2025/11/14 - 16:57:26 | channels synced from database 
[SYS] 2025/11/14 - 16:57:27 | ä»»åŠ¡è¿›åº¦è½®è¯¢å¼€å§‹ 
[SYS] 2025/11/14 - 16:57:27 | ä»»åŠ¡è¿›åº¦è½®è¯¢å®Œæˆ 
[GIN] 2025/11/14 - 16:57:27 | 20251114165727227602135Pamw70bi | 200 |     2.71125ms |             ::1 |     GET /api/status
[SYS] 2025/11/14 - 16:57:42 | ä»»åŠ¡è¿›åº¦è½®è¯¢å¼€å§‹ 
[SYS] 2025/11/14 - 16:57:42 | ä»»åŠ¡è¿›åº¦è½®è¯¢å®Œæˆ 
[SYS] 2025/11/14 - 16:57:57 | ä»»åŠ¡è¿›åº¦è½®è¯¢å¼€å§‹ 
[SYS] 2025/11/14 - 16:57:57 | ä»»åŠ¡è¿›åº¦è½®è¯¢å®Œæˆ 
[GIN] 2025/11/14 - 16:57:57 | 20251114165757351547552IjxbMLLL | 200 |     2.85575ms |             ::1 |     GET /api/status
[SYS] 2025/11/14 - 16:58:12 | ä»»åŠ¡è¿›åº¦è½®è¯¢å¼€å§‹ 
[SYS] 2025/11/14 - 16:58:12 | ä»»åŠ¡è¿›åº¦è½®è¯¢å®Œæˆ 
[SYS] 2025/11/14 - 16:58:26 | syncing channels from database 
[SYS] 2025/11/14 - 16:58:26 | syncing options from database 
[SYS] 2025/11/14 - 16:58:26 | channels synced from database 
[SYS] 2025/11/14 - 16:58:27 | ä»»åŠ¡è¿›åº¦è½®è¯¢å¼€å§‹ 
[SYS] 2025/11/14 - 16:58:27 | ä»»åŠ¡è¿›åº¦è½®è¯¢å®Œæˆ 
[GIN] 2025/11/14 - 16:58:27 | 20251114165827454504135z77l4rOF | 200 |    2.644334ms |             ::1 |     GET /api/status
[SYS] 2025/11/14 - 16:58:42 | ä»»åŠ¡è¿›åº¦è½®è¯¢å¼€å§‹ 
[SYS] 2025/11/14 - 16:58:42 | ä»»åŠ¡è¿›åº¦è½®è¯¢å®Œæˆ 
[SYS] 2025/11/14 - 16:58:57 | ä»»åŠ¡è¿›åº¦è½®è¯¢å¼€å§‹ 
[SYS] 2025/11/14 - 16:58:57 | ä»»åŠ¡è¿›åº¦è½®è¯¢å®Œæˆ 
[GIN] 2025/11/14 - 16:58:57 | 20251114165857542217177A4R65DIa | 200 |    2.110208ms |             ::1 |     GET /api/status
[SYS] 2025/11/14 - 16:59:12 | ä»»åŠ¡è¿›åº¦è½®è¯¢å¼€å§‹ 
[SYS] 2025/11/14 - 16:59:12 | ä»»åŠ¡è¿›åº¦è½®è¯¢å®Œæˆ 
[SYS] 2025/11/14 - 16:59:26 | syncing options from database 
[SYS] 2025/11/14 - 16:59:26 | syncing channels from database 
[SYS] 2025/11/14 - 16:59:26 | channels synced from database 
[SYS] 2025/11/14 - 16:59:27 | ä»»åŠ¡è¿›åº¦è½®è¯¢å¼€å§‹ 
[SYS] 2025/11/14 - 16:59:27 | ä»»åŠ¡è¿›åº¦è½®è¯¢å®Œæˆ 
[GIN] 2025/11/14 - 16:59:27 | 20251114165927625791593b0fMmhTt | 200 |     628.917Âµs |             ::1 |     GET /api/status
[SYS] 2025/11/14 - 16:59:42 | ä»»åŠ¡è¿›åº¦è½®è¯¢å¼€å§‹ 
[SYS] 2025/11/14 - 16:59:42 | ä»»åŠ¡è¿›åº¦è½®è¯¢å®Œæˆ 
[SYS] 2025/11/14 - 16:59:57 | ä»»åŠ¡è¿›åº¦è½®è¯¢å¼€å§‹ 
[SYS] 2025/11/14 - 16:59:57 | ä»»åŠ¡è¿›åº¦è½®è¯¢å®Œæˆ 
[GIN] 2025/11/14 - 16:59:57 | 20251114165957688494885PBWVbIl4 | 200 |     636.125Âµs |             ::1 |     GET /api/status
[SYS] 2025/11/14 - 17:00:12 | ä»»åŠ¡è¿›åº¦è½®è¯¢å¼€å§‹ 
[SYS] 2025/11/14 - 17:00:12 | ä»»åŠ¡è¿›åº¦è½®è¯¢å®Œæˆ 
[SYS] 2025/11/14 - 17:00:26 | æ­£åœ¨æ›´æ–°æ•°æ®çœ‹æ¿æ•°æ®... 
[SYS] 2025/11/14 - 17:00:26 | ä¿å­˜æ•°æ®çœ‹æ¿æ•°æ®æˆåŠŸï¼Œå…±ä¿å­˜0æ¡æ•°æ® 
[SYS] 2025/11/14 - 17:00:26 | syncing options from database 
[SYS] 2025/11/14 - 17:00:27 | syncing channels from database 
[SYS] 2025/11/14 - 17:00:27 | channels synced from database 
[SYS] 2025/11/14 - 17:00:27 | ä»»åŠ¡è¿›åº¦è½®è¯¢å¼€å§‹ 
[SYS] 2025/11/14 - 17:00:27 | ä»»åŠ¡è¿›åº¦è½®è¯¢å®Œæˆ 
[GIN] 2025/11/14 - 17:00:27 | 20251114170027751553468rFTGPO2s | 200 |    1.337541ms |             ::1 |     GET /api/status
[SYS] 2025/11/14 - 17:00:42 | ä»»åŠ¡è¿›åº¦è½®è¯¢å¼€å§‹ 
[SYS] 2025/11/14 - 17:00:42 | ä»»åŠ¡è¿›åº¦è½®è¯¢å®Œæˆ 
[SYS] 2025/11/14 - 17:00:57 | ä»»åŠ¡è¿›åº¦è½®è¯¢å¼€å§‹ 
[SYS] 2025/11/14 - 17:00:57 | ä»»åŠ¡è¿›åº¦è½®è¯¢å®Œæˆ 
[GIN] 2025/11/14 - 17:00:57 | 20251114170057838544010va5PxwWh | 200 |     745.792Âµs |             ::1 |     GET /api/status
[SYS] 2025/11/14 - 17:01:12 | ä»»åŠ¡è¿›åº¦è½®è¯¢å¼€å§‹ 
[SYS] 2025/11/14 - 17:01:12 | ä»»åŠ¡è¿›åº¦è½®è¯¢å®Œæˆ 
[SYS] 2025/11/14 - 17:01:27 | syncing channels from database 
[SYS] 2025/11/14 - 17:01:27 | syncing options from database 
[SYS] 2025/11/14 - 17:01:27 | channels synced from database 
[SYS] 2025/11/14 - 17:01:27 | ä»»åŠ¡è¿›åº¦è½®è¯¢å¼€å§‹ 
[SYS] 2025/11/14 - 17:01:27 | ä»»åŠ¡è¿›åº¦è½®è¯¢å®Œæˆ 
[GIN] 2025/11/14 - 17:01:27 | 20251114170127901896927e7RMjwBP | 200 |     929.625Âµs |             ::1 |     GET /api/status
[SYS] 2025/11/14 - 17:01:42 | ä»»åŠ¡è¿›åº¦è½®è¯¢å¼€å§‹ 
[SYS] 2025/11/14 - 17:01:42 | ä»»åŠ¡è¿›åº¦è½®è¯¢å®Œæˆ 
[SYS] 2025/11/14 - 17:01:57 | ä»»åŠ¡è¿›åº¦è½®è¯¢å¼€å§‹ 
[SYS] 2025/11/14 - 17:01:57 | ä»»åŠ¡è¿›åº¦è½®è¯¢å®Œæˆ 
[GIN] 2025/11/14 - 17:01:57 | 202511141701579693261351Hc4FWvR | 200 |     418.458Âµs |             ::1 |     GET /api/status
[SYS] 2025/11/14 - 17:02:12 | ä»»åŠ¡è¿›åº¦è½®è¯¢å¼€å§‹ 
[SYS] 2025/11/14 - 17:02:12 | ä»»åŠ¡è¿›åº¦è½®è¯¢å®Œæˆ 
[SYS] 2025/11/14 - 17:02:27 | syncing options from database 
[SYS] 2025/11/14 - 17:02:27 | syncing channels from database 
[SYS] 2025/11/14 - 17:02:27 | channels synced from database 
[SYS] 2025/11/14 - 17:02:27 | ä»»åŠ¡è¿›åº¦è½®è¯¢å¼€å§‹ 
[SYS] 2025/11/14 - 17:02:27 | ä»»åŠ¡è¿›åº¦è½®è¯¢å®Œæˆ 
[GIN] 2025/11/14 - 17:02:28 | 2025111417022843547510ptGTejOp | 200 |     508.458Âµs |             ::1 |     GET /api/status
[SYS] 2025/11/14 - 17:02:42 | ä»»åŠ¡è¿›åº¦è½®è¯¢å¼€å§‹ 
[SYS] 2025/11/14 - 17:02:42 | ä»»åŠ¡è¿›åº¦è½®è¯¢å®Œæˆ 
[SYS] 2025/11/14 - 17:02:57 | ä»»åŠ¡è¿›åº¦è½®è¯¢å¼€å§‹ 
[SYS] 2025/11/14 - 17:02:57 | ä»»åŠ¡è¿›åº¦è½®è¯¢å®Œæˆ 
[GIN] 2025/11/14 - 17:02:58 | 202511141702581135359272Kwwb5i5 | 200 |     519.041Âµs |             ::1 |     GET /api/status
[SYS] 2025/11/14 - 17:03:12 | ä»»åŠ¡è¿›åº¦è½®è¯¢å¼€å§‹ 
[SYS] 2025/11/14 - 17:03:12 | ä»»åŠ¡è¿›åº¦è½®è¯¢å®Œæˆ 
[SYS] 2025/11/14 - 17:03:27 | syncing options from database 
[SYS] 2025/11/14 - 17:03:27 | syncing channels from database 
[SYS] 2025/11/14 - 17:03:27 | channels synced from database 
[SYS] 2025/11/14 - 17:03:27 | ä»»åŠ¡è¿›åº¦è½®è¯¢å¼€å§‹ 
[SYS] 2025/11/14 - 17:03:27 | ä»»åŠ¡è¿›åº¦è½®è¯¢å®Œæˆ 
[GIN] 2025/11/14 - 17:03:28 | 20251114170328173370177SkK34nCB | 200 |      643.25Âµs |             ::1 |     GET /api/status
[SYS] 2025/11/14 - 17:03:42 | ä»»åŠ¡è¿›åº¦è½®è¯¢å¼€å§‹ 
[SYS] 2025/11/14 - 17:03:42 | ä»»åŠ¡è¿›åº¦è½®è¯¢å®Œæˆ 
[SYS] 2025/11/14 - 17:03:57 | ä»»åŠ¡è¿›åº¦è½®è¯¢å¼€å§‹ 
[SYS] 2025/11/14 - 17:03:57 | ä»»åŠ¡è¿›åº¦è½®è¯¢å®Œæˆ 
[GIN] 2025/11/14 - 17:03:58 | 20251114170358257117802ECiE2x5N | 200 |    2.485833ms |             ::1 |     GET /api/status
[SYS] 2025/11/14 - 17:04:12 | ä»»åŠ¡è¿›åº¦è½®è¯¢å¼€å§‹ 
[SYS] 2025/11/14 - 17:04:12 | ä»»åŠ¡è¿›åº¦è½®è¯¢å®Œæˆ 
[SYS] 2025/11/14 - 17:04:27 | syncing options from database 
[SYS] 2025/11/14 - 17:04:27 | syncing channels from database 
[SYS] 2025/11/14 - 17:04:27 | channels synced from database 
[SYS] 2025/11/14 - 17:04:27 | ä»»åŠ¡è¿›åº¦è½®è¯¢å¼€å§‹ 
[SYS] 2025/11/14 - 17:04:27 | ä»»åŠ¡è¿›åº¦è½®è¯¢å®Œæˆ 
[GIN] 2025/11/14 - 17:04:28 | 202511141704283413359692qzcImKR | 200 |     638.875Âµs |             ::1 |     GET /api/status
[SYS] 2025/11/14 - 17:04:42 | ä»»åŠ¡è¿›åº¦è½®è¯¢å¼€å§‹ 
[SYS] 2025/11/14 - 17:04:42 | ä»»åŠ¡è¿›åº¦è½®è¯¢å®Œæˆ 
[SYS] 2025/11/14 - 17:04:57 | ä»»åŠ¡è¿›åº¦è½®è¯¢å¼€å§‹ 
[SYS] 2025/11/14 - 17:04:57 | ä»»åŠ¡è¿›åº¦è½®è¯¢å®Œæˆ 
[GIN] 2025/11/14 - 17:04:58 | 2025111417045841591134479u8BMup | 200 |    1.087417ms |             ::1 |     GET /api/status
[SYS] 2025/11/14 - 17:05:12 | ä»»åŠ¡è¿›åº¦è½®è¯¢å¼€å§‹ 
[SYS] 2025/11/14 - 17:05:12 | ä»»åŠ¡è¿›åº¦è½®è¯¢å®Œæˆ 
[SYS] 2025/11/14 - 17:05:26 | æ­£åœ¨æ›´æ–°æ•°æ®çœ‹æ¿æ•°æ®... 
[SYS] 2025/11/14 - 17:05:26 | ä¿å­˜æ•°æ®çœ‹æ¿æ•°æ®æˆåŠŸï¼Œå…±ä¿å­˜0æ¡æ•°æ® 
[SYS] 2025/11/14 - 17:05:27 | syncing options from database 
[SYS] 2025/11/14 - 17:05:27 | syncing channels from database 
[SYS] 2025/11/14 - 17:05:27 | channels synced from database 
[SYS] 2025/11/14 - 17:05:27 | ä»»åŠ¡è¿›åº¦è½®è¯¢å¼€å§‹ 
[SYS] 2025/11/14 - 17:05:27 | ä»»åŠ¡è¿›åº¦è½®è¯¢å®Œæˆ 
[GIN] 2025/11/14 - 17:05:28 | 20251114170528528882344uaGYipAk | 200 |    3.736708ms |             ::1 |     GET /api/status
[SYS] 2025/11/14 - 17:05:42 | ä»»åŠ¡è¿›åº¦è½®è¯¢å¼€å§‹ 
[SYS] 2025/11/14 - 17:05:42 | ä»»åŠ¡è¿›åº¦è½®è¯¢å®Œæˆ 
[SYS] 2025/11/14 - 17:05:57 | ä»»åŠ¡è¿›åº¦è½®è¯¢å¼€å§‹ 
[SYS] 2025/11/14 - 17:05:57 | ä»»åŠ¡è¿›åº¦è½®è¯¢å®Œæˆ 
[GIN] 2025/11/14 - 17:05:58 | 20251114170558599239219wdNinopJ | 200 |     562.916Âµs |             ::1 |     GET /api/status
[SYS] 2025/11/14 - 17:06:12 | ä»»åŠ¡è¿›åº¦è½®è¯¢å¼€å§‹ 
[SYS] 2025/11/14 - 17:06:12 | ä»»åŠ¡è¿›åº¦è½®è¯¢å®Œæˆ 
[SYS] 2025/11/14 - 17:06:27 | syncing options from database 
[SYS] 2025/11/14 - 17:06:27 | syncing channels from database 
[SYS] 2025/11/14 - 17:06:27 | channels synced from database 
[SYS] 2025/11/14 - 17:06:27 | ä»»åŠ¡è¿›åº¦è½®è¯¢å¼€å§‹ 
[SYS] 2025/11/14 - 17:06:27 | ä»»åŠ¡è¿›åº¦è½®è¯¢å®Œæˆ 
[GIN] 2025/11/14 - 17:06:28 | 20251114170628677297927zDMmw2Zc | 200 |     714.625Âµs |             ::1 |     GET /api/status
[SYS] 2025/11/14 - 17:06:42 | ä»»åŠ¡è¿›åº¦è½®è¯¢å¼€å§‹ 
[SYS] 2025/11/14 - 17:06:42 | ä»»åŠ¡è¿›åº¦è½®è¯¢å®Œæˆ 
[SYS] 2025/11/14 - 17:06:57 | ä»»åŠ¡è¿›åº¦è½®è¯¢å¼€å§‹ 
[SYS] 2025/11/14 - 17:06:57 | ä»»åŠ¡è¿›åº¦è½®è¯¢å®Œæˆ 
[GIN] 2025/11/14 - 17:06:58 | 20251114170658750112927cKPiOymO | 200 |     625.541Âµs |             ::1 |     GET /api/status
[SYS] 2025/11/14 - 17:07:12 | ä»»åŠ¡è¿›åº¦è½®è¯¢å¼€å§‹ 
[SYS] 2025/11/14 - 17:07:12 | ä»»åŠ¡è¿›åº¦è½®è¯¢å®Œæˆ 
[SYS] 2025/11/14 - 17:07:27 | syncing options from database 
[SYS] 2025/11/14 - 17:07:27 | syncing channels from database 
[SYS] 2025/11/14 - 17:07:27 | channels synced from database 
[SYS] 2025/11/14 - 17:07:27 | ä»»åŠ¡è¿›åº¦è½®è¯¢å¼€å§‹ 
[SYS] 2025/11/14 - 17:07:27 | ä»»åŠ¡è¿›åº¦è½®è¯¢å®Œæˆ 
[GIN] 2025/11/14 - 17:07:28 | 20251114170728826319844Cz7ZtON8 | 200 |    1.006209ms |             ::1 |     GET /api/status
[SYS] 2025/11/14 - 17:07:42 | ä»»åŠ¡è¿›åº¦è½®è¯¢å¼€å§‹ 
[SYS] 2025/11/14 - 17:07:42 | ä»»åŠ¡è¿›åº¦è½®è¯¢å®Œæˆ 
[SYS] 2025/11/14 - 17:07:57 | ä»»åŠ¡è¿›åº¦è½®è¯¢å¼€å§‹ 
[SYS] 2025/11/14 - 17:07:57 | ä»»åŠ¡è¿›åº¦è½®è¯¢å®Œæˆ 
[GIN] 2025/11/14 - 17:07:58 | 20251114170758902317136izdYmjd8 | 200 |     814.833Âµs |             ::1 |     GET /api/status
[SYS] 2025/11/14 - 17:08:12 | ä»»åŠ¡è¿›åº¦è½®è¯¢å¼€å§‹ 
[SYS] 2025/11/14 - 17:08:12 | ä»»åŠ¡è¿›åº¦è½®è¯¢å®Œæˆ 
[SYS] 2025/11/14 - 17:08:27 | syncing options from database 
[SYS] 2025/11/14 - 17:08:27 | syncing channels from database 
[SYS] 2025/11/14 - 17:08:27 | channels synced from database 
[SYS] 2025/11/14 - 17:08:27 | ä»»åŠ¡è¿›åº¦è½®è¯¢å¼€å§‹ 
[SYS] 2025/11/14 - 17:08:27 | ä»»åŠ¡è¿›åº¦è½®è¯¢å®Œæˆ 
[GIN] 2025/11/14 - 17:08:28 | 20251114170828962625886KLIQzHHT | 200 |     417.042Âµs |             ::1 |     GET /api/status
[SYS] 2025/11/14 - 17:08:42 | ä»»åŠ¡è¿›åº¦è½®è¯¢å¼€å§‹ 
[SYS] 2025/11/14 - 17:08:42 | ä»»åŠ¡è¿›åº¦è½®è¯¢å®Œæˆ 
[SYS] 2025/11/14 - 17:08:57 | ä»»åŠ¡è¿›åº¦è½®è¯¢å¼€å§‹ 
[SYS] 2025/11/14 - 17:08:57 | ä»»åŠ¡è¿›åº¦è½®è¯¢å®Œæˆ 
[GIN] 2025/11/14 - 17:08:59 | 2025111417085943264677HqZzOx5u | 200 |     557.667Âµs |             ::1 |     GET /api/status
[SYS] 2025/11/14 - 17:09:12 | ä»»åŠ¡è¿›åº¦è½®è¯¢å¼€å§‹ 
[SYS] 2025/11/14 - 17:09:12 | ä»»åŠ¡è¿›åº¦è½®è¯¢å®Œæˆ 
[SYS] 2025/11/14 - 17:09:27 | syncing options from database 
[SYS] 2025/11/14 - 17:09:27 | syncing channels from database 
[SYS] 2025/11/14 - 17:09:27 | channels synced from database 
[SYS] 2025/11/14 - 17:09:27 | ä»»åŠ¡è¿›åº¦è½®è¯¢å¼€å§‹ 
[SYS] 2025/11/14 - 17:09:27 | ä»»åŠ¡è¿›åº¦è½®è¯¢å®Œæˆ 
[GIN] 2025/11/14 - 17:09:29 | 20251114170929138803511Ce26e9FQ | 200 |    2.347042ms |             ::1 |     GET /api/status
[SYS] 2025/11/14 - 17:09:42 | ä»»åŠ¡è¿›åº¦è½®è¯¢å¼€å§‹ 
[SYS] 2025/11/14 - 17:09:42 | ä»»åŠ¡è¿›åº¦è½®è¯¢å®Œæˆ 
[SYS] 2025/11/14 - 17:09:57 | ä»»åŠ¡è¿›åº¦è½®è¯¢å¼€å§‹ 
[SYS] 2025/11/14 - 17:09:57 | ä»»åŠ¡è¿›åº¦è½®è¯¢å®Œæˆ 
[GIN] 2025/11/14 - 17:09:59 | 20251114170959257057636EkhbnviG | 200 |    2.126333ms |             ::1 |     GET /api/status
[SYS] 2025/11/14 - 17:10:12 | ä»»åŠ¡è¿›åº¦è½®è¯¢å¼€å§‹ 
[SYS] 2025/11/14 - 17:10:12 | ä»»åŠ¡è¿›åº¦è½®è¯¢å®Œæˆ 
[SYS] 2025/11/14 - 17:10:26 | æ­£åœ¨æ›´æ–°æ•°æ®çœ‹æ¿æ•°æ®... 
[SYS] 2025/11/14 - 17:10:26 | ä¿å­˜æ•°æ®çœ‹æ¿æ•°æ®æˆåŠŸï¼Œå…±ä¿å­˜0æ¡æ•°æ® 
[SYS] 2025/11/14 - 17:10:27 | syncing options from database 
[SYS] 2025/11/14 - 17:10:27 | syncing channels from database 
[SYS] 2025/11/14 - 17:10:27 | channels synced from database 
[SYS] 2025/11/14 - 17:10:27 | ä»»åŠ¡è¿›åº¦è½®è¯¢å¼€å§‹ 
[SYS] 2025/11/14 - 17:10:27 | ä»»åŠ¡è¿›åº¦è½®è¯¢å®Œæˆ 
[GIN] 2025/11/14 - 17:10:29 | 20251114171029347755427XPcMAMce | 200 |     991.875Âµs |             ::1 |     GET /api/status
[SYS] 2025/11/14 - 17:10:42 | ä»»åŠ¡è¿›åº¦è½®è¯¢å¼€å§‹ 
[SYS] 2025/11/14 - 17:10:42 | ä»»åŠ¡è¿›åº¦è½®è¯¢å®Œæˆ 
[SYS] 2025/11/14 - 17:10:57 | ä»»åŠ¡è¿›åº¦è½®è¯¢å¼€å§‹ 
[SYS] 2025/11/14 - 17:10:57 | ä»»åŠ¡è¿›åº¦è½®è¯¢å®Œæˆ 
[GIN] 2025/11/14 - 17:10:59 | 20251114171059456785802PnRzem0Y | 200 |     2.02725ms |             ::1 |     GET /api/status
[SYS] 2025/11/14 - 17:11:12 | ä»»åŠ¡è¿›åº¦è½®è¯¢å¼€å§‹ 
[SYS] 2025/11/14 - 17:11:12 | ä»»åŠ¡è¿›åº¦è½®è¯¢å®Œæˆ 
[SYS] 2025/11/14 - 17:11:27 | syncing options from database 
[SYS] 2025/11/14 - 17:11:27 | syncing channels from database 
[SYS] 2025/11/14 - 17:11:27 | channels synced from database 
[SYS] 2025/11/14 - 17:11:27 | ä»»åŠ¡è¿›åº¦è½®è¯¢å¼€å§‹ 
[SYS] 2025/11/14 - 17:11:27 | ä»»åŠ¡è¿›åº¦è½®è¯¢å®Œæˆ 
[GIN] 2025/11/14 - 17:11:29 | 20251114171129569721303unW3lWRs | 200 |       3.258ms |             ::1 |     GET /api/status
[SYS] 2025/11/14 - 17:11:42 | ä»»åŠ¡è¿›åº¦è½®è¯¢å¼€å§‹ 
[SYS] 2025/11/14 - 17:11:42 | ä»»åŠ¡è¿›åº¦è½®è¯¢å®Œæˆ 
[SYS] 2025/11/14 - 17:11:57 | ä»»åŠ¡è¿›åº¦è½®è¯¢å¼€å§‹ 
[SYS] 2025/11/14 - 17:11:57 | ä»»åŠ¡è¿›åº¦è½®è¯¢å®Œæˆ 
[GIN] 2025/11/14 - 17:11:59 | 20251114171159638052303eE2ZZtW2 | 200 |     567.292Âµs |             ::1 |     GET /api/status
[SYS] 2025/11/14 - 17:12:12 | ä»»åŠ¡è¿›åº¦è½®è¯¢å¼€å§‹ 
[SYS] 2025/11/14 - 17:12:12 | ä»»åŠ¡è¿›åº¦è½®è¯¢å®Œæˆ 
[SYS] 2025/11/14 - 17:12:27 | syncing options from database 
[SYS] 2025/11/14 - 17:12:27 | syncing channels from database 
[SYS] 2025/11/14 - 17:12:27 | channels synced from database 
[SYS] 2025/11/14 - 17:12:27 | ä»»åŠ¡è¿›åº¦è½®è¯¢å¼€å§‹ 
[SYS] 2025/11/14 - 17:12:27 | ä»»åŠ¡è¿›åº¦è½®è¯¢å®Œæˆ 
[GIN] 2025/11/14 - 17:12:29 | 20251114171229763937219hQEZzWXg | 200 |    2.342708ms |             ::1 |     GET /api/status
[SYS] 2025/11/14 - 17:12:42 | ä»»åŠ¡è¿›åº¦è½®è¯¢å¼€å§‹ 
[SYS] 2025/11/14 - 17:12:42 | ä»»åŠ¡è¿›åº¦è½®è¯¢å®Œæˆ 
[SYS] 2025/11/14 - 17:12:57 | ä»»åŠ¡è¿›åº¦è½®è¯¢å¼€å§‹ 
[SYS] 2025/11/14 - 17:12:57 | ä»»åŠ¡è¿›åº¦è½®è¯¢å®Œæˆ 
[GIN] 2025/11/14 - 17:12:59 | 20251114171259848389719qHuWkaQl | 200 |       1.849ms |             ::1 |     GET /api/status
[SYS] 2025/11/14 - 17:13:12 | ä»»åŠ¡è¿›åº¦è½®è¯¢å¼€å§‹ 
[SYS] 2025/11/14 - 17:13:12 | ä»»åŠ¡è¿›åº¦è½®è¯¢å®Œæˆ 
