[SYS] 2025/11/19 - 11:54:50 | initializing token encoders 
[SYS] 2025/11/19 - 11:54:50 | token encoders initialized 
[SYS] 2025/11/19 - 11:54:50 | using MySQL as database 
[SYS] 2025/11/19 - 11:54:50 | database migration started 
[SYS] 2025/11/19 - 11:54:51 | system is already initialized at: 2025-11-13 18:51:02 +0800 CST 
[SYS] 2025/11/19 - 11:54:51 | SYNC_FREQUENCY not set, use default value 60 
[SYS] 2025/11/19 - 11:54:51 | Redis is enabled 
[SYS] 2025/11/19 - 11:54:51 | New API  started 
[SYS] 2025/11/19 - 11:54:51 | memory cache enabled 
[SYS] 2025/11/19 - 11:54:51 | sync frequency: 60 seconds 
[SYS] 2025/11/19 - 11:54:51 | channels synced from database 
[SYS] 2025/11/19 - 11:54:51 | batch update enabled with interval 5s 
[SYS] 2025/11/19 - 11:54:51 | æ­£åœ¨æ›´æ–°æ•°æ®çœ‹æ¿æ•°æ®... 
[SYS] 2025/11/19 - 11:54:51 | ä¿å­˜æ•°æ®çœ‹æ¿æ•°æ®æˆåŠŸï¼Œå…±ä¿å­˜0æ¡æ•°æ® 

  [32mNew API [0m  ready in 236 ms

  âœ  [1mNetwork:[0m http://172.20.0.4:3000/

[SYS] 2025/11/19 - 11:55:06 | ä»»åŠ¡è¿›åº¦è½®è¯¢å¼€å§‹ 
[SYS] 2025/11/19 - 11:55:06 | ä»»åŠ¡è¿›åº¦è½®è¯¢å®Œæˆ 
[GIN] 2025/11/19 - 11:55:20 | 20251119115520897760883n2uHbKsq | 200 |     2.49575ms |             ::1 |     GET /api/status
[SYS] 2025/11/19 - 11:55:21 | ä»»åŠ¡è¿›åº¦è½®è¯¢å¼€å§‹ 
[SYS] 2025/11/19 - 11:55:21 | ä»»åŠ¡è¿›åº¦è½®è¯¢å®Œæˆ 
[SYS] 2025/11/19 - 11:55:36 | ä»»åŠ¡è¿›åº¦è½®è¯¢å¼€å§‹ 
[SYS] 2025/11/19 - 11:55:36 | ä»»åŠ¡è¿›åº¦è½®è¯¢å®Œæˆ 
[GIN] 2025/11/19 - 11:55:51 | 2025111911555112638841p8hNb1r0 | 200 |        2.96ms |             ::1 |     GET /api/status
[SYS] 2025/11/19 - 11:55:51 | syncing options from database 
[SYS] 2025/11/19 - 11:55:51 | syncing channels from database 
[SYS] 2025/11/19 - 11:55:51 | channels synced from database 
[SYS] 2025/11/19 - 11:55:51 | ä»»åŠ¡è¿›åº¦è½®è¯¢å¼€å§‹ 
[SYS] 2025/11/19 - 11:55:51 | ä»»åŠ¡è¿›åº¦è½®è¯¢å®Œæˆ 
[SYS] 2025/11/19 - 11:56:06 | ä»»åŠ¡è¿›åº¦è½®è¯¢å¼€å§‹ 
[SYS] 2025/11/19 - 11:56:06 | ä»»åŠ¡è¿›åº¦è½®è¯¢å®Œæˆ 
[GIN] 2025/11/19 - 11:56:21 | 2025111911562176512341NK8Lk5y2 | 200 |       1.698ms |             ::1 |     GET /api/status
[SYS] 2025/11/19 - 11:56:21 | ä»»åŠ¡è¿›åº¦è½®è¯¢å¼€å§‹ 
[SYS] 2025/11/19 - 11:56:21 | ä»»åŠ¡è¿›åº¦è½®è¯¢å®Œæˆ 
[SYS] 2025/11/19 - 11:56:36 | ä»»åŠ¡è¿›åº¦è½®è¯¢å¼€å§‹ 
[SYS] 2025/11/19 - 11:56:36 | ä»»åŠ¡è¿›åº¦è½®è¯¢å®Œæˆ 
[SYS] 2025/11/19 - 11:56:51 | syncing options from database 
[SYS] 2025/11/19 - 11:56:51 | syncing channels from database 
[SYS] 2025/11/19 - 11:56:51 | channels synced from database 
[SYS] 2025/11/19 - 11:56:51 | ä»»åŠ¡è¿›åº¦è½®è¯¢å¼€å§‹ 
[GIN] 2025/11/19 - 11:56:51 | 20251119115651194387466l8sf1hc8 | 200 |    2.827584ms |             ::1 |     GET /api/status
[SYS] 2025/11/19 - 11:56:51 | ä»»åŠ¡è¿›åº¦è½®è¯¢å®Œæˆ 
[SYS] 2025/11/19 - 11:57:06 | ä»»åŠ¡è¿›åº¦è½®è¯¢å¼€å§‹ 
[SYS] 2025/11/19 - 11:57:06 | ä»»åŠ¡è¿›åº¦è½®è¯¢å®Œæˆ 
[SYS] 2025/11/19 - 11:57:21 | ä»»åŠ¡è¿›åº¦è½®è¯¢å¼€å§‹ 
[SYS] 2025/11/19 - 11:57:21 | ä»»åŠ¡è¿›åº¦è½®è¯¢å®Œæˆ 
[GIN] 2025/11/19 - 11:57:21 | 20251119115721289299174IqvgsNyO | 200 |    2.704709ms |             ::1 |     GET /api/status
[SYS] 2025/11/19 - 11:57:36 | ä»»åŠ¡è¿›åº¦è½®è¯¢å¼€å§‹ 
[SYS] 2025/11/19 - 11:57:36 | ä»»åŠ¡è¿›åº¦è½®è¯¢å®Œæˆ 
[SYS] 2025/11/19 - 11:57:51 | syncing options from database 
[SYS] 2025/11/19 - 11:57:51 | syncing channels from database 
[SYS] 2025/11/19 - 11:57:51 | channels synced from database 
[SYS] 2025/11/19 - 11:57:51 | ä»»åŠ¡è¿›åº¦è½®è¯¢å¼€å§‹ 
[SYS] 2025/11/19 - 11:57:51 | ä»»åŠ¡è¿›åº¦è½®è¯¢å®Œæˆ 
[GIN] 2025/11/19 - 11:57:51 | 20251119115751389906300b1VwriSe | 200 |    2.126083ms |             ::1 |     GET /api/status
[SYS] 2025/11/19 - 11:58:06 | ä»»åŠ¡è¿›åº¦è½®è¯¢å¼€å§‹ 
[SYS] 2025/11/19 - 11:58:06 | ä»»åŠ¡è¿›åº¦è½®è¯¢å®Œæˆ 
[SYS] 2025/11/19 - 11:58:21 | ä»»åŠ¡è¿›åº¦è½®è¯¢å¼€å§‹ 
[SYS] 2025/11/19 - 11:58:21 | ä»»åŠ¡è¿›åº¦è½®è¯¢å®Œæˆ 
[GIN] 2025/11/19 - 11:58:21 | 20251119115821472265675qMe1BPFH | 200 |     425.625Âµs |             ::1 |     GET /api/status
[SYS] 2025/11/19 - 11:58:36 | ä»»åŠ¡è¿›åº¦è½®è¯¢å¼€å§‹ 
[SYS] 2025/11/19 - 11:58:36 | ä»»åŠ¡è¿›åº¦è½®è¯¢å®Œæˆ 
[SYS] 2025/11/19 - 11:58:51 | syncing options from database 
[SYS] 2025/11/19 - 11:58:51 | syncing channels from database 
[SYS] 2025/11/19 - 11:58:51 | channels synced from database 
[SYS] 2025/11/19 - 11:58:51 | ä»»åŠ¡è¿›åº¦è½®è¯¢å¼€å§‹ 
[SYS] 2025/11/19 - 11:58:51 | ä»»åŠ¡è¿›åº¦è½®è¯¢å®Œæˆ 
[GIN] 2025/11/19 - 11:58:51 | 202511191158515720645506qWz29mE | 200 |    3.250291ms |             ::1 |     GET /api/status
[SYS] 2025/11/19 - 11:59:06 | ä»»åŠ¡è¿›åº¦è½®è¯¢å¼€å§‹ 
[SYS] 2025/11/19 - 11:59:06 | ä»»åŠ¡è¿›åº¦è½®è¯¢å®Œæˆ 
[SYS] 2025/11/19 - 11:59:21 | ä»»åŠ¡è¿›åº¦è½®è¯¢å¼€å§‹ 
[SYS] 2025/11/19 - 11:59:21 | ä»»åŠ¡è¿›åº¦è½®è¯¢å®Œæˆ 
[GIN] 2025/11/19 - 11:59:21 | 20251119115921857137883onrXFlja | 200 |       1.595ms |             ::1 |     GET /api/status
[SYS] 2025/11/19 - 11:59:36 | ä»»åŠ¡è¿›åº¦è½®è¯¢å¼€å§‹ 
[SYS] 2025/11/19 - 11:59:36 | ä»»åŠ¡è¿›åº¦è½®è¯¢å®Œæˆ 
[SYS] 2025/11/19 - 11:59:51 | æ­£åœ¨æ›´æ–°æ•°æ®çœ‹æ¿æ•°æ®... 
[SYS] 2025/11/19 - 11:59:51 | ä¿å­˜æ•°æ®çœ‹æ¿æ•°æ®æˆåŠŸï¼Œå…±ä¿å­˜0æ¡æ•°æ® 
[SYS] 2025/11/19 - 11:59:51 | syncing options from database 
[SYS] 2025/11/19 - 11:59:51 | syncing channels from database 
[SYS] 2025/11/19 - 11:59:51 | channels synced from database 
[SYS] 2025/11/19 - 11:59:51 | ä»»åŠ¡è¿›åº¦è½®è¯¢å¼€å§‹ 
[SYS] 2025/11/19 - 11:59:51 | ä»»åŠ¡è¿›åº¦è½®è¯¢å®Œæˆ 
[GIN] 2025/11/19 - 11:59:51 | 20251119115951941125175cfVEabRn | 200 |    1.789458ms |             ::1 |     GET /api/status
[SYS] 2025/11/19 - 12:00:06 | ä»»åŠ¡è¿›åº¦è½®è¯¢å¼€å§‹ 
[SYS] 2025/11/19 - 12:00:06 | ä»»åŠ¡è¿›åº¦è½®è¯¢å®Œæˆ 
[SYS] 2025/11/19 - 12:00:21 | ä»»åŠ¡è¿›åº¦è½®è¯¢å¼€å§‹ 
[SYS] 2025/11/19 - 12:00:21 | ä»»åŠ¡è¿›åº¦è½®è¯¢å®Œæˆ 
[GIN] 2025/11/19 - 12:00:22 | 2025111912002267994842PDSiqZLY | 200 |    2.478958ms |             ::1 |     GET /api/status
[SYS] 2025/11/19 - 12:00:36 | ä»»åŠ¡è¿›åº¦è½®è¯¢å¼€å§‹ 
[SYS] 2025/11/19 - 12:00:36 | ä»»åŠ¡è¿›åº¦è½®è¯¢å®Œæˆ 
[SYS] 2025/11/19 - 12:00:51 | syncing channels from database 
[SYS] 2025/11/19 - 12:00:51 | syncing options from database 
[SYS] 2025/11/19 - 12:00:51 | channels synced from database 
[SYS] 2025/11/19 - 12:00:51 | ä»»åŠ¡è¿›åº¦è½®è¯¢å¼€å§‹ 
[SYS] 2025/11/19 - 12:00:51 | ä»»åŠ¡è¿›åº¦è½®è¯¢å®Œæˆ 
[GIN] 2025/11/19 - 12:00:52 | 20251119120052181821467kW54NoFS | 200 |    3.954125ms |             ::1 |     GET /api/status
[SYS] 2025/11/19 - 12:01:06 | ä»»åŠ¡è¿›åº¦è½®è¯¢å¼€å§‹ 
[SYS] 2025/11/19 - 12:01:06 | ä»»åŠ¡è¿›åº¦è½®è¯¢å®Œæˆ 
[SYS] 2025/11/19 - 12:01:21 | ä»»åŠ¡è¿›åº¦è½®è¯¢å¼€å§‹ 
[SYS] 2025/11/19 - 12:01:21 | ä»»åŠ¡è¿›åº¦è½®è¯¢å®Œæˆ 
[GIN] 2025/11/19 - 12:01:22 | 20251119120122283617300k3eMiZXZ | 200 |    2.671833ms |             ::1 |     GET /api/status
[SYS] 2025/11/19 - 12:01:36 | ä»»åŠ¡è¿›åº¦è½®è¯¢å¼€å§‹ 
[SYS] 2025/11/19 - 12:01:36 | ä»»åŠ¡è¿›åº¦è½®è¯¢å®Œæˆ 
[SYS] 2025/11/19 - 12:01:51 | syncing channels from database 
[SYS] 2025/11/19 - 12:01:51 | syncing options from database 
[SYS] 2025/11/19 - 12:01:51 | channels synced from database 
[SYS] 2025/11/19 - 12:01:51 | ä»»åŠ¡è¿›åº¦è½®è¯¢å¼€å§‹ 
[SYS] 2025/11/19 - 12:01:51 | ä»»åŠ¡è¿›åº¦è½®è¯¢å®Œæˆ 
[GIN] 2025/11/19 - 12:01:52 | 20251119120152394909967ec9z8t2Y | 200 |    2.664708ms |             ::1 |     GET /api/status
[SYS] 2025/11/19 - 12:02:06 | ä»»åŠ¡è¿›åº¦è½®è¯¢å¼€å§‹ 
[SYS] 2025/11/19 - 12:02:06 | ä»»åŠ¡è¿›åº¦è½®è¯¢å®Œæˆ 
[SYS] 2025/11/19 - 12:02:21 | ä»»åŠ¡è¿›åº¦è½®è¯¢å¼€å§‹ 
[SYS] 2025/11/19 - 12:02:21 | ä»»åŠ¡è¿›åº¦è½®è¯¢å®Œæˆ 
[GIN] 2025/11/19 - 12:02:22 | 20251119120222522559758T7svncbM | 200 |    3.008167ms |             ::1 |     GET /api/status
[SYS] 2025/11/19 - 12:02:36 | ä»»åŠ¡è¿›åº¦è½®è¯¢å¼€å§‹ 
[SYS] 2025/11/19 - 12:02:36 | ä»»åŠ¡è¿›åº¦è½®è¯¢å®Œæˆ 
[SYS] 2025/11/19 - 12:02:51 | syncing options from database 
[SYS] 2025/11/19 - 12:02:51 | syncing channels from database 
[SYS] 2025/11/19 - 12:02:51 | channels synced from database 
[SYS] 2025/11/19 - 12:02:51 | ä»»åŠ¡è¿›åº¦è½®è¯¢å¼€å§‹ 
[SYS] 2025/11/19 - 12:02:51 | ä»»åŠ¡è¿›åº¦è½®è¯¢å®Œæˆ 
[GIN] 2025/11/19 - 12:02:52 | 20251119120252601279883lriZuQlR | 200 |     993.792Âµs |             ::1 |     GET /api/status
[SYS] 2025/11/19 - 12:03:06 | ä»»åŠ¡è¿›åº¦è½®è¯¢å¼€å§‹ 
[SYS] 2025/11/19 - 12:03:06 | ä»»åŠ¡è¿›åº¦è½®è¯¢å®Œæˆ 
[SYS] 2025/11/19 - 12:03:21 | ä»»åŠ¡è¿›åº¦è½®è¯¢å¼€å§‹ 
[SYS] 2025/11/19 - 12:03:21 | ä»»åŠ¡è¿›åº¦è½®è¯¢å®Œæˆ 
[GIN] 2025/11/19 - 12:03:22 | 20251119120322674256133tgkXPs5L | 200 |     1.38775ms |             ::1 |     GET /api/status
[SYS] 2025/11/19 - 12:03:36 | ä»»åŠ¡è¿›åº¦è½®è¯¢å¼€å§‹ 
[SYS] 2025/11/19 - 12:03:36 | ä»»åŠ¡è¿›åº¦è½®è¯¢å®Œæˆ 
[SYS] 2025/11/19 - 12:03:51 | syncing options from database 
[SYS] 2025/11/19 - 12:03:51 | syncing channels from database 
[SYS] 2025/11/19 - 12:03:51 | channels synced from database 
[SYS] 2025/11/19 - 12:03:51 | ä»»åŠ¡è¿›åº¦è½®è¯¢å¼€å§‹ 
[SYS] 2025/11/19 - 12:03:51 | ä»»åŠ¡è¿›åº¦è½®è¯¢å®Œæˆ 
[GIN] 2025/11/19 - 12:03:52 | 20251119120352749891883qBlpBDhr | 200 |       635.5Âµs |             ::1 |     GET /api/status
[SYS] 2025/11/19 - 12:04:06 | ä»»åŠ¡è¿›åº¦è½®è¯¢å¼€å§‹ 
[SYS] 2025/11/19 - 12:04:06 | ä»»åŠ¡è¿›åº¦è½®è¯¢å®Œæˆ 
[SYS] 2025/11/19 - 12:04:21 | ä»»åŠ¡è¿›åº¦è½®è¯¢å¼€å§‹ 
[SYS] 2025/11/19 - 12:04:21 | ä»»åŠ¡è¿›åº¦è½®è¯¢å®Œæˆ 
[GIN] 2025/11/19 - 12:04:22 | 20251119120422840767675cOXEGE2s | 200 |    3.747958ms |             ::1 |     GET /api/status
[SYS] 2025/11/19 - 12:04:36 | ä»»åŠ¡è¿›åº¦è½®è¯¢å¼€å§‹ 
[SYS] 2025/11/19 - 12:04:36 | ä»»åŠ¡è¿›åº¦è½®è¯¢å®Œæˆ 
[SYS] 2025/11/19 - 12:04:51 | æ­£åœ¨æ›´æ–°æ•°æ®çœ‹æ¿æ•°æ®... 
[SYS] 2025/11/19 - 12:04:51 | ä¿å­˜æ•°æ®çœ‹æ¿æ•°æ®æˆåŠŸï¼Œå…±ä¿å­˜0æ¡æ•°æ® 
[SYS] 2025/11/19 - 12:04:51 | syncing options from database 
[SYS] 2025/11/19 - 12:04:51 | syncing channels from database 
[SYS] 2025/11/19 - 12:04:51 | channels synced from database 
[SYS] 2025/11/19 - 12:04:51 | ä»»åŠ¡è¿›åº¦è½®è¯¢å¼€å§‹ 
[SYS] 2025/11/19 - 12:04:51 | ä»»åŠ¡è¿›åº¦è½®è¯¢å®Œæˆ 
[GIN] 2025/11/19 - 12:04:52 | 202511191204529387373003VKj0BhX | 200 |    3.113041ms |             ::1 |     GET /api/status
