[SYS] 2025/11/19 - 14:47:29 | initializing token encoders 
[SYS] 2025/11/19 - 14:47:29 | token encoders initialized 
[SYS] 2025/11/19 - 14:47:29 | using MySQL as database 
[SYS] 2025/11/19 - 14:47:29 | database migration started 
[SYS] 2025/11/19 - 14:47:29 | system is already initialized at: 2025-11-13 18:51:02 +0800 CST 
[SYS] 2025/11/19 - 14:47:29 | SYNC_FREQUENCY not set, use default value 60 
[SYS] 2025/11/19 - 14:47:29 | Redis is enabled 
[SYS] 2025/11/19 - 14:47:29 | New API  started 
[SYS] 2025/11/19 - 14:47:29 | memory cache enabled 
[SYS] 2025/11/19 - 14:47:29 | sync frequency: 60 seconds 
[SYS] 2025/11/19 - 14:47:29 | channels synced from database 
[SYS] 2025/11/19 - 14:47:29 | batch update enabled with interval 5s 
[SYS] 2025/11/19 - 14:47:29 | æ­£åœ¨æ›´æ–°æ•°æ®çœ‹æ¿æ•°æ®... 
[SYS] 2025/11/19 - 14:47:29 | ä¿å­˜æ•°æ®çœ‹æ¿æ•°æ®æˆåŠŸï¼Œå…±ä¿å­˜0æ¡æ•°æ® 

  [32mNew API [0m  ready in 231 ms

  âœ  [1mNetwork:[0m http://172.20.0.4:3000/

[ERR] 2025/11/19 - 14:47:39 | 202511191447395844600421MyGccwr | user 0 | æœªæä¾›ä»¤ç‰Œ 
[GIN] 2025/11/19 - 14:47:39 | 202511191447395844600421MyGccwr | 401 |     550.958Âµs |    192.168.65.1 |    POST /v1/chat/completions
[GIN] 2025/11/19 - 14:47:42 | 20251119144742617930002eSWSDNem | 401 |     951.667Âµs |    192.168.65.1 |     GET /api/token/
[SYS] 2025/11/19 - 14:47:44 | ä»»åŠ¡è¿›åº¦è½®è¯¢å¼€å§‹ 
[SYS] 2025/11/19 - 14:47:44 | ä»»åŠ¡è¿›åº¦è½®è¯¢å®Œæˆ 
[GIN] 2025/11/19 - 14:47:59 | 20251119144759783027677SPCa3VF0 | 200 |    5.467084ms |             ::1 |     GET /api/status
[SYS] 2025/11/19 - 14:47:59 | ä»»åŠ¡è¿›åº¦è½®è¯¢å¼€å§‹ 
[SYS] 2025/11/19 - 14:47:59 | ä»»åŠ¡è¿›åº¦è½®è¯¢å®Œæˆ 
[SYS] 2025/11/19 - 14:48:14 | ä»»åŠ¡è¿›åº¦è½®è¯¢å¼€å§‹ 
[SYS] 2025/11/19 - 14:48:14 | ä»»åŠ¡è¿›åº¦è½®è¯¢å®Œæˆ 
[GIN] 2025/11/19 - 14:48:29 | 20251119144829891332927ClyjQIUk | 200 |       4.444ms |             ::1 |     GET /api/status
[SYS] 2025/11/19 - 14:48:29 | syncing channels from database 
[SYS] 2025/11/19 - 14:48:29 | syncing options from database 
[SYS] 2025/11/19 - 14:48:29 | channels synced from database 
[SYS] 2025/11/19 - 14:48:29 | ä»»åŠ¡è¿›åº¦è½®è¯¢å¼€å§‹ 
[SYS] 2025/11/19 - 14:48:29 | ä»»åŠ¡è¿›åº¦è½®è¯¢å®Œæˆ 
[SYS] 2025/11/19 - 14:48:44 | ä»»åŠ¡è¿›åº¦è½®è¯¢å¼€å§‹ 
[SYS] 2025/11/19 - 14:48:44 | ä»»åŠ¡è¿›åº¦è½®è¯¢å®Œæˆ 
[SYS] 2025/11/19 - 14:48:59 | ä»»åŠ¡è¿›åº¦è½®è¯¢å¼€å§‹ 
[SYS] 2025/11/19 - 14:48:59 | ä»»åŠ¡è¿›åº¦è½®è¯¢å®Œæˆ 
[GIN] 2025/11/19 - 14:49:00 | 20251119144859995185427tQHfgdH3 | 200 |   11.538125ms |             ::1 |     GET /api/status
[SYS] 2025/11/19 - 14:49:15 | ä»»åŠ¡è¿›åº¦è½®è¯¢å¼€å§‹ 
[SYS] 2025/11/19 - 14:49:15 | ä»»åŠ¡è¿›åº¦è½®è¯¢å®Œæˆ 
[SYS] 2025/11/19 - 14:49:29 | syncing channels from database 
[SYS] 2025/11/19 - 14:49:29 | syncing options from database 
[SYS] 2025/11/19 - 14:49:29 | channels synced from database 
[SYS] 2025/11/19 - 14:49:30 | ä»»åŠ¡è¿›åº¦è½®è¯¢å¼€å§‹ 
[SYS] 2025/11/19 - 14:49:30 | ä»»åŠ¡è¿›åº¦è½®è¯¢å®Œæˆ 
[GIN] 2025/11/19 - 14:49:30 | 20251119144930877770523ogzn8aY | 200 |    2.176083ms |             ::1 |     GET /api/status
[SYS] 2025/11/19 - 14:49:45 | ä»»åŠ¡è¿›åº¦è½®è¯¢å¼€å§‹ 
[SYS] 2025/11/19 - 14:49:45 | ä»»åŠ¡è¿›åº¦è½®è¯¢å®Œæˆ 
[SYS] 2025/11/19 - 14:50:00 | ä»»åŠ¡è¿›åº¦è½®è¯¢å¼€å§‹ 
[SYS] 2025/11/19 - 14:50:00 | ä»»åŠ¡è¿›åº¦è½®è¯¢å®Œæˆ 
[GIN] 2025/11/19 - 14:50:00 | 20251119145000201177427TGoechT4 | 200 |    2.597834ms |             ::1 |     GET /api/status
[SYS] 2025/11/19 - 14:50:15 | ä»»åŠ¡è¿›åº¦è½®è¯¢å¼€å§‹ 
[SYS] 2025/11/19 - 14:50:15 | ä»»åŠ¡è¿›åº¦è½®è¯¢å®Œæˆ 
[SYS] 2025/11/19 - 14:50:29 | syncing channels from database 
[SYS] 2025/11/19 - 14:50:29 | syncing options from database 
[SYS] 2025/11/19 - 14:50:29 | channels synced from database 
[SYS] 2025/11/19 - 14:50:30 | ä»»åŠ¡è¿›åº¦è½®è¯¢å¼€å§‹ 
[SYS] 2025/11/19 - 14:50:30 | ä»»åŠ¡è¿›åº¦è½®è¯¢å®Œæˆ 
[GIN] 2025/11/19 - 14:50:30 | 20251119145030433183677qpBiTk0l | 200 |   17.473833ms |             ::1 |     GET /api/status
[SYS] 2025/11/19 - 14:50:45 | ä»»åŠ¡è¿›åº¦è½®è¯¢å¼€å§‹ 
[SYS] 2025/11/19 - 14:50:45 | ä»»åŠ¡è¿›åº¦è½®è¯¢å®Œæˆ 
[SYS] 2025/11/19 - 14:51:00 | ä»»åŠ¡è¿›åº¦è½®è¯¢å¼€å§‹ 
[SYS] 2025/11/19 - 14:51:00 | ä»»åŠ¡è¿›åº¦è½®è¯¢å®Œæˆ 
[GIN] 2025/11/19 - 14:51:00 | 20251119145100857260969DfcywAtU | 200 |    7.940625ms |             ::1 |     GET /api/status
[SYS] 2025/11/19 - 14:51:15 | ä»»åŠ¡è¿›åº¦è½®è¯¢å¼€å§‹ 
[SYS] 2025/11/19 - 14:51:15 | ä»»åŠ¡è¿›åº¦è½®è¯¢å®Œæˆ 
[SYS] 2025/11/19 - 14:51:29 | syncing options from database 
[SYS] 2025/11/19 - 14:51:30 | syncing channels from database 
[SYS] 2025/11/19 - 14:51:30 | channels synced from database 
[SYS] 2025/11/19 - 14:51:30 | ä»»åŠ¡è¿›åº¦è½®è¯¢å¼€å§‹ 
[SYS] 2025/11/19 - 14:51:30 | ä»»åŠ¡è¿›åº¦è½®è¯¢å®Œæˆ 
[GIN] 2025/11/19 - 14:51:31 | 20251119145131360983219gIUar8oT | 200 |   14.862958ms |             ::1 |     GET /api/status
[SYS] 2025/11/19 - 14:51:45 | ä»»åŠ¡è¿›åº¦è½®è¯¢å¼€å§‹ 
[SYS] 2025/11/19 - 14:51:45 | ä»»åŠ¡è¿›åº¦è½®è¯¢å®Œæˆ 
